[0.022s] Invoking command in '/home/dtc-mrsd/Downloads/ros2_gimbal_ws/build/gimbal_angle_control': CMAKE_PREFIX_PATH=/opt/ros/humble /usr/bin/cmake /home/dtc-mrsd/Downloads/ros2_gimbal_ws/src/gimbal_angle_control -DCMAKE_INSTALL_PREFIX=/home/dtc-mrsd/Downloads/ros2_gimbal_ws/install/gimbal_angle_control
[0.034s] [0m-- GHADRON: 1[0m
[0.034s] -- Found ament_cmake: 1.3.11 (/opt/ros/humble/share/ament_cmake/cmake)
[0.173s] -- Found rclcpp: 16.0.11 (/opt/ros/humble/share/rclcpp/cmake)
[0.224s] -- Found rosidl_generator_c: 3.1.6 (/opt/ros/humble/share/rosidl_generator_c/cmake)
[0.228s] -- Found rosidl_adapter: 3.1.6 (/opt/ros/humble/share/rosidl_adapter/cmake)
[0.236s] -- Found rosidl_generator_cpp: 3.1.6 (/opt/ros/humble/share/rosidl_generator_cpp/cmake)
[0.251s] -- Using all available rosidl_typesupport_c: rosidl_typesupport_fastrtps_c;rosidl_typesupport_introspection_c
[0.271s] -- Using all available rosidl_typesupport_cpp: rosidl_typesupport_fastrtps_cpp;rosidl_typesupport_introspection_cpp
[0.318s] -- Found rmw_implementation_cmake: 6.1.2 (/opt/ros/humble/share/rmw_implementation_cmake/cmake)
[0.319s] -- Found rmw_fastrtps_cpp: 6.2.7 (/opt/ros/humble/share/rmw_fastrtps_cpp/cmake)
[0.434s] -- Using RMW implementation 'rmw_fastrtps_cpp' as default
[0.482s] -- Found geometry_msgs: 4.2.4 (/opt/ros/humble/share/geometry_msgs/cmake)
[0.968s] -- Found ament_lint_auto: 0.12.11 (/opt/ros/humble/share/ament_lint_auto/cmake)
[1.055s] -- Added test 'cppcheck' to perform static code analysis on C / C++ code
[1.055s] -- Configured cppcheck include dirs: /home/dtc-mrsd/Downloads/ros2_gimbal_ws/src/gimbal_angle_control/include;/home/dtc-mrsd/Downloads/ros2_gimbal_ws/src/gimbal_angle_control/../PayloadSdk/libs;/home/dtc-mrsd/Downloads/ros2_gimbal_ws/src/gimbal_angle_control/../PayloadSdk/libs/x86_64;/home/dtc-mrsd/Downloads/ros2_gimbal_ws/src/gimbal_angle_control/../PayloadSdk/libs/x86_64/payload-define;/home/dtc-mrsd/Downloads/ros2_gimbal_ws/src/gimbal_angle_control/../PayloadSdk/libs/third-party/mavlink/include;/home/dtc-mrsd/Downloads/ros2_gimbal_ws/src/gimbal_angle_control/../PayloadSdk/libs/gSDK/src/mavlink/include/mavlink/v2.0;/home/dtc-mrsd/Downloads/ros2_gimbal_ws/src/gimbal_angle_control/../PayloadSdk/libs/gSDK/src
[1.055s] -- Configured cppcheck exclude dirs and/or files: 
[1.056s] -- Added test 'lint_cmake' to check CMake code style
[1.057s] -- Added test 'uncrustify' to check C / C++ code style
[1.057s] -- Configured uncrustify additional arguments: 
[1.057s] -- Added test 'xmllint' to check XML markup files
[1.058s] -- Configuring done
[1.071s] -- Generating done
[1.077s] -- Build files have been written to: /home/dtc-mrsd/Downloads/ros2_gimbal_ws/build/gimbal_angle_control
[1.085s] Invoked command in '/home/dtc-mrsd/Downloads/ros2_gimbal_ws/build/gimbal_angle_control' returned '0': CMAKE_PREFIX_PATH=/opt/ros/humble /usr/bin/cmake /home/dtc-mrsd/Downloads/ros2_gimbal_ws/src/gimbal_angle_control -DCMAKE_INSTALL_PREFIX=/home/dtc-mrsd/Downloads/ros2_gimbal_ws/install/gimbal_angle_control
[1.087s] Invoking command in '/home/dtc-mrsd/Downloads/ros2_gimbal_ws/build/gimbal_angle_control': CMAKE_PREFIX_PATH=/opt/ros/humble /usr/bin/cmake --build /home/dtc-mrsd/Downloads/ros2_gimbal_ws/build/gimbal_angle_control -- -j12 -l12
[1.126s] [35m[1mConsolidate compiler generated dependencies of target gimbal_angle_control[0m
[1.145s] [100%] Built target gimbal_angle_control
[1.155s] Invoked command in '/home/dtc-mrsd/Downloads/ros2_gimbal_ws/build/gimbal_angle_control' returned '0': CMAKE_PREFIX_PATH=/opt/ros/humble /usr/bin/cmake --build /home/dtc-mrsd/Downloads/ros2_gimbal_ws/build/gimbal_angle_control -- -j12 -l12
[1.156s] Invoking command in '/home/dtc-mrsd/Downloads/ros2_gimbal_ws/build/gimbal_angle_control': CMAKE_PREFIX_PATH=/opt/ros/humble /usr/bin/cmake --install /home/dtc-mrsd/Downloads/ros2_gimbal_ws/build/gimbal_angle_control
[1.164s] -- Install configuration: "Debug"
[1.165s] -- Up-to-date: /home/dtc-mrsd/Downloads/ros2_gimbal_ws/install/gimbal_angle_control/lib/gimbal_angle_control/gimbal_angle_control
[1.165s] -- Up-to-date: /home/dtc-mrsd/Downloads/ros2_gimbal_ws/install/gimbal_angle_control/share/ament_index/resource_index/package_run_dependencies/gimbal_angle_control
[1.165s] -- Up-to-date: /home/dtc-mrsd/Downloads/ros2_gimbal_ws/install/gimbal_angle_control/share/ament_index/resource_index/parent_prefix_path/gimbal_angle_control
[1.165s] -- Up-to-date: /home/dtc-mrsd/Downloads/ros2_gimbal_ws/install/gimbal_angle_control/share/gimbal_angle_control/environment/ament_prefix_path.sh
[1.165s] -- Installing: /home/dtc-mrsd/Downloads/ros2_gimbal_ws/install/gimbal_angle_control/share/gimbal_angle_control/environment/ament_prefix_path.dsv
[1.165s] -- Up-to-date: /home/dtc-mrsd/Downloads/ros2_gimbal_ws/install/gimbal_angle_control/share/gimbal_angle_control/environment/path.sh
[1.165s] -- Installing: /home/dtc-mrsd/Downloads/ros2_gimbal_ws/install/gimbal_angle_control/share/gimbal_angle_control/environment/path.dsv
[1.165s] -- Up-to-date: /home/dtc-mrsd/Downloads/ros2_gimbal_ws/install/gimbal_angle_control/share/gimbal_angle_control/local_setup.bash
[1.166s] -- Up-to-date: /home/dtc-mrsd/Downloads/ros2_gimbal_ws/install/gimbal_angle_control/share/gimbal_angle_control/local_setup.sh
[1.166s] -- Up-to-date: /home/dtc-mrsd/Downloads/ros2_gimbal_ws/install/gimbal_angle_control/share/gimbal_angle_control/local_setup.zsh
[1.166s] -- Installing: /home/dtc-mrsd/Downloads/ros2_gimbal_ws/install/gimbal_angle_control/share/gimbal_angle_control/local_setup.dsv
[1.166s] -- Installing: /home/dtc-mrsd/Downloads/ros2_gimbal_ws/install/gimbal_angle_control/share/gimbal_angle_control/package.dsv
[1.166s] -- Up-to-date: /home/dtc-mrsd/Downloads/ros2_gimbal_ws/install/gimbal_angle_control/share/ament_index/resource_index/packages/gimbal_angle_control
[1.166s] -- Up-to-date: /home/dtc-mrsd/Downloads/ros2_gimbal_ws/install/gimbal_angle_control/share/gimbal_angle_control/cmake/gimbal_angle_controlConfig.cmake
[1.166s] -- Up-to-date: /home/dtc-mrsd/Downloads/ros2_gimbal_ws/install/gimbal_angle_control/share/gimbal_angle_control/cmake/gimbal_angle_controlConfig-version.cmake
[1.166s] -- Up-to-date: /home/dtc-mrsd/Downloads/ros2_gimbal_ws/install/gimbal_angle_control/share/gimbal_angle_control/package.xml
[1.168s] Invoked command in '/home/dtc-mrsd/Downloads/ros2_gimbal_ws/build/gimbal_angle_control' returned '0': CMAKE_PREFIX_PATH=/opt/ros/humble /usr/bin/cmake --install /home/dtc-mrsd/Downloads/ros2_gimbal_ws/build/gimbal_angle_control
