[0.024s] Invoking command in '/home/dtc-mrsd/Downloads/ros2_gimbal_ws/build/image_geometry': CMAKE_PREFIX_PATH=/opt/ros/humble /usr/bin/cmake /home/dtc-mrsd/Downloads/ros2_gimbal_ws/src/vision_opencv/image_geometry -DCMAKE_INSTALL_PREFIX=/home/dtc-mrsd/Downloads/ros2_gimbal_ws/install/image_geometry
[0.038s] -- Found ament_cmake_python: 1.3.11 (/opt/ros/humble/share/ament_cmake_python/cmake)
[0.038s] -- Found ament_cmake_ros: 0.10.0 (/opt/ros/humble/share/ament_cmake_ros/cmake)
[0.267s] -- Found sensor_msgs: 4.2.4 (/opt/ros/humble/share/sensor_msgs/cmake)
[0.295s] -- Found rosidl_generator_c: 3.1.6 (/opt/ros/humble/share/rosidl_generator_c/cmake)
[0.298s] -- Found rosidl_adapter: 3.1.6 (/opt/ros/humble/share/rosidl_adapter/cmake)
[0.304s] -- Found rosidl_generator_cpp: 3.1.6 (/opt/ros/humble/share/rosidl_generator_cpp/cmake)
[0.314s] -- Using all available rosidl_typesupport_c: rosidl_typesupport_fastrtps_c;rosidl_typesupport_introspection_c
[0.332s] -- Using all available rosidl_typesupport_cpp: rosidl_typesupport_fastrtps_cpp;rosidl_typesupport_introspection_cpp
[0.411s] -- Found gtest sources under '/opt/ros/humble/src/gtest_vendor': C++ tests using 'Google Test' will be built
[0.475s] -- Configuring done
[0.488s] -- Generating done
[0.493s] -- Build files have been written to: /home/dtc-mrsd/Downloads/ros2_gimbal_ws/build/image_geometry
[0.498s] Invoked command in '/home/dtc-mrsd/Downloads/ros2_gimbal_ws/build/image_geometry' returned '0': CMAKE_PREFIX_PATH=/opt/ros/humble /usr/bin/cmake /home/dtc-mrsd/Downloads/ros2_gimbal_ws/src/vision_opencv/image_geometry -DCMAKE_INSTALL_PREFIX=/home/dtc-mrsd/Downloads/ros2_gimbal_ws/install/image_geometry
[0.500s] Invoking command in '/home/dtc-mrsd/Downloads/ros2_gimbal_ws/build/image_geometry': CMAKE_PREFIX_PATH=/opt/ros/humble /usr/bin/cmake --build /home/dtc-mrsd/Downloads/ros2_gimbal_ws/build/image_geometry -- -j12 -l12
[0.553s] [35m[1mConsolidate compiler generated dependencies of target image_geometry[0m
[0.553s] [35m[1mConsolidate compiler generated dependencies of target gtest[0m
[0.554s] [35m[1mConsolidate compiler generated dependencies of target gtest_main[0m
[0.570s] [ 33%] Built target image_geometry
[0.574s] [ 77%] Built target gtest
[0.574s] [ 77%] Built target gtest_main
[0.578s] [ 77%] Built target ament_cmake_python_copy_image_geometry
[0.585s] [35m[1mConsolidate compiler generated dependencies of target image_geometry-utest[0m
[0.601s] [100%] Built target image_geometry-utest
[0.854s] running egg_info
[0.855s] writing image_geometry.egg-info/PKG-INFO
[0.855s] writing dependency_links to image_geometry.egg-info/dependency_links.txt
[0.855s] writing top-level names to image_geometry.egg-info/top_level.txt
[0.858s] reading manifest file 'image_geometry.egg-info/SOURCES.txt'
[0.859s] writing manifest file 'image_geometry.egg-info/SOURCES.txt'
[0.885s] [100%] Built target ament_cmake_python_build_image_geometry_egg
[0.894s] Invoked command in '/home/dtc-mrsd/Downloads/ros2_gimbal_ws/build/image_geometry' returned '0': CMAKE_PREFIX_PATH=/opt/ros/humble /usr/bin/cmake --build /home/dtc-mrsd/Downloads/ros2_gimbal_ws/build/image_geometry -- -j12 -l12
[0.904s] Invoking command in '/home/dtc-mrsd/Downloads/ros2_gimbal_ws/build/image_geometry': CMAKE_PREFIX_PATH=/opt/ros/humble /usr/bin/cmake --install /home/dtc-mrsd/Downloads/ros2_gimbal_ws/build/image_geometry
[0.915s] -- Install configuration: ""
[0.915s] -- Up-to-date: /home/dtc-mrsd/Downloads/ros2_gimbal_ws/install/image_geometry/share/image_geometry/environment/pythonpath.sh
[0.915s] -- Installing: /home/dtc-mrsd/Downloads/ros2_gimbal_ws/install/image_geometry/share/image_geometry/environment/pythonpath.dsv
[0.915s] -- Up-to-date: /home/dtc-mrsd/Downloads/ros2_gimbal_ws/install/image_geometry/local/lib/python3.10/dist-packages/image_geometry-3.2.1-py3.10.egg-info
[0.916s] -- Installing: /home/dtc-mrsd/Downloads/ros2_gimbal_ws/install/image_geometry/local/lib/python3.10/dist-packages/image_geometry-3.2.1-py3.10.egg-info/SOURCES.txt
[0.916s] -- Installing: /home/dtc-mrsd/Downloads/ros2_gimbal_ws/install/image_geometry/local/lib/python3.10/dist-packages/image_geometry-3.2.1-py3.10.egg-info/dependency_links.txt
[0.916s] -- Installing: /home/dtc-mrsd/Downloads/ros2_gimbal_ws/install/image_geometry/local/lib/python3.10/dist-packages/image_geometry-3.2.1-py3.10.egg-info/top_level.txt
[0.916s] -- Installing: /home/dtc-mrsd/Downloads/ros2_gimbal_ws/install/image_geometry/local/lib/python3.10/dist-packages/image_geometry-3.2.1-py3.10.egg-info/PKG-INFO
[0.916s] -- Up-to-date: /home/dtc-mrsd/Downloads/ros2_gimbal_ws/install/image_geometry/local/lib/python3.10/dist-packages/image_geometry
[0.916s] -- Up-to-date: /home/dtc-mrsd/Downloads/ros2_gimbal_ws/install/image_geometry/local/lib/python3.10/dist-packages/image_geometry/cameramodels.py
[0.916s] -- Up-to-date: /home/dtc-mrsd/Downloads/ros2_gimbal_ws/install/image_geometry/local/lib/python3.10/dist-packages/image_geometry/__init__.py
[0.950s] Listing '/home/dtc-mrsd/Downloads/ros2_gimbal_ws/install/image_geometry/local/lib/python3.10/dist-packages/image_geometry'...
[0.954s] -- Up-to-date: /home/dtc-mrsd/Downloads/ros2_gimbal_ws/install/image_geometry/include/image_geometry
[0.954s] -- Up-to-date: /home/dtc-mrsd/Downloads/ros2_gimbal_ws/install/image_geometry/include/image_geometry/image_geometry
[0.954s] -- Up-to-date: /home/dtc-mrsd/Downloads/ros2_gimbal_ws/install/image_geometry/include/image_geometry/image_geometry/visibility_control.hpp
[0.955s] -- Up-to-date: /home/dtc-mrsd/Downloads/ros2_gimbal_ws/install/image_geometry/include/image_geometry/image_geometry/stereo_camera_model.h
[0.955s] -- Up-to-date: /home/dtc-mrsd/Downloads/ros2_gimbal_ws/install/image_geometry/include/image_geometry/image_geometry/pinhole_camera_model.h
[0.955s] -- Up-to-date: /home/dtc-mrsd/Downloads/ros2_gimbal_ws/install/image_geometry/lib/libimage_geometry.so
[0.955s] -- Up-to-date: /home/dtc-mrsd/Downloads/ros2_gimbal_ws/install/image_geometry/share/ament_index/resource_index/package_run_dependencies/image_geometry
[0.955s] -- Up-to-date: /home/dtc-mrsd/Downloads/ros2_gimbal_ws/install/image_geometry/share/ament_index/resource_index/parent_prefix_path/image_geometry
[0.955s] -- Up-to-date: /home/dtc-mrsd/Downloads/ros2_gimbal_ws/install/image_geometry/share/image_geometry/environment/ament_prefix_path.sh
[0.955s] -- Installing: /home/dtc-mrsd/Downloads/ros2_gimbal_ws/install/image_geometry/share/image_geometry/environment/ament_prefix_path.dsv
[0.955s] -- Up-to-date: /home/dtc-mrsd/Downloads/ros2_gimbal_ws/install/image_geometry/share/image_geometry/environment/path.sh
[0.956s] -- Installing: /home/dtc-mrsd/Downloads/ros2_gimbal_ws/install/image_geometry/share/image_geometry/environment/path.dsv
[0.956s] -- Up-to-date: /home/dtc-mrsd/Downloads/ros2_gimbal_ws/install/image_geometry/share/image_geometry/local_setup.bash
[0.956s] -- Up-to-date: /home/dtc-mrsd/Downloads/ros2_gimbal_ws/install/image_geometry/share/image_geometry/local_setup.sh
[0.956s] -- Up-to-date: /home/dtc-mrsd/Downloads/ros2_gimbal_ws/install/image_geometry/share/image_geometry/local_setup.zsh
[0.956s] -- Installing: /home/dtc-mrsd/Downloads/ros2_gimbal_ws/install/image_geometry/share/image_geometry/local_setup.dsv
[0.956s] -- Installing: /home/dtc-mrsd/Downloads/ros2_gimbal_ws/install/image_geometry/share/image_geometry/package.dsv
[0.956s] -- Up-to-date: /home/dtc-mrsd/Downloads/ros2_gimbal_ws/install/image_geometry/share/ament_index/resource_index/packages/image_geometry
[0.956s] -- Up-to-date: /home/dtc-mrsd/Downloads/ros2_gimbal_ws/install/image_geometry/share/image_geometry/cmake/export_image_geometryExport.cmake
[0.956s] -- Up-to-date: /home/dtc-mrsd/Downloads/ros2_gimbal_ws/install/image_geometry/share/image_geometry/cmake/export_image_geometryExport-noconfig.cmake
[0.956s] -- Up-to-date: /home/dtc-mrsd/Downloads/ros2_gimbal_ws/install/image_geometry/share/image_geometry/cmake/ament_cmake_export_targets-extras.cmake
[0.956s] -- Up-to-date: /home/dtc-mrsd/Downloads/ros2_gimbal_ws/install/image_geometry/share/image_geometry/cmake/ament_cmake_export_dependencies-extras.cmake
[0.957s] -- Up-to-date: /home/dtc-mrsd/Downloads/ros2_gimbal_ws/install/image_geometry/share/image_geometry/cmake/image_geometryConfig.cmake
[0.957s] -- Up-to-date: /home/dtc-mrsd/Downloads/ros2_gimbal_ws/install/image_geometry/share/image_geometry/cmake/image_geometryConfig-version.cmake
[0.957s] -- Up-to-date: /home/dtc-mrsd/Downloads/ros2_gimbal_ws/install/image_geometry/share/image_geometry/package.xml
[0.958s] Invoked command in '/home/dtc-mrsd/Downloads/ros2_gimbal_ws/build/image_geometry' returned '0': CMAKE_PREFIX_PATH=/opt/ros/humble /usr/bin/cmake --install /home/dtc-mrsd/Downloads/ros2_gimbal_ws/build/image_geometry
