[0.106s] DEBUG:colcon:Command line arguments: ['/usr/bin/colcon', 'build', '--cmake-args', '-DGHADRON=1']
[0.107s] DEBUG:colcon:Parsed command line arguments: Namespace(log_base=None, log_level=None, verb_name='build', build_base='build', install_base='install', merge_install=False, symlink_install=False, test_result_base=None, continue_on_error=False, executor='parallel', parallel_workers=12, event_handlers=None, ignore_user_meta=False, metas=['./colcon.meta'], base_paths=['.'], packages_ignore=None, packages_ignore_regex=None, paths=None, packages_up_to=None, packages_up_to_regex=None, packages_above=None, packages_above_and_dependencies=None, packages_above_depth=None, packages_select_by_dep=None, packages_skip_by_dep=None, packages_skip_up_to=None, packages_select_build_failed=False, packages_skip_build_finished=False, packages_select_test_failures=False, packages_skip_test_passed=False, packages_select=None, packages_skip=None, packages_select_regex=None, packages_skip_regex=None, packages_start=None, packages_end=None, allow_overriding=[], cmake_args=['-DGHADRON=1'], cmake_target=None, cmake_target_skip_unavailable=False, cmake_clean_cache=False, cmake_clean_first=False, cmake_force_configure=False, ament_cmake_args=None, catkin_cmake_args=None, catkin_skip_building_tests=False, mixin_files=None, mixin=None, verb_parser=<colcon_mixin.mixin.mixin_argument.MixinArgumentDecorator object at 0x7441e576f460>, verb_extension=<colcon_core.verb.build.BuildVerb object at 0x7441e576f040>, main=<bound method BuildVerb.main of <colcon_core.verb.build.BuildVerb object at 0x7441e576f040>>, mixin_verb=('build',))
[0.285s] Level 1:colcon.colcon_core.package_discovery:discover_packages(colcon_meta) check parameters
[0.286s] Level 1:colcon.colcon_core.package_discovery:discover_packages(recursive) check parameters
[0.286s] Level 1:colcon.colcon_core.package_discovery:discover_packages(ignore) check parameters
[0.286s] Level 1:colcon.colcon_core.package_discovery:discover_packages(path) check parameters
[0.286s] Level 1:colcon.colcon_core.package_discovery:discover_packages(colcon_meta) discover
[0.286s] Level 1:colcon.colcon_core.package_discovery:discover_packages(recursive) discover
[0.286s] INFO:colcon.colcon_core.package_discovery:Crawling recursively for packages in '/home/dtc-mrsd/Downloads/ros2_gimbal_ws'
[0.286s] Level 1:colcon.colcon_core.package_identification:_identify(.) by extensions ['ignore', 'ignore_ament_install']
[0.286s] Level 1:colcon.colcon_core.package_identification:_identify(.) by extension 'ignore'
[0.286s] Level 1:colcon.colcon_core.package_identification:_identify(.) by extension 'ignore_ament_install'
[0.286s] Level 1:colcon.colcon_core.package_identification:_identify(.) by extensions ['colcon_pkg']
[0.286s] Level 1:colcon.colcon_core.package_identification:_identify(.) by extension 'colcon_pkg'
[0.286s] Level 1:colcon.colcon_core.package_identification:_identify(.) by extensions ['colcon_meta']
[0.286s] Level 1:colcon.colcon_core.package_identification:_identify(.) by extension 'colcon_meta'
[0.286s] Level 1:colcon.colcon_core.package_identification:_identify(.) by extensions ['ros']
[0.286s] Level 1:colcon.colcon_core.package_identification:_identify(.) by extension 'ros'
[0.297s] Level 1:colcon.colcon_core.package_identification:_identify(.) by extensions ['cmake', 'python']
[0.297s] Level 1:colcon.colcon_core.package_identification:_identify(.) by extension 'cmake'
[0.297s] Level 1:colcon.colcon_core.package_identification:_identify(.) by extension 'python'
[0.297s] Level 1:colcon.colcon_core.package_identification:_identify(.) by extensions ['python_setup_py']
[0.297s] Level 1:colcon.colcon_core.package_identification:_identify(.) by extension 'python_setup_py'
[0.297s] Level 1:colcon.colcon_core.package_identification:_identify(build) by extensions ['ignore', 'ignore_ament_install']
[0.297s] Level 1:colcon.colcon_core.package_identification:_identify(build) by extension 'ignore'
[0.297s] Level 1:colcon.colcon_core.package_identification:_identify(build) ignored
[0.297s] Level 1:colcon.colcon_core.package_identification:_identify(install) by extensions ['ignore', 'ignore_ament_install']
[0.297s] Level 1:colcon.colcon_core.package_identification:_identify(install) by extension 'ignore'
[0.297s] Level 1:colcon.colcon_core.package_identification:_identify(install) ignored
[0.297s] Level 1:colcon.colcon_core.package_identification:_identify(log) by extensions ['ignore', 'ignore_ament_install']
[0.297s] Level 1:colcon.colcon_core.package_identification:_identify(log) by extension 'ignore'
[0.297s] Level 1:colcon.colcon_core.package_identification:_identify(log) ignored
[0.298s] Level 1:colcon.colcon_core.package_identification:_identify(src) by extensions ['ignore', 'ignore_ament_install']
[0.298s] Level 1:colcon.colcon_core.package_identification:_identify(src) by extension 'ignore'
[0.298s] Level 1:colcon.colcon_core.package_identification:_identify(src) by extension 'ignore_ament_install'
[0.298s] Level 1:colcon.colcon_core.package_identification:_identify(src) by extensions ['colcon_pkg']
[0.298s] Level 1:colcon.colcon_core.package_identification:_identify(src) by extension 'colcon_pkg'
[0.298s] Level 1:colcon.colcon_core.package_identification:_identify(src) by extensions ['colcon_meta']
[0.298s] Level 1:colcon.colcon_core.package_identification:_identify(src) by extension 'colcon_meta'
[0.298s] Level 1:colcon.colcon_core.package_identification:_identify(src) by extensions ['ros']
[0.298s] Level 1:colcon.colcon_core.package_identification:_identify(src) by extension 'ros'
[0.298s] Level 1:colcon.colcon_core.package_identification:_identify(src) by extensions ['cmake', 'python']
[0.298s] Level 1:colcon.colcon_core.package_identification:_identify(src) by extension 'cmake'
[0.298s] Level 1:colcon.colcon_core.package_identification:_identify(src) by extension 'python'
[0.298s] Level 1:colcon.colcon_core.package_identification:_identify(src) by extensions ['python_setup_py']
[0.298s] Level 1:colcon.colcon_core.package_identification:_identify(src) by extension 'python_setup_py'
[0.298s] Level 1:colcon.colcon_core.package_identification:_identify(src/PayloadSdk) by extensions ['ignore', 'ignore_ament_install']
[0.298s] Level 1:colcon.colcon_core.package_identification:_identify(src/PayloadSdk) by extension 'ignore'
[0.298s] Level 1:colcon.colcon_core.package_identification:_identify(src/PayloadSdk) by extension 'ignore_ament_install'
[0.298s] Level 1:colcon.colcon_core.package_identification:_identify(src/PayloadSdk) by extensions ['colcon_pkg']
[0.298s] Level 1:colcon.colcon_core.package_identification:_identify(src/PayloadSdk) by extension 'colcon_pkg'
[0.299s] Level 1:colcon.colcon_core.package_identification:_identify(src/PayloadSdk) by extensions ['colcon_meta']
[0.299s] Level 1:colcon.colcon_core.package_identification:_identify(src/PayloadSdk) by extension 'colcon_meta'
[0.299s] Level 1:colcon.colcon_core.package_identification:_identify(src/PayloadSdk) by extensions ['ros']
[0.299s] Level 1:colcon.colcon_core.package_identification:_identify(src/PayloadSdk) by extension 'ros'
[0.299s] Level 1:colcon.colcon_core.package_identification:_identify(src/PayloadSdk) by extensions ['cmake', 'python']
[0.299s] Level 1:colcon.colcon_core.package_identification:_identify(src/PayloadSdk) by extension 'cmake'
[0.306s] Level 1:colcon.colcon_core.package_identification:_identify(src/PayloadSdk) by extension 'python'
[0.306s] DEBUG:colcon.colcon_core.package_identification:Package 'src/PayloadSdk' with type 'cmake' and name 'PayloadSDK'
[0.306s] Level 1:colcon.colcon_core.package_identification:_identify(src/gimbal_angle_control) by extensions ['ignore', 'ignore_ament_install']
[0.306s] Level 1:colcon.colcon_core.package_identification:_identify(src/gimbal_angle_control) by extension 'ignore'
[0.306s] Level 1:colcon.colcon_core.package_identification:_identify(src/gimbal_angle_control) by extension 'ignore_ament_install'
[0.306s] Level 1:colcon.colcon_core.package_identification:_identify(src/gimbal_angle_control) by extensions ['colcon_pkg']
[0.306s] Level 1:colcon.colcon_core.package_identification:_identify(src/gimbal_angle_control) by extension 'colcon_pkg'
[0.306s] Level 1:colcon.colcon_core.package_identification:_identify(src/gimbal_angle_control) by extensions ['colcon_meta']
[0.306s] Level 1:colcon.colcon_core.package_identification:_identify(src/gimbal_angle_control) by extension 'colcon_meta'
[0.306s] Level 1:colcon.colcon_core.package_identification:_identify(src/gimbal_angle_control) by extensions ['ros']
[0.306s] Level 1:colcon.colcon_core.package_identification:_identify(src/gimbal_angle_control) by extension 'ros'
[0.316s] DEBUG:colcon.colcon_core.package_identification:Package 'src/gimbal_angle_control' with type 'ros.ament_cmake' and name 'gimbal_angle_control'
[0.316s] Level 1:colcon.colcon_core.package_identification:_identify(src/gimbal_capture_image) by extensions ['ignore', 'ignore_ament_install']
[0.316s] Level 1:colcon.colcon_core.package_identification:_identify(src/gimbal_capture_image) by extension 'ignore'
[0.316s] Level 1:colcon.colcon_core.package_identification:_identify(src/gimbal_capture_image) by extension 'ignore_ament_install'
[0.316s] Level 1:colcon.colcon_core.package_identification:_identify(src/gimbal_capture_image) by extensions ['colcon_pkg']
[0.316s] Level 1:colcon.colcon_core.package_identification:_identify(src/gimbal_capture_image) by extension 'colcon_pkg'
[0.316s] Level 1:colcon.colcon_core.package_identification:_identify(src/gimbal_capture_image) by extensions ['colcon_meta']
[0.316s] Level 1:colcon.colcon_core.package_identification:_identify(src/gimbal_capture_image) by extension 'colcon_meta'
[0.316s] Level 1:colcon.colcon_core.package_identification:_identify(src/gimbal_capture_image) by extensions ['ros']
[0.316s] Level 1:colcon.colcon_core.package_identification:_identify(src/gimbal_capture_image) by extension 'ros'
[0.317s] DEBUG:colcon.colcon_core.package_identification:Package 'src/gimbal_capture_image' with type 'ros.ament_cmake' and name 'gimbal_capture_image'
[0.317s] Level 1:colcon.colcon_core.package_identification:_identify(src/gimbal_zoom) by extensions ['ignore', 'ignore_ament_install']
[0.317s] Level 1:colcon.colcon_core.package_identification:_identify(src/gimbal_zoom) by extension 'ignore'
[0.317s] Level 1:colcon.colcon_core.package_identification:_identify(src/gimbal_zoom) by extension 'ignore_ament_install'
[0.317s] Level 1:colcon.colcon_core.package_identification:_identify(src/gimbal_zoom) by extensions ['colcon_pkg']
[0.317s] Level 1:colcon.colcon_core.package_identification:_identify(src/gimbal_zoom) by extension 'colcon_pkg'
[0.318s] Level 1:colcon.colcon_core.package_identification:_identify(src/gimbal_zoom) by extensions ['colcon_meta']
[0.318s] Level 1:colcon.colcon_core.package_identification:_identify(src/gimbal_zoom) by extension 'colcon_meta'
[0.318s] Level 1:colcon.colcon_core.package_identification:_identify(src/gimbal_zoom) by extensions ['ros']
[0.318s] Level 1:colcon.colcon_core.package_identification:_identify(src/gimbal_zoom) by extension 'ros'
[0.318s] DEBUG:colcon.colcon_core.package_identification:Package 'src/gimbal_zoom' with type 'ros.ament_cmake' and name 'gimbal_zoom'
[0.318s] Level 1:colcon.colcon_core.package_identification:_identify(src/image_publisher) by extensions ['ignore', 'ignore_ament_install']
[0.318s] Level 1:colcon.colcon_core.package_identification:_identify(src/image_publisher) by extension 'ignore'
[0.319s] Level 1:colcon.colcon_core.package_identification:_identify(src/image_publisher) by extension 'ignore_ament_install'
[0.319s] Level 1:colcon.colcon_core.package_identification:_identify(src/image_publisher) by extensions ['colcon_pkg']
[0.319s] Level 1:colcon.colcon_core.package_identification:_identify(src/image_publisher) by extension 'colcon_pkg'
[0.319s] Level 1:colcon.colcon_core.package_identification:_identify(src/image_publisher) by extensions ['colcon_meta']
[0.319s] Level 1:colcon.colcon_core.package_identification:_identify(src/image_publisher) by extension 'colcon_meta'
[0.319s] Level 1:colcon.colcon_core.package_identification:_identify(src/image_publisher) by extensions ['ros']
[0.319s] Level 1:colcon.colcon_core.package_identification:_identify(src/image_publisher) by extension 'ros'
[0.320s] DEBUG:colcon.colcon_core.package_identification:Package 'src/image_publisher' with type 'ros.ament_cmake' and name 'image_publisher'
[0.320s] Level 1:colcon.colcon_core.package_discovery:discover_packages(recursive) using defaults
[0.320s] Level 1:colcon.colcon_core.package_discovery:discover_packages(ignore) discover
[0.320s] Level 1:colcon.colcon_core.package_discovery:discover_packages(ignore) using defaults
[0.320s] Level 1:colcon.colcon_core.package_discovery:discover_packages(path) discover
[0.320s] Level 1:colcon.colcon_core.package_discovery:discover_packages(path) using defaults
[0.338s] Level 1:colcon.colcon_core.package_discovery:discover_packages(prefix_path) check parameters
[0.338s] Level 1:colcon.colcon_core.package_discovery:discover_packages(prefix_path) discover
[0.341s] DEBUG:colcon.colcon_installed_package_information.package_discovery:Found 414 installed packages in /opt/ros/humble
[0.343s] Level 1:colcon.colcon_core.package_discovery:discover_packages(prefix_path) using defaults
[0.391s] Level 5:colcon.colcon_core.verb:set package 'PayloadSDK' build argument 'cmake_args' from command line to '['-DGHADRON=1']'
[0.391s] Level 5:colcon.colcon_core.verb:set package 'PayloadSDK' build argument 'cmake_target' from command line to 'None'
[0.391s] Level 5:colcon.colcon_core.verb:set package 'PayloadSDK' build argument 'cmake_target_skip_unavailable' from command line to 'False'
[0.391s] Level 5:colcon.colcon_core.verb:set package 'PayloadSDK' build argument 'cmake_clean_cache' from command line to 'False'
[0.391s] Level 5:colcon.colcon_core.verb:set package 'PayloadSDK' build argument 'cmake_clean_first' from command line to 'False'
[0.391s] Level 5:colcon.colcon_core.verb:set package 'PayloadSDK' build argument 'cmake_force_configure' from command line to 'False'
[0.391s] Level 5:colcon.colcon_core.verb:set package 'PayloadSDK' build argument 'ament_cmake_args' from command line to 'None'
[0.391s] Level 5:colcon.colcon_core.verb:set package 'PayloadSDK' build argument 'catkin_cmake_args' from command line to 'None'
[0.391s] Level 5:colcon.colcon_core.verb:set package 'PayloadSDK' build argument 'catkin_skip_building_tests' from command line to 'False'
[0.392s] DEBUG:colcon.colcon_core.verb:Building package 'PayloadSDK' with the following arguments: {'ament_cmake_args': None, 'build_base': '/home/dtc-mrsd/Downloads/ros2_gimbal_ws/build/PayloadSDK', 'catkin_cmake_args': None, 'catkin_skip_building_tests': False, 'cmake_args': ['-DGHADRON=1'], 'cmake_clean_cache': False, 'cmake_clean_first': False, 'cmake_force_configure': False, 'cmake_target': None, 'cmake_target_skip_unavailable': False, 'install_base': '/home/dtc-mrsd/Downloads/ros2_gimbal_ws/install/PayloadSDK', 'merge_install': False, 'path': '/home/dtc-mrsd/Downloads/ros2_gimbal_ws/src/PayloadSdk', 'symlink_install': False, 'test_result_base': None}
[0.392s] Level 5:colcon.colcon_core.verb:set package 'gimbal_angle_control' build argument 'cmake_args' from command line to '['-DGHADRON=1']'
[0.392s] Level 5:colcon.colcon_core.verb:set package 'gimbal_angle_control' build argument 'cmake_target' from command line to 'None'
[0.392s] Level 5:colcon.colcon_core.verb:set package 'gimbal_angle_control' build argument 'cmake_target_skip_unavailable' from command line to 'False'
[0.392s] Level 5:colcon.colcon_core.verb:set package 'gimbal_angle_control' build argument 'cmake_clean_cache' from command line to 'False'
[0.392s] Level 5:colcon.colcon_core.verb:set package 'gimbal_angle_control' build argument 'cmake_clean_first' from command line to 'False'
[0.392s] Level 5:colcon.colcon_core.verb:set package 'gimbal_angle_control' build argument 'cmake_force_configure' from command line to 'False'
[0.392s] Level 5:colcon.colcon_core.verb:set package 'gimbal_angle_control' build argument 'ament_cmake_args' from command line to 'None'
[0.392s] Level 5:colcon.colcon_core.verb:set package 'gimbal_angle_control' build argument 'catkin_cmake_args' from command line to 'None'
[0.392s] Level 5:colcon.colcon_core.verb:set package 'gimbal_angle_control' build argument 'catkin_skip_building_tests' from command line to 'False'
[0.392s] DEBUG:colcon.colcon_core.verb:Building package 'gimbal_angle_control' with the following arguments: {'ament_cmake_args': None, 'build_base': '/home/dtc-mrsd/Downloads/ros2_gimbal_ws/build/gimbal_angle_control', 'catkin_cmake_args': None, 'catkin_skip_building_tests': False, 'cmake_args': ['-DGHADRON=1'], 'cmake_clean_cache': False, 'cmake_clean_first': False, 'cmake_force_configure': False, 'cmake_target': None, 'cmake_target_skip_unavailable': False, 'install_base': '/home/dtc-mrsd/Downloads/ros2_gimbal_ws/install/gimbal_angle_control', 'merge_install': False, 'path': '/home/dtc-mrsd/Downloads/ros2_gimbal_ws/src/gimbal_angle_control', 'symlink_install': False, 'test_result_base': None}
[0.393s] Level 5:colcon.colcon_core.verb:set package 'gimbal_capture_image' build argument 'cmake_args' from command line to '['-DGHADRON=1']'
[0.393s] Level 5:colcon.colcon_core.verb:set package 'gimbal_capture_image' build argument 'cmake_target' from command line to 'None'
[0.393s] Level 5:colcon.colcon_core.verb:set package 'gimbal_capture_image' build argument 'cmake_target_skip_unavailable' from command line to 'False'
[0.393s] Level 5:colcon.colcon_core.verb:set package 'gimbal_capture_image' build argument 'cmake_clean_cache' from command line to 'False'
[0.393s] Level 5:colcon.colcon_core.verb:set package 'gimbal_capture_image' build argument 'cmake_clean_first' from command line to 'False'
[0.393s] Level 5:colcon.colcon_core.verb:set package 'gimbal_capture_image' build argument 'cmake_force_configure' from command line to 'False'
[0.393s] Level 5:colcon.colcon_core.verb:set package 'gimbal_capture_image' build argument 'ament_cmake_args' from command line to 'None'
[0.393s] Level 5:colcon.colcon_core.verb:set package 'gimbal_capture_image' build argument 'catkin_cmake_args' from command line to 'None'
[0.393s] Level 5:colcon.colcon_core.verb:set package 'gimbal_capture_image' build argument 'catkin_skip_building_tests' from command line to 'False'
[0.393s] DEBUG:colcon.colcon_core.verb:Building package 'gimbal_capture_image' with the following arguments: {'ament_cmake_args': None, 'build_base': '/home/dtc-mrsd/Downloads/ros2_gimbal_ws/build/gimbal_capture_image', 'catkin_cmake_args': None, 'catkin_skip_building_tests': False, 'cmake_args': ['-DGHADRON=1'], 'cmake_clean_cache': False, 'cmake_clean_first': False, 'cmake_force_configure': False, 'cmake_target': None, 'cmake_target_skip_unavailable': False, 'install_base': '/home/dtc-mrsd/Downloads/ros2_gimbal_ws/install/gimbal_capture_image', 'merge_install': False, 'path': '/home/dtc-mrsd/Downloads/ros2_gimbal_ws/src/gimbal_capture_image', 'symlink_install': False, 'test_result_base': None}
[0.393s] Level 5:colcon.colcon_core.verb:set package 'gimbal_zoom' build argument 'cmake_args' from command line to '['-DGHADRON=1']'
[0.393s] Level 5:colcon.colcon_core.verb:set package 'gimbal_zoom' build argument 'cmake_target' from command line to 'None'
[0.393s] Level 5:colcon.colcon_core.verb:set package 'gimbal_zoom' build argument 'cmake_target_skip_unavailable' from command line to 'False'
[0.393s] Level 5:colcon.colcon_core.verb:set package 'gimbal_zoom' build argument 'cmake_clean_cache' from command line to 'False'
[0.393s] Level 5:colcon.colcon_core.verb:set package 'gimbal_zoom' build argument 'cmake_clean_first' from command line to 'False'
[0.393s] Level 5:colcon.colcon_core.verb:set package 'gimbal_zoom' build argument 'cmake_force_configure' from command line to 'False'
[0.393s] Level 5:colcon.colcon_core.verb:set package 'gimbal_zoom' build argument 'ament_cmake_args' from command line to 'None'
[0.393s] Level 5:colcon.colcon_core.verb:set package 'gimbal_zoom' build argument 'catkin_cmake_args' from command line to 'None'
[0.393s] Level 5:colcon.colcon_core.verb:set package 'gimbal_zoom' build argument 'catkin_skip_building_tests' from command line to 'False'
[0.393s] DEBUG:colcon.colcon_core.verb:Building package 'gimbal_zoom' with the following arguments: {'ament_cmake_args': None, 'build_base': '/home/dtc-mrsd/Downloads/ros2_gimbal_ws/build/gimbal_zoom', 'catkin_cmake_args': None, 'catkin_skip_building_tests': False, 'cmake_args': ['-DGHADRON=1'], 'cmake_clean_cache': False, 'cmake_clean_first': False, 'cmake_force_configure': False, 'cmake_target': None, 'cmake_target_skip_unavailable': False, 'install_base': '/home/dtc-mrsd/Downloads/ros2_gimbal_ws/install/gimbal_zoom', 'merge_install': False, 'path': '/home/dtc-mrsd/Downloads/ros2_gimbal_ws/src/gimbal_zoom', 'symlink_install': False, 'test_result_base': None}
[0.394s] Level 5:colcon.colcon_core.verb:set package 'image_publisher' build argument 'cmake_args' from command line to '['-DGHADRON=1']'
[0.394s] Level 5:colcon.colcon_core.verb:set package 'image_publisher' build argument 'cmake_target' from command line to 'None'
[0.394s] Level 5:colcon.colcon_core.verb:set package 'image_publisher' build argument 'cmake_target_skip_unavailable' from command line to 'False'
[0.394s] Level 5:colcon.colcon_core.verb:set package 'image_publisher' build argument 'cmake_clean_cache' from command line to 'False'
[0.394s] Level 5:colcon.colcon_core.verb:set package 'image_publisher' build argument 'cmake_clean_first' from command line to 'False'
[0.394s] Level 5:colcon.colcon_core.verb:set package 'image_publisher' build argument 'cmake_force_configure' from command line to 'False'
[0.394s] Level 5:colcon.colcon_core.verb:set package 'image_publisher' build argument 'ament_cmake_args' from command line to 'None'
[0.394s] Level 5:colcon.colcon_core.verb:set package 'image_publisher' build argument 'catkin_cmake_args' from command line to 'None'
[0.394s] Level 5:colcon.colcon_core.verb:set package 'image_publisher' build argument 'catkin_skip_building_tests' from command line to 'False'
[0.394s] DEBUG:colcon.colcon_core.verb:Building package 'image_publisher' with the following arguments: {'ament_cmake_args': None, 'build_base': '/home/dtc-mrsd/Downloads/ros2_gimbal_ws/build/image_publisher', 'catkin_cmake_args': None, 'catkin_skip_building_tests': False, 'cmake_args': ['-DGHADRON=1'], 'cmake_clean_cache': False, 'cmake_clean_first': False, 'cmake_force_configure': False, 'cmake_target': None, 'cmake_target_skip_unavailable': False, 'install_base': '/home/dtc-mrsd/Downloads/ros2_gimbal_ws/install/image_publisher', 'merge_install': False, 'path': '/home/dtc-mrsd/Downloads/ros2_gimbal_ws/src/image_publisher', 'symlink_install': False, 'test_result_base': None}
[0.394s] INFO:colcon.colcon_core.executor:Executing jobs using 'parallel' executor
[0.395s] DEBUG:colcon.colcon_parallel_executor.executor.parallel:run_until_complete
[0.395s] INFO:colcon.colcon_cmake.task.cmake.build:Building CMake package in '/home/dtc-mrsd/Downloads/ros2_gimbal_ws/src/PayloadSdk'
[0.398s] INFO:colcon.colcon_core.plugin_system:Skipping extension 'colcon_core.shell.bat': Not used on non-Windows systems
[0.398s] INFO:colcon.colcon_core.shell:Skip shell extension 'powershell' for command environment: Not usable outside of PowerShell
[0.398s] DEBUG:colcon.colcon_core.shell:Skip shell extension 'dsv' for command environment
[0.403s] INFO:colcon.colcon_ros.task.ament_cmake.build:Building ROS package in '/home/dtc-mrsd/Downloads/ros2_gimbal_ws/src/gimbal_angle_control' with build type 'ament_cmake'
[0.403s] INFO:colcon.colcon_cmake.task.cmake.build:Building CMake package in '/home/dtc-mrsd/Downloads/ros2_gimbal_ws/src/gimbal_angle_control'
[0.404s] INFO:colcon.colcon_core.shell:Skip shell extension 'powershell' for command environment: Not usable outside of PowerShell
[0.404s] DEBUG:colcon.colcon_core.shell:Skip shell extension 'dsv' for command environment
[0.406s] INFO:colcon.colcon_ros.task.ament_cmake.build:Building ROS package in '/home/dtc-mrsd/Downloads/ros2_gimbal_ws/src/gimbal_capture_image' with build type 'ament_cmake'
[0.407s] INFO:colcon.colcon_cmake.task.cmake.build:Building CMake package in '/home/dtc-mrsd/Downloads/ros2_gimbal_ws/src/gimbal_capture_image'
[0.407s] INFO:colcon.colcon_core.shell:Skip shell extension 'powershell' for command environment: Not usable outside of PowerShell
[0.407s] DEBUG:colcon.colcon_core.shell:Skip shell extension 'dsv' for command environment
[0.410s] INFO:colcon.colcon_ros.task.ament_cmake.build:Building ROS package in '/home/dtc-mrsd/Downloads/ros2_gimbal_ws/src/gimbal_zoom' with build type 'ament_cmake'
[0.410s] INFO:colcon.colcon_cmake.task.cmake.build:Building CMake package in '/home/dtc-mrsd/Downloads/ros2_gimbal_ws/src/gimbal_zoom'
[0.411s] INFO:colcon.colcon_core.shell:Skip shell extension 'powershell' for command environment: Not usable outside of PowerShell
[0.411s] DEBUG:colcon.colcon_core.shell:Skip shell extension 'dsv' for command environment
[0.414s] INFO:colcon.colcon_ros.task.ament_cmake.build:Building ROS package in '/home/dtc-mrsd/Downloads/ros2_gimbal_ws/src/image_publisher' with build type 'ament_cmake'
[0.414s] INFO:colcon.colcon_cmake.task.cmake.build:Building CMake package in '/home/dtc-mrsd/Downloads/ros2_gimbal_ws/src/image_publisher'
[0.415s] INFO:colcon.colcon_core.shell:Skip shell extension 'powershell' for command environment: Not usable outside of PowerShell
[0.415s] DEBUG:colcon.colcon_core.shell:Skip shell extension 'dsv' for command environment
[0.427s] DEBUG:colcon.colcon_core.event_handler.log_command:Invoking command in '/home/dtc-mrsd/Downloads/ros2_gimbal_ws/build/PayloadSDK': /usr/bin/cmake /home/dtc-mrsd/Downloads/ros2_gimbal_ws/src/PayloadSdk -DGHADRON=1 -DCMAKE_INSTALL_PREFIX=/home/dtc-mrsd/Downloads/ros2_gimbal_ws/install/PayloadSDK
[0.431s] DEBUG:colcon.colcon_core.event_handler.log_command:Invoking command in '/home/dtc-mrsd/Downloads/ros2_gimbal_ws/build/gimbal_angle_control': CMAKE_PREFIX_PATH=/opt/ros/humble /usr/bin/cmake /home/dtc-mrsd/Downloads/ros2_gimbal_ws/src/gimbal_angle_control -DGHADRON=1 -DCMAKE_INSTALL_PREFIX=/home/dtc-mrsd/Downloads/ros2_gimbal_ws/install/gimbal_angle_control
[0.435s] DEBUG:colcon.colcon_core.event_handler.log_command:Invoking command in '/home/dtc-mrsd/Downloads/ros2_gimbal_ws/build/gimbal_capture_image': CMAKE_PREFIX_PATH=/opt/ros/humble /usr/bin/cmake /home/dtc-mrsd/Downloads/ros2_gimbal_ws/src/gimbal_capture_image -DGHADRON=1 -DCMAKE_INSTALL_PREFIX=/home/dtc-mrsd/Downloads/ros2_gimbal_ws/install/gimbal_capture_image
[0.440s] DEBUG:colcon.colcon_core.event_handler.log_command:Invoking command in '/home/dtc-mrsd/Downloads/ros2_gimbal_ws/build/gimbal_zoom': CMAKE_PREFIX_PATH=/opt/ros/humble /usr/bin/cmake /home/dtc-mrsd/Downloads/ros2_gimbal_ws/src/gimbal_zoom -DGHADRON=1 -DCMAKE_INSTALL_PREFIX=/home/dtc-mrsd/Downloads/ros2_gimbal_ws/install/gimbal_zoom
[0.446s] DEBUG:colcon.colcon_core.event_handler.log_command:Invoking command in '/home/dtc-mrsd/Downloads/ros2_gimbal_ws/build/image_publisher': CMAKE_PREFIX_PATH=/opt/ros/humble /usr/bin/cmake /home/dtc-mrsd/Downloads/ros2_gimbal_ws/src/image_publisher -DGHADRON=1 -DCMAKE_INSTALL_PREFIX=/home/dtc-mrsd/Downloads/ros2_gimbal_ws/install/image_publisher
[0.522s] DEBUG:colcon.colcon_core.event_handler.log_command:Invoked command in '/home/dtc-mrsd/Downloads/ros2_gimbal_ws/build/PayloadSDK' returned '0': /usr/bin/cmake /home/dtc-mrsd/Downloads/ros2_gimbal_ws/src/PayloadSdk -DGHADRON=1 -DCMAKE_INSTALL_PREFIX=/home/dtc-mrsd/Downloads/ros2_gimbal_ws/install/PayloadSDK
[0.525s] DEBUG:colcon.colcon_core.event_handler.log_command:Invoking command in '/home/dtc-mrsd/Downloads/ros2_gimbal_ws/build/PayloadSDK': /usr/bin/cmake --build /home/dtc-mrsd/Downloads/ros2_gimbal_ws/build/PayloadSDK -- -j12 -l12
[0.678s] DEBUG:colcon.colcon_core.event_handler.log_command:Invoked command in '/home/dtc-mrsd/Downloads/ros2_gimbal_ws/build/PayloadSDK' returned '0': /usr/bin/cmake --build /home/dtc-mrsd/Downloads/ros2_gimbal_ws/build/PayloadSDK -- -j12 -l12
[0.678s] WARNING:colcon.colcon_cmake.task.cmake.build:Could not run installation step for package 'PayloadSDK' because it has no 'install' target
[0.678s] Level 1:colcon.colcon_core.environment:create_environment_scripts_only(PayloadSDK)
[0.680s] Level 1:colcon.colcon_core.environment:checking '/home/dtc-mrsd/Downloads/ros2_gimbal_ws/install/PayloadSDK' for CMake module files
[0.681s] Level 1:colcon.colcon_core.environment:checking '/home/dtc-mrsd/Downloads/ros2_gimbal_ws/install/PayloadSDK' for CMake config files
[0.681s] Level 1:colcon.colcon_core.environment:checking '/home/dtc-mrsd/Downloads/ros2_gimbal_ws/install/PayloadSDK/bin'
[0.681s] Level 1:colcon.colcon_core.environment:checking '/home/dtc-mrsd/Downloads/ros2_gimbal_ws/install/PayloadSDK/lib/pkgconfig/PayloadSDK.pc'
[0.681s] Level 1:colcon.colcon_core.environment:checking '/home/dtc-mrsd/Downloads/ros2_gimbal_ws/install/PayloadSDK/lib/python3.10/site-packages'
[0.682s] Level 1:colcon.colcon_core.environment:checking '/home/dtc-mrsd/Downloads/ros2_gimbal_ws/install/PayloadSDK/bin'
[0.682s] INFO:colcon.colcon_core.shell:Creating package script '/home/dtc-mrsd/Downloads/ros2_gimbal_ws/install/PayloadSDK/share/PayloadSDK/package.ps1'
[0.682s] INFO:colcon.colcon_core.shell:Creating package descriptor '/home/dtc-mrsd/Downloads/ros2_gimbal_ws/install/PayloadSDK/share/PayloadSDK/package.dsv'
[0.683s] INFO:colcon.colcon_core.shell:Creating package script '/home/dtc-mrsd/Downloads/ros2_gimbal_ws/install/PayloadSDK/share/PayloadSDK/package.sh'
[0.683s] INFO:colcon.colcon_core.shell:Creating package script '/home/dtc-mrsd/Downloads/ros2_gimbal_ws/install/PayloadSDK/share/PayloadSDK/package.bash'
[0.684s] INFO:colcon.colcon_core.shell:Creating package script '/home/dtc-mrsd/Downloads/ros2_gimbal_ws/install/PayloadSDK/share/PayloadSDK/package.zsh'
[0.685s] Level 1:colcon.colcon_core.environment:create_file_with_runtime_dependencies(/home/dtc-mrsd/Downloads/ros2_gimbal_ws/install/PayloadSDK/share/colcon-core/packages/PayloadSDK)
[1.138s] DEBUG:colcon.colcon_core.event_handler.log_command:Invoked command in '/home/dtc-mrsd/Downloads/ros2_gimbal_ws/build/image_publisher' returned '0': CMAKE_PREFIX_PATH=/opt/ros/humble /usr/bin/cmake /home/dtc-mrsd/Downloads/ros2_gimbal_ws/src/image_publisher -DGHADRON=1 -DCMAKE_INSTALL_PREFIX=/home/dtc-mrsd/Downloads/ros2_gimbal_ws/install/image_publisher
[1.140s] DEBUG:colcon.colcon_core.event_handler.log_command:Invoking command in '/home/dtc-mrsd/Downloads/ros2_gimbal_ws/build/image_publisher': CMAKE_PREFIX_PATH=/opt/ros/humble /usr/bin/cmake --build /home/dtc-mrsd/Downloads/ros2_gimbal_ws/build/image_publisher -- -j12 -l12
[1.285s] DEBUG:colcon.colcon_core.event_handler.log_command:Invoked command in '/home/dtc-mrsd/Downloads/ros2_gimbal_ws/build/image_publisher' returned '2': CMAKE_PREFIX_PATH=/opt/ros/humble /usr/bin/cmake --build /home/dtc-mrsd/Downloads/ros2_gimbal_ws/build/image_publisher -- -j12 -l12
[1.286s] Level 1:colcon.colcon_core.environment:create_environment_scripts_only(image_publisher)
[1.286s] Level 1:colcon.colcon_core.environment:checking '/home/dtc-mrsd/Downloads/ros2_gimbal_ws/install/image_publisher' for CMake module files
[1.286s] Level 1:colcon.colcon_core.environment:checking '/home/dtc-mrsd/Downloads/ros2_gimbal_ws/install/image_publisher' for CMake config files
[1.286s] Level 1:colcon.colcon_core.environment:checking '/home/dtc-mrsd/Downloads/ros2_gimbal_ws/install/image_publisher/bin'
[1.287s] Level 1:colcon.colcon_core.environment:checking '/home/dtc-mrsd/Downloads/ros2_gimbal_ws/install/image_publisher/lib/pkgconfig/image_publisher.pc'
[1.287s] Level 1:colcon.colcon_core.environment:checking '/home/dtc-mrsd/Downloads/ros2_gimbal_ws/install/image_publisher/lib/python3.10/site-packages'
[1.287s] Level 1:colcon.colcon_core.environment:checking '/home/dtc-mrsd/Downloads/ros2_gimbal_ws/install/image_publisher/bin'
[1.287s] INFO:colcon.colcon_core.shell:Creating package script '/home/dtc-mrsd/Downloads/ros2_gimbal_ws/install/image_publisher/share/image_publisher/package.ps1'
[1.288s] INFO:colcon.colcon_core.shell:Creating package descriptor '/home/dtc-mrsd/Downloads/ros2_gimbal_ws/install/image_publisher/share/image_publisher/package.dsv'
[1.288s] INFO:colcon.colcon_core.shell:Creating package script '/home/dtc-mrsd/Downloads/ros2_gimbal_ws/install/image_publisher/share/image_publisher/package.sh'
[1.288s] INFO:colcon.colcon_core.shell:Creating package script '/home/dtc-mrsd/Downloads/ros2_gimbal_ws/install/image_publisher/share/image_publisher/package.bash'
[1.289s] INFO:colcon.colcon_core.shell:Creating package script '/home/dtc-mrsd/Downloads/ros2_gimbal_ws/install/image_publisher/share/image_publisher/package.zsh'
[1.289s] Level 1:colcon.colcon_core.environment:create_file_with_runtime_dependencies(/home/dtc-mrsd/Downloads/ros2_gimbal_ws/install/image_publisher/share/colcon-core/packages/image_publisher)
[2.730s] DEBUG:colcon.colcon_parallel_executor.executor.parallel:closing loop
[2.730s] DEBUG:colcon.colcon_parallel_executor.executor.parallel:loop closed
[2.730s] DEBUG:colcon.colcon_parallel_executor.executor.parallel:run_until_complete finished with '2'
[2.730s] DEBUG:colcon.colcon_core.event_reactor:joining thread
[2.737s] INFO:colcon.colcon_core.plugin_system:Skipping extension 'colcon_notification.desktop_notification.terminal_notifier': Not used on non-Darwin systems
[2.737s] INFO:colcon.colcon_core.plugin_system:Skipping extension 'colcon_notification.desktop_notification.win32': Not used on non-Windows systems
[2.738s] INFO:colcon.colcon_notification.desktop_notification:Sending desktop notification using 'notify2'
[2.748s] DEBUG:colcon.colcon_core.event_reactor:joined thread
[2.748s] INFO:colcon.colcon_core.shell:Creating prefix script '/home/dtc-mrsd/Downloads/ros2_gimbal_ws/install/local_setup.ps1'
[2.750s] INFO:colcon.colcon_core.shell:Creating prefix util module '/home/dtc-mrsd/Downloads/ros2_gimbal_ws/install/_local_setup_util_ps1.py'
[2.753s] INFO:colcon.colcon_core.shell:Creating prefix chain script '/home/dtc-mrsd/Downloads/ros2_gimbal_ws/install/setup.ps1'
[2.754s] INFO:colcon.colcon_core.shell:Creating prefix script '/home/dtc-mrsd/Downloads/ros2_gimbal_ws/install/local_setup.sh'
[2.755s] INFO:colcon.colcon_core.shell:Creating prefix util module '/home/dtc-mrsd/Downloads/ros2_gimbal_ws/install/_local_setup_util_sh.py'
[2.756s] INFO:colcon.colcon_core.shell:Creating prefix chain script '/home/dtc-mrsd/Downloads/ros2_gimbal_ws/install/setup.sh'
[2.757s] INFO:colcon.colcon_core.shell:Creating prefix script '/home/dtc-mrsd/Downloads/ros2_gimbal_ws/install/local_setup.bash'
[2.758s] INFO:colcon.colcon_core.shell:Creating prefix chain script '/home/dtc-mrsd/Downloads/ros2_gimbal_ws/install/setup.bash'
[2.759s] INFO:colcon.colcon_core.shell:Creating prefix script '/home/dtc-mrsd/Downloads/ros2_gimbal_ws/install/local_setup.zsh'
[2.760s] INFO:colcon.colcon_core.shell:Creating prefix chain script '/home/dtc-mrsd/Downloads/ros2_gimbal_ws/install/setup.zsh'
