[0.021s] Invoking command in '/home/dtc-mrsd/Downloads/ros2_gimbal_ws/build/gimbal_capture_image': CMAKE_PREFIX_PATH=${CMAKE_PREFIX_PATH}:/opt/ros/humble /usr/bin/cmake --build /home/dtc-mrsd/Downloads/ros2_gimbal_ws/build/gimbal_capture_image -- -j12 -l12
[0.109s] [35m[1mConsolidate compiler generated dependencies of target gimbal_capture_image[0m
[0.147s] [ 50%] [32mBuilding CXX object CMakeFiles/gimbal_capture_image.dir/src/gimbal_capture_image.cpp.o[0m
[7.182s] [100%] [32m[1mLinking CXX executable gimbal_capture_image[0m
[7.729s] [100%] Built target gimbal_capture_image
[7.741s] Invoked command in '/home/dtc-mrsd/Downloads/ros2_gimbal_ws/build/gimbal_capture_image' returned '0': CMAKE_PREFIX_PATH=${CMAKE_PREFIX_PATH}:/opt/ros/humble /usr/bin/cmake --build /home/dtc-mrsd/Downloads/ros2_gimbal_ws/build/gimbal_capture_image -- -j12 -l12
[7.743s] Invoking command in '/home/dtc-mrsd/Downloads/ros2_gimbal_ws/build/gimbal_capture_image': CMAKE_PREFIX_PATH=${CMAKE_PREFIX_PATH}:/opt/ros/humble /usr/bin/cmake --install /home/dtc-mrsd/Downloads/ros2_gimbal_ws/build/gimbal_capture_image
[7.752s] -- Install configuration: "Debug"
[7.752s] -- Installing: /home/dtc-mrsd/Downloads/ros2_gimbal_ws/install/gimbal_capture_image/lib/gimbal_capture_image/gimbal_capture_image
[7.757s] -- Set runtime path of "/home/dtc-mrsd/Downloads/ros2_gimbal_ws/install/gimbal_capture_image/lib/gimbal_capture_image/gimbal_capture_image" to ""
[7.757s] -- Up-to-date: /home/dtc-mrsd/Downloads/ros2_gimbal_ws/install/gimbal_capture_image/share/ament_index/resource_index/package_run_dependencies/gimbal_capture_image
[7.757s] -- Up-to-date: /home/dtc-mrsd/Downloads/ros2_gimbal_ws/install/gimbal_capture_image/share/ament_index/resource_index/parent_prefix_path/gimbal_capture_image
[7.757s] -- Up-to-date: /home/dtc-mrsd/Downloads/ros2_gimbal_ws/install/gimbal_capture_image/share/gimbal_capture_image/environment/ament_prefix_path.sh
[7.757s] -- Up-to-date: /home/dtc-mrsd/Downloads/ros2_gimbal_ws/install/gimbal_capture_image/share/gimbal_capture_image/environment/ament_prefix_path.dsv
[7.757s] -- Up-to-date: /home/dtc-mrsd/Downloads/ros2_gimbal_ws/install/gimbal_capture_image/share/gimbal_capture_image/environment/path.sh
[7.757s] -- Up-to-date: /home/dtc-mrsd/Downloads/ros2_gimbal_ws/install/gimbal_capture_image/share/gimbal_capture_image/environment/path.dsv
[7.758s] -- Up-to-date: /home/dtc-mrsd/Downloads/ros2_gimbal_ws/install/gimbal_capture_image/share/gimbal_capture_image/local_setup.bash
[7.758s] -- Up-to-date: /home/dtc-mrsd/Downloads/ros2_gimbal_ws/install/gimbal_capture_image/share/gimbal_capture_image/local_setup.sh
[7.758s] -- Up-to-date: /home/dtc-mrsd/Downloads/ros2_gimbal_ws/install/gimbal_capture_image/share/gimbal_capture_image/local_setup.zsh
[7.758s] -- Up-to-date: /home/dtc-mrsd/Downloads/ros2_gimbal_ws/install/gimbal_capture_image/share/gimbal_capture_image/local_setup.dsv
[7.758s] -- Installing: /home/dtc-mrsd/Downloads/ros2_gimbal_ws/install/gimbal_capture_image/share/gimbal_capture_image/package.dsv
[7.758s] -- Up-to-date: /home/dtc-mrsd/Downloads/ros2_gimbal_ws/install/gimbal_capture_image/share/ament_index/resource_index/packages/gimbal_capture_image
[7.758s] -- Up-to-date: /home/dtc-mrsd/Downloads/ros2_gimbal_ws/install/gimbal_capture_image/share/gimbal_capture_image/cmake/gimbal_capture_imageConfig.cmake
[7.758s] -- Up-to-date: /home/dtc-mrsd/Downloads/ros2_gimbal_ws/install/gimbal_capture_image/share/gimbal_capture_image/cmake/gimbal_capture_imageConfig-version.cmake
[7.758s] -- Up-to-date: /home/dtc-mrsd/Downloads/ros2_gimbal_ws/install/gimbal_capture_image/share/gimbal_capture_image/package.xml
[7.761s] Invoked command in '/home/dtc-mrsd/Downloads/ros2_gimbal_ws/build/gimbal_capture_image' returned '0': CMAKE_PREFIX_PATH=${CMAKE_PREFIX_PATH}:/opt/ros/humble /usr/bin/cmake --install /home/dtc-mrsd/Downloads/ros2_gimbal_ws/build/gimbal_capture_image
