[0.243s] Invoking command in '/home/dtc-mrsd/Downloads/ros2_gimbal_ws/build/vision_opencv': AMENT_PREFIX_PATH=/home/dtc-mrsd/Downloads/ros2_gimbal_ws/install/image_geometry:/home/dtc-mrsd/Downloads/ros2_gimbal_ws/install/cv_bridge CMAKE_PREFIX_PATH=/home/dtc-mrsd/Downloads/ros2_gimbal_ws/install/image_geometry:/home/dtc-mrsd/Downloads/ros2_gimbal_ws/install/cv_bridge LD_LIBRARY_PATH=/home/dtc-mrsd/Downloads/ros2_gimbal_ws/install/image_geometry/lib:/home/dtc-mrsd/Downloads/ros2_gimbal_ws/install/cv_bridge/lib:/tmp/.mount_cursorilZEMT/usr/lib PYTHONPATH=/home/dtc-mrsd/Downloads/ros2_gimbal_ws/install/image_geometry/local/lib/python3.10/dist-packages:/home/dtc-mrsd/Downloads/ros2_gimbal_ws/install/cv_bridge/local/lib/python3.10/dist-packages /usr/bin/cmake --build /home/dtc-mrsd/Downloads/ros2_gimbal_ws/build/vision_opencv -- -j12 -l12
[0.276s] Invoked command in '/home/dtc-mrsd/Downloads/ros2_gimbal_ws/build/vision_opencv' returned '0': AMENT_PREFIX_PATH=/home/dtc-mrsd/Downloads/ros2_gimbal_ws/install/image_geometry:/home/dtc-mrsd/Downloads/ros2_gimbal_ws/install/cv_bridge CMAKE_PREFIX_PATH=/home/dtc-mrsd/Downloads/ros2_gimbal_ws/install/image_geometry:/home/dtc-mrsd/Downloads/ros2_gimbal_ws/install/cv_bridge LD_LIBRARY_PATH=/home/dtc-mrsd/Downloads/ros2_gimbal_ws/install/image_geometry/lib:/home/dtc-mrsd/Downloads/ros2_gimbal_ws/install/cv_bridge/lib:/tmp/.mount_cursorilZEMT/usr/lib PYTHONPATH=/home/dtc-mrsd/Downloads/ros2_gimbal_ws/install/image_geometry/local/lib/python3.10/dist-packages:/home/dtc-mrsd/Downloads/ros2_gimbal_ws/install/cv_bridge/local/lib/python3.10/dist-packages /usr/bin/cmake --build /home/dtc-mrsd/Downloads/ros2_gimbal_ws/build/vision_opencv -- -j12 -l12
[0.277s] Invoking command in '/home/dtc-mrsd/Downloads/ros2_gimbal_ws/build/vision_opencv': AMENT_PREFIX_PATH=/home/dtc-mrsd/Downloads/ros2_gimbal_ws/install/image_geometry:/home/dtc-mrsd/Downloads/ros2_gimbal_ws/install/cv_bridge CMAKE_PREFIX_PATH=/home/dtc-mrsd/Downloads/ros2_gimbal_ws/install/image_geometry:/home/dtc-mrsd/Downloads/ros2_gimbal_ws/install/cv_bridge LD_LIBRARY_PATH=/home/dtc-mrsd/Downloads/ros2_gimbal_ws/install/image_geometry/lib:/home/dtc-mrsd/Downloads/ros2_gimbal_ws/install/cv_bridge/lib:/tmp/.mount_cursorilZEMT/usr/lib PYTHONPATH=/home/dtc-mrsd/Downloads/ros2_gimbal_ws/install/image_geometry/local/lib/python3.10/dist-packages:/home/dtc-mrsd/Downloads/ros2_gimbal_ws/install/cv_bridge/local/lib/python3.10/dist-packages /usr/bin/cmake --install /home/dtc-mrsd/Downloads/ros2_gimbal_ws/build/vision_opencv
[0.284s] -- Install configuration: ""
[0.284s] -- Up-to-date: /home/dtc-mrsd/Downloads/ros2_gimbal_ws/install/vision_opencv/share/ament_index/resource_index/package_run_dependencies/vision_opencv
[0.284s] -- Up-to-date: /home/dtc-mrsd/Downloads/ros2_gimbal_ws/install/vision_opencv/share/ament_index/resource_index/parent_prefix_path/vision_opencv
[0.285s] -- Up-to-date: /home/dtc-mrsd/Downloads/ros2_gimbal_ws/install/vision_opencv/share/vision_opencv/environment/ament_prefix_path.sh
[0.285s] -- Up-to-date: /home/dtc-mrsd/Downloads/ros2_gimbal_ws/install/vision_opencv/share/vision_opencv/environment/ament_prefix_path.dsv
[0.285s] -- Up-to-date: /home/dtc-mrsd/Downloads/ros2_gimbal_ws/install/vision_opencv/share/vision_opencv/environment/path.sh
[0.285s] -- Up-to-date: /home/dtc-mrsd/Downloads/ros2_gimbal_ws/install/vision_opencv/share/vision_opencv/environment/path.dsv
[0.285s] -- Up-to-date: /home/dtc-mrsd/Downloads/ros2_gimbal_ws/install/vision_opencv/share/vision_opencv/local_setup.bash
[0.285s] -- Up-to-date: /home/dtc-mrsd/Downloads/ros2_gimbal_ws/install/vision_opencv/share/vision_opencv/local_setup.sh
[0.285s] -- Up-to-date: /home/dtc-mrsd/Downloads/ros2_gimbal_ws/install/vision_opencv/share/vision_opencv/local_setup.zsh
[0.285s] -- Up-to-date: /home/dtc-mrsd/Downloads/ros2_gimbal_ws/install/vision_opencv/share/vision_opencv/local_setup.dsv
[0.285s] -- Installing: /home/dtc-mrsd/Downloads/ros2_gimbal_ws/install/vision_opencv/share/vision_opencv/package.dsv
[0.285s] -- Up-to-date: /home/dtc-mrsd/Downloads/ros2_gimbal_ws/install/vision_opencv/share/ament_index/resource_index/packages/vision_opencv
[0.285s] -- Up-to-date: /home/dtc-mrsd/Downloads/ros2_gimbal_ws/install/vision_opencv/share/vision_opencv/cmake/vision_opencvConfig.cmake
[0.285s] -- Up-to-date: /home/dtc-mrsd/Downloads/ros2_gimbal_ws/install/vision_opencv/share/vision_opencv/cmake/vision_opencvConfig-version.cmake
[0.285s] -- Up-to-date: /home/dtc-mrsd/Downloads/ros2_gimbal_ws/install/vision_opencv/share/vision_opencv/package.xml
[0.286s] Invoked command in '/home/dtc-mrsd/Downloads/ros2_gimbal_ws/build/vision_opencv' returned '0': AMENT_PREFIX_PATH=/home/dtc-mrsd/Downloads/ros2_gimbal_ws/install/image_geometry:/home/dtc-mrsd/Downloads/ros2_gimbal_ws/install/cv_bridge CMAKE_PREFIX_PATH=/home/dtc-mrsd/Downloads/ros2_gimbal_ws/install/image_geometry:/home/dtc-mrsd/Downloads/ros2_gimbal_ws/install/cv_bridge LD_LIBRARY_PATH=/home/dtc-mrsd/Downloads/ros2_gimbal_ws/install/image_geometry/lib:/home/dtc-mrsd/Downloads/ros2_gimbal_ws/install/cv_bridge/lib:/tmp/.mount_cursorilZEMT/usr/lib PYTHONPATH=/home/dtc-mrsd/Downloads/ros2_gimbal_ws/install/image_geometry/local/lib/python3.10/dist-packages:/home/dtc-mrsd/Downloads/ros2_gimbal_ws/install/cv_bridge/local/lib/python3.10/dist-packages /usr/bin/cmake --install /home/dtc-mrsd/Downloads/ros2_gimbal_ws/build/vision_opencv
