[0.022s] Invoking command in '/home/dtc-mrsd/Downloads/ros2_gimbal_ws/build/image_publisher': AMENT_PREFIX_PATH=/home/dtc-mrsd/Downloads/ros2_gimbal_ws/install/cv_bridge:${AMENT_PREFIX_PATH} CMAKE_PREFIX_PATH=/home/dtc-mrsd/Downloads/ros2_gimbal_ws/install/cv_bridge:/opt/ros/humble LD_LIBRARY_PATH=/home/dtc-mrsd/Downloads/ros2_gimbal_ws/install/cv_bridge/lib:/opt/ros/humble/opt/rviz_ogre_vendor/lib:/opt/ros/humble/lib/x86_64-linux-gnu:/opt/ros/humble/lib:/tmp/.mount_cursorilZEMT/usr/lib PYTHONPATH=/home/dtc-mrsd/Downloads/ros2_gimbal_ws/install/cv_bridge/local/lib/python3.10/dist-packages:${PYTHONPATH} /usr/bin/cmake /home/dtc-mrsd/Downloads/ros2_gimbal_ws/src/image_publisher -DGHADRON=1 -DCMAKE_INSTALL_PREFIX=/home/dtc-mrsd/Downloads/ros2_gimbal_ws/install/image_publisher
[0.386s] -- Found cv_bridge: 3.2.1 (/opt/ros/humble/share/cv_bridge/cmake)
[0.387s] -- Found rosidl_generator_c: 3.1.6 (/opt/ros/humble/share/rosidl_generator_c/cmake)
[0.387s] -- Found rosidl_adapter: 3.1.6 (/opt/ros/humble/share/rosidl_adapter/cmake)
[0.387s] -- Found rosidl_generator_cpp: 3.1.6 (/opt/ros/humble/share/rosidl_generator_cpp/cmake)
[0.387s] -- Using all available rosidl_typesupport_c: rosidl_typesupport_fastrtps_c;rosidl_typesupport_introspection_c
[0.387s] -- Using all available rosidl_typesupport_cpp: rosidl_typesupport_fastrtps_cpp;rosidl_typesupport_introspection_cpp
[0.387s] -- Found ament_cmake_auto: 1.3.11 (/opt/ros/humble/share/ament_cmake_auto/cmake)
[0.387s] -- Found camera_info_manager: 3.1.10 (/opt/ros/humble/share/camera_info_manager/cmake)
[0.394s] -- Found rmw_implementation_cmake: 6.1.2 (/opt/ros/humble/share/rmw_implementation_cmake/cmake)
[0.396s] -- Found rmw_fastrtps_cpp: 6.2.7 (/opt/ros/humble/share/rmw_fastrtps_cpp/cmake)
[0.507s] -- Using RMW implementation 'rmw_fastrtps_cpp' as default
[0.686s] -- opencv version 4.5.4
[0.691s] -- Found ament_lint_auto: 0.12.11 (/opt/ros/humble/share/ament_lint_auto/cmake)
[0.703s] -- Added test 'copyright' to check source files copyright and LICENSE
[0.704s] -- Added test 'cppcheck' to perform static code analysis on C / C++ code
[0.705s] -- Configured cppcheck include dirs: /home/dtc-mrsd/Downloads/ros2_gimbal_ws/src/image_publisher/include
[0.705s] -- Configured cppcheck exclude dirs and/or files: 
[0.706s] -- Added test 'cpplint' to check C / C++ code against the Google style
[0.707s] -- Configured cpplint exclude dirs and/or files: 
[0.708s] -- Added test 'flake8' to check Python code syntax and style conventions
[0.709s] -- Added test 'lint_cmake' to check CMake code style
[0.709s] -- Added test 'pep257' to check Python code against some of the docstring style conventions in PEP 257
[0.710s] -- Added test 'uncrustify' to check C / C++ code style
[0.710s] -- Configured uncrustify additional arguments: 
[0.710s] -- Added test 'xmllint' to check XML markup files
[0.710s] -- Configuring done
[0.733s] -- Generating done
[0.741s] -- Build files have been written to: /home/dtc-mrsd/Downloads/ros2_gimbal_ws/build/image_publisher
[0.751s] Invoked command in '/home/dtc-mrsd/Downloads/ros2_gimbal_ws/build/image_publisher' returned '0': AMENT_PREFIX_PATH=/home/dtc-mrsd/Downloads/ros2_gimbal_ws/install/cv_bridge:${AMENT_PREFIX_PATH} CMAKE_PREFIX_PATH=/home/dtc-mrsd/Downloads/ros2_gimbal_ws/install/cv_bridge:/opt/ros/humble LD_LIBRARY_PATH=/home/dtc-mrsd/Downloads/ros2_gimbal_ws/install/cv_bridge/lib:/opt/ros/humble/opt/rviz_ogre_vendor/lib:/opt/ros/humble/lib/x86_64-linux-gnu:/opt/ros/humble/lib:/tmp/.mount_cursorilZEMT/usr/lib PYTHONPATH=/home/dtc-mrsd/Downloads/ros2_gimbal_ws/install/cv_bridge/local/lib/python3.10/dist-packages:${PYTHONPATH} /usr/bin/cmake /home/dtc-mrsd/Downloads/ros2_gimbal_ws/src/image_publisher -DGHADRON=1 -DCMAKE_INSTALL_PREFIX=/home/dtc-mrsd/Downloads/ros2_gimbal_ws/install/image_publisher
[0.753s] Invoking command in '/home/dtc-mrsd/Downloads/ros2_gimbal_ws/build/image_publisher': AMENT_PREFIX_PATH=/home/dtc-mrsd/Downloads/ros2_gimbal_ws/install/cv_bridge:${AMENT_PREFIX_PATH} CMAKE_PREFIX_PATH=/home/dtc-mrsd/Downloads/ros2_gimbal_ws/install/cv_bridge:/opt/ros/humble LD_LIBRARY_PATH=/home/dtc-mrsd/Downloads/ros2_gimbal_ws/install/cv_bridge/lib:/opt/ros/humble/opt/rviz_ogre_vendor/lib:/opt/ros/humble/lib/x86_64-linux-gnu:/opt/ros/humble/lib:/tmp/.mount_cursorilZEMT/usr/lib PYTHONPATH=/home/dtc-mrsd/Downloads/ros2_gimbal_ws/install/cv_bridge/local/lib/python3.10/dist-packages:${PYTHONPATH} /usr/bin/cmake --build /home/dtc-mrsd/Downloads/ros2_gimbal_ws/build/image_publisher -- -j12 -l12
[0.808s] [ 25%] [32mBuilding CXX object CMakeFiles/image_publisher.dir/src/image_publisher.cpp.o[0m
[3.832s] [01m[K/home/dtc-mrsd/Downloads/ros2_gimbal_ws/src/image_publisher/src/image_publisher.cpp:[m[K In constructor ‘[01m[Kimage_publisher::ImagePublisher::ImagePublisher(const rclcpp::NodeOptions&, const string&)[m[K’:
[3.833s] [01m[K/home/dtc-mrsd/Downloads/ros2_gimbal_ws/src/image_publisher/src/image_publisher.cpp:69:50:[m[K [01;31m[Kerror: [m[Ktoo many arguments to function ‘[01m[Kimage_transport::CameraPublisher image_transport::create_camera_publisher(rclcpp::Node*, const string&, rmw_qos_profile_t)[m[K’
[3.833s]    69 |   pub_ = [01;31m[Kimage_transport::create_camera_publisher(this, topic_name, rmw_qos_profile_default,[m[K
[3.833s]       |          [01;31m[K~~~~~~~~~~~~~~~~~~~~~~~~~~~~~~~~~~~~~~~~^~~~~~~~~~~~~~~~~~~~~~~~~~~~~~~~~~~~~~~~~~~[m[K
[3.833s]    70 | [01;31m[K      pub_options)[m[K;
[3.833s]       |       [01;31m[K~~~~~~~~~~~~[m[K                                
[3.833s] In file included from [01m[K/home/dtc-mrsd/Downloads/ros2_gimbal_ws/src/image_publisher/include/image_publisher/image_publisher.hpp:38[m[K,
[3.833s]                  from [01m[K/home/dtc-mrsd/Downloads/ros2_gimbal_ws/src/image_publisher/src/image_publisher.cpp:48[m[K:
[3.833s] [01m[K/opt/ros/humble/include/image_transport/image_transport/image_transport.hpp:74:17:[m[K [01;36m[Knote: [m[Kdeclared here
[3.833s]    74 | CameraPublisher [01;36m[Kcreate_camera_publisher[m[K(
[3.833s]       |                 [01;36m[K^~~~~~~~~~~~~~~~~~~~~~~[m[K
[5.038s] gmake[2]: *** [CMakeFiles/image_publisher.dir/build.make:76: CMakeFiles/image_publisher.dir/src/image_publisher.cpp.o] Error 1
[5.038s] gmake[1]: *** [CMakeFiles/Makefile2:139: CMakeFiles/image_publisher.dir/all] Error 2
[5.039s] gmake: *** [Makefile:146: all] Error 2
[5.041s] Invoked command in '/home/dtc-mrsd/Downloads/ros2_gimbal_ws/build/image_publisher' returned '2': AMENT_PREFIX_PATH=/home/dtc-mrsd/Downloads/ros2_gimbal_ws/install/cv_bridge:${AMENT_PREFIX_PATH} CMAKE_PREFIX_PATH=/home/dtc-mrsd/Downloads/ros2_gimbal_ws/install/cv_bridge:/opt/ros/humble LD_LIBRARY_PATH=/home/dtc-mrsd/Downloads/ros2_gimbal_ws/install/cv_bridge/lib:/opt/ros/humble/opt/rviz_ogre_vendor/lib:/opt/ros/humble/lib/x86_64-linux-gnu:/opt/ros/humble/lib:/tmp/.mount_cursorilZEMT/usr/lib PYTHONPATH=/home/dtc-mrsd/Downloads/ros2_gimbal_ws/install/cv_bridge/local/lib/python3.10/dist-packages:${PYTHONPATH} /usr/bin/cmake --build /home/dtc-mrsd/Downloads/ros2_gimbal_ws/build/image_publisher -- -j12 -l12
