[0.032s] Invoking command in '/home/dtc-mrsd/Downloads/ros2_gimbal_ws/build/PayloadSDK': /usr/bin/cmake /home/dtc-mrsd/Downloads/ros2_gimbal_ws/src/PayloadSdk -DGHADRON=1 -DCMAKE_INSTALL_PREFIX=/home/dtc-mrsd/Downloads/ros2_gimbal_ws/install/PayloadSDK
[0.050s] [0m-- GHADRON: 1[0m
[0.054s] [0mProcessor detected: x86_64[0m
[0.055s] [0mPath to library: /home/dtc-mrsd/Downloads/ros2_gimbal_ws/src/PayloadSdk/libs/x86_64[0m
[0.093s] -- SUBMODULE_VAR = /home/dtc-mrsd/Downloads/ros2_gimbal_ws/src/PayloadSdk/libs
[0.094s] -- Configuring done
[0.114s] -- Generating done
[0.121s] -- Build files have been written to: /home/dtc-mrsd/Downloads/ros2_gimbal_ws/build/PayloadSDK
[0.127s] Invoked command in '/home/dtc-mrsd/Downloads/ros2_gimbal_ws/build/PayloadSDK' returned '0': /usr/bin/cmake /home/dtc-mrsd/Downloads/ros2_gimbal_ws/src/PayloadSdk -DGHADRON=1 -DCMAKE_INSTALL_PREFIX=/home/dtc-mrsd/Downloads/ros2_gimbal_ws/install/PayloadSDK
[0.129s] Invoking command in '/home/dtc-mrsd/Downloads/ros2_gimbal_ws/build/PayloadSDK': /usr/bin/cmake --build /home/dtc-mrsd/Downloads/ros2_gimbal_ws/build/PayloadSDK -- -j12 -l12
[0.179s] [35m[1mConsolidate compiler generated dependencies of target connect[0m
[0.182s] [35m[1mConsolidate compiler generated dependencies of target eo_set_camera_zoom_focus[0m
[0.183s] [35m[1mConsolidate compiler generated dependencies of target eo_capture_image[0m
[0.187s] [35m[1mConsolidate compiler generated dependencies of target eo_record_video[0m
[0.191s] [35m[1mConsolidate compiler generated dependencies of target move_gimbal_angle_mode[0m
[0.192s] [35m[1mConsolidate compiler generated dependencies of target move_gimbal_speed_mode[0m
[0.193s] [35m[1mConsolidate compiler generated dependencies of target ir_set_camera_zoom[0m
[0.200s] [35m[1mConsolidate compiler generated dependencies of target ir_record_video[0m
[0.201s] [35m[1mConsolidate compiler generated dependencies of target load_payload_settings[0m
[0.206s] [35m[1mConsolidate compiler generated dependencies of target gimbal_set_mode[0m
[0.206s] [35m[1mConsolidate compiler generated dependencies of target ir_capture_image[0m
[0.211s] [35m[1mConsolidate compiler generated dependencies of target get_video_streaming[0m
[0.223s] [  7%] Built target connect
[0.234s] [ 14%] Built target eo_capture_image
[0.237s] [ 21%] Built target eo_record_video
[0.241s] [ 32%] Built target move_gimbal_angle_mode
[0.241s] [ 35%] Built target eo_set_camera_zoom_focus
[0.245s] [ 42%] Built target ir_record_video
[0.252s] [ 50%] Built target move_gimbal_speed_mode
[0.252s] [ 57%] Built target gimbal_set_mode
[0.252s] [ 64%] Built target load_payload_settings
[0.253s] [ 71%] Built target ir_set_camera_zoom
[0.254s] [ 78%] Built target get_video_streaming
[0.255s] [ 85%] Built target ir_capture_image
[0.255s] [35m[1mConsolidate compiler generated dependencies of target ir_set_palete[0m
[0.259s] [35m[1mConsolidate compiler generated dependencies of target download_media_files[0m
[0.269s] [ 92%] Built target ir_set_palete
[0.272s] [100%] Built target download_media_files
[0.282s] Invoked command in '/home/dtc-mrsd/Downloads/ros2_gimbal_ws/build/PayloadSDK' returned '0': /usr/bin/cmake --build /home/dtc-mrsd/Downloads/ros2_gimbal_ws/build/PayloadSDK -- -j12 -l12
