[0.030s] Invoking command in '/home/dtc-mrsd/Downloads/ros2_gimbal_ws/build/PayloadSDK': /usr/bin/cmake --build /home/dtc-mrsd/Downloads/ros2_gimbal_ws/build/PayloadSDK -- -j12 -l12
[0.057s] [0m-- GHADRON: 1[0m
[0.061s] [0mProcessor detected: x86_64[0m
[0.061s] [0mPath to library: /home/dtc-mrsd/Downloads/ros2_gimbal_ws/src/PayloadSdk/libs/x86_64[0m
[0.117s] -- SUBMODULE_VAR = /home/dtc-mrsd/Downloads/ros2_gimbal_ws/src/PayloadSdk/libs
[0.118s] -- Configuring done
[0.144s] -- Generating done
[0.152s] -- Build files have been written to: /home/dtc-mrsd/Downloads/ros2_gimbal_ws/build/PayloadSDK
[0.191s] [35m[1mConsolidate compiler generated dependencies of target connect[0m
[0.195s] [35m[1mConsolidate compiler generated dependencies of target load_payload_settings[0m
[0.195s] [35m[1mConsolidate compiler generated dependencies of target ir_capture_image[0m
[0.199s] [35m[1mConsolidate compiler generated dependencies of target get_video_streaming[0m
[0.202s] [35m[1mConsolidate compiler generated dependencies of target eo_capture_image[0m
[0.205s] [35m[1mConsolidate compiler generated dependencies of target eo_record_video[0m
[0.208s] [35m[1mConsolidate compiler generated dependencies of target ir_record_video[0m
[0.213s] [35m[1mConsolidate compiler generated dependencies of target ir_set_camera_zoom[0m
[0.214s] [35m[1mConsolidate compiler generated dependencies of target move_gimbal_speed_mode[0m
[0.217s] [35m[1mConsolidate compiler generated dependencies of target gimbal_set_mode[0m
[0.217s] [35m[1mConsolidate compiler generated dependencies of target move_gimbal_angle_mode[0m
[0.225s] [35m[1mConsolidate compiler generated dependencies of target eo_set_camera_zoom_focus[0m
[0.238s] [ 14%] Built target load_payload_settings
[0.238s] [ 14%] Built target connect
[0.244s] [ 21%] Built target eo_capture_image
[0.245s] [ 28%] Built target ir_capture_image
[0.249s] [ 35%] Built target get_video_streaming
[0.249s] [ 42%] Built target eo_record_video
[0.257s] [ 50%] Built target ir_set_camera_zoom
[0.260s] [ 57%] Built target gimbal_set_mode
[0.265s] [ 64%] Built target ir_record_video
[0.269s] [ 71%] Built target eo_set_camera_zoom_focus
[0.272s] [ 78%] Built target move_gimbal_angle_mode
[0.274s] [35m[1mConsolidate compiler generated dependencies of target ir_set_palete[0m
[0.274s] [ 85%] Built target move_gimbal_speed_mode
[0.274s] [35m[1mConsolidate compiler generated dependencies of target download_media_files[0m
[0.290s] [ 89%] [32mBuilding CXX object examples/CMakeFiles/download_media_files.dir/download_media_files.cpp.o[0m
[0.292s] [ 96%] Built target ir_set_palete
[2.731s] [100%] [32m[1mLinking CXX executable download_media_files[0m
[2.910s] [100%] Built target download_media_files
[2.921s] Invoked command in '/home/dtc-mrsd/Downloads/ros2_gimbal_ws/build/PayloadSDK' returned '0': /usr/bin/cmake --build /home/dtc-mrsd/Downloads/ros2_gimbal_ws/build/PayloadSDK -- -j12 -l12
