[0.025s] Invoking command in '/home/dtc-mrsd/Downloads/ros2_gimbal_ws/build/image_publisher': CMAKE_PREFIX_PATH=/opt/ros/humble /usr/bin/cmake /home/dtc-mrsd/Downloads/ros2_gimbal_ws/src/image_publisher -DGHADRON=1 -DCMAKE_INSTALL_PREFIX=/home/dtc-mrsd/Downloads/ros2_gimbal_ws/install/image_publisher
[0.154s] -- The C compiler identification is GNU 11.4.0
[0.219s] -- The CXX compiler identification is GNU 11.4.0
[0.232s] -- Detecting C compiler ABI info
[0.310s] -- Detecting C compiler ABI info - done
[0.319s] -- Check for working C compiler: /usr/bin/cc - skipped
[0.319s] -- Detecting C compile features
[0.319s] -- Detecting C compile features - done
[0.323s] -- Detecting CXX compiler ABI info
[0.403s] -- Detecting CXX compiler ABI info - done
[0.411s] -- Check for working CXX compiler: /usr/bin/c++ - skipped
[0.412s] -- Detecting CXX compile features
[0.412s] -- Detecting CXX compile features - done
[0.415s] -- Found ament_cmake_auto: 1.3.11 (/opt/ros/humble/share/ament_cmake_auto/cmake)
[0.573s] -- Found Python3: /usr/bin/python3 (found version "3.10.12") found components: Interpreter 
[0.689s] [31mCMake Error at CMakeLists.txt:14 (find_package):
[0.689s]   By not providing "Findcamera_info_manager.cmake" in CMAKE_MODULE_PATH this
[0.689s]   project has asked CMake to find a package configuration file provided by
[0.689s]   "camera_info_manager", but CMake did not find one.
[0.689s] 
[0.689s]   Could not find a package configuration file provided by
[0.689s]   "camera_info_manager" with any of the following names:
[0.689s] 
[0.689s]     camera_info_managerConfig.cmake
[0.689s]     camera_info_manager-config.cmake
[0.689s] 
[0.689s]   Add the installation prefix of "camera_info_manager" to CMAKE_PREFIX_PATH
[0.689s]   or set "camera_info_manager_DIR" to a directory containing one of the above
[0.689s]   files.  If "camera_info_manager" provides a separate development package or
[0.689s]   SDK, be sure it has been installed.
[0.689s] 
[0.690s] [0m
[0.690s] -- Configuring incomplete, errors occurred!
[0.690s] See also "/home/dtc-mrsd/Downloads/ros2_gimbal_ws/build/image_publisher/CMakeFiles/CMakeOutput.log".
[0.693s] Invoked command in '/home/dtc-mrsd/Downloads/ros2_gimbal_ws/build/image_publisher' returned '1': CMAKE_PREFIX_PATH=/opt/ros/humble /usr/bin/cmake /home/dtc-mrsd/Downloads/ros2_gimbal_ws/src/image_publisher -DGHADRON=1 -DCMAKE_INSTALL_PREFIX=/home/dtc-mrsd/Downloads/ros2_gimbal_ws/install/image_publisher
