[0.118s] DEBUG:colcon:Command line arguments: ['/usr/bin/colcon', 'build', '--cmake-args', '-DGHADRON=1']
[0.118s] DEBUG:colcon:Parsed command line arguments: Namespace(log_base=None, log_level=None, verb_name='build', build_base='build', install_base='install', merge_install=False, symlink_install=False, test_result_base=None, continue_on_error=False, executor='parallel', parallel_workers=12, event_handlers=None, ignore_user_meta=False, metas=['./colcon.meta'], base_paths=['.'], packages_ignore=None, packages_ignore_regex=None, paths=None, packages_up_to=None, packages_up_to_regex=None, packages_above=None, packages_above_and_dependencies=None, packages_above_depth=None, packages_select_by_dep=None, packages_skip_by_dep=None, packages_skip_up_to=None, packages_select_build_failed=False, packages_skip_build_finished=False, packages_select_test_failures=False, packages_skip_test_passed=False, packages_select=None, packages_skip=None, packages_select_regex=None, packages_skip_regex=None, packages_start=None, packages_end=None, allow_overriding=[], cmake_args=['-DGHADRON=1'], cmake_target=None, cmake_target_skip_unavailable=False, cmake_clean_cache=False, cmake_clean_first=False, cmake_force_configure=False, ament_cmake_args=None, catkin_cmake_args=None, catkin_skip_building_tests=False, mixin_files=None, mixin=None, verb_parser=<colcon_mixin.mixin.mixin_argument.MixinArgumentDecorator object at 0x7c3864683430>, verb_extension=<colcon_core.verb.build.BuildVerb object at 0x7c3864683010>, main=<bound method BuildVerb.main of <colcon_core.verb.build.BuildVerb object at 0x7c3864683010>>, mixin_verb=('build',))
[0.323s] Level 1:colcon.colcon_core.package_discovery:discover_packages(colcon_meta) check parameters
[0.323s] Level 1:colcon.colcon_core.package_discovery:discover_packages(recursive) check parameters
[0.323s] Level 1:colcon.colcon_core.package_discovery:discover_packages(ignore) check parameters
[0.323s] Level 1:colcon.colcon_core.package_discovery:discover_packages(path) check parameters
[0.323s] Level 1:colcon.colcon_core.package_discovery:discover_packages(colcon_meta) discover
[0.323s] Level 1:colcon.colcon_core.package_discovery:discover_packages(recursive) discover
[0.323s] INFO:colcon.colcon_core.package_discovery:Crawling recursively for packages in '/home/dtc-mrsd/Downloads/ros2_gimbal_ws'
[0.323s] Level 1:colcon.colcon_core.package_identification:_identify(.) by extensions ['ignore', 'ignore_ament_install']
[0.324s] Level 1:colcon.colcon_core.package_identification:_identify(.) by extension 'ignore'
[0.324s] Level 1:colcon.colcon_core.package_identification:_identify(.) by extension 'ignore_ament_install'
[0.324s] Level 1:colcon.colcon_core.package_identification:_identify(.) by extensions ['colcon_pkg']
[0.324s] Level 1:colcon.colcon_core.package_identification:_identify(.) by extension 'colcon_pkg'
[0.324s] Level 1:colcon.colcon_core.package_identification:_identify(.) by extensions ['colcon_meta']
[0.324s] Level 1:colcon.colcon_core.package_identification:_identify(.) by extension 'colcon_meta'
[0.324s] Level 1:colcon.colcon_core.package_identification:_identify(.) by extensions ['ros']
[0.324s] Level 1:colcon.colcon_core.package_identification:_identify(.) by extension 'ros'
[0.335s] Level 1:colcon.colcon_core.package_identification:_identify(.) by extensions ['cmake', 'python']
[0.335s] Level 1:colcon.colcon_core.package_identification:_identify(.) by extension 'cmake'
[0.335s] Level 1:colcon.colcon_core.package_identification:_identify(.) by extension 'python'
[0.335s] Level 1:colcon.colcon_core.package_identification:_identify(.) by extensions ['python_setup_py']
[0.335s] Level 1:colcon.colcon_core.package_identification:_identify(.) by extension 'python_setup_py'
[0.335s] Level 1:colcon.colcon_core.package_identification:_identify(build) by extensions ['ignore', 'ignore_ament_install']
[0.335s] Level 1:colcon.colcon_core.package_identification:_identify(build) by extension 'ignore'
[0.335s] Level 1:colcon.colcon_core.package_identification:_identify(build) ignored
[0.335s] Level 1:colcon.colcon_core.package_identification:_identify(install) by extensions ['ignore', 'ignore_ament_install']
[0.336s] Level 1:colcon.colcon_core.package_identification:_identify(install) by extension 'ignore'
[0.336s] Level 1:colcon.colcon_core.package_identification:_identify(install) ignored
[0.336s] Level 1:colcon.colcon_core.package_identification:_identify(log) by extensions ['ignore', 'ignore_ament_install']
[0.336s] Level 1:colcon.colcon_core.package_identification:_identify(log) by extension 'ignore'
[0.336s] Level 1:colcon.colcon_core.package_identification:_identify(log) ignored
[0.336s] Level 1:colcon.colcon_core.package_identification:_identify(src) by extensions ['ignore', 'ignore_ament_install']
[0.336s] Level 1:colcon.colcon_core.package_identification:_identify(src) by extension 'ignore'
[0.336s] Level 1:colcon.colcon_core.package_identification:_identify(src) by extension 'ignore_ament_install'
[0.336s] Level 1:colcon.colcon_core.package_identification:_identify(src) by extensions ['colcon_pkg']
[0.336s] Level 1:colcon.colcon_core.package_identification:_identify(src) by extension 'colcon_pkg'
[0.336s] Level 1:colcon.colcon_core.package_identification:_identify(src) by extensions ['colcon_meta']
[0.336s] Level 1:colcon.colcon_core.package_identification:_identify(src) by extension 'colcon_meta'
[0.336s] Level 1:colcon.colcon_core.package_identification:_identify(src) by extensions ['ros']
[0.336s] Level 1:colcon.colcon_core.package_identification:_identify(src) by extension 'ros'
[0.336s] Level 1:colcon.colcon_core.package_identification:_identify(src) by extensions ['cmake', 'python']
[0.336s] Level 1:colcon.colcon_core.package_identification:_identify(src) by extension 'cmake'
[0.336s] Level 1:colcon.colcon_core.package_identification:_identify(src) by extension 'python'
[0.337s] Level 1:colcon.colcon_core.package_identification:_identify(src) by extensions ['python_setup_py']
[0.337s] Level 1:colcon.colcon_core.package_identification:_identify(src) by extension 'python_setup_py'
[0.337s] Level 1:colcon.colcon_core.package_identification:_identify(src/PayloadSdk) by extensions ['ignore', 'ignore_ament_install']
[0.337s] Level 1:colcon.colcon_core.package_identification:_identify(src/PayloadSdk) by extension 'ignore'
[0.337s] Level 1:colcon.colcon_core.package_identification:_identify(src/PayloadSdk) by extension 'ignore_ament_install'
[0.337s] Level 1:colcon.colcon_core.package_identification:_identify(src/PayloadSdk) by extensions ['colcon_pkg']
[0.337s] Level 1:colcon.colcon_core.package_identification:_identify(src/PayloadSdk) by extension 'colcon_pkg'
[0.337s] Level 1:colcon.colcon_core.package_identification:_identify(src/PayloadSdk) by extensions ['colcon_meta']
[0.337s] Level 1:colcon.colcon_core.package_identification:_identify(src/PayloadSdk) by extension 'colcon_meta'
[0.337s] Level 1:colcon.colcon_core.package_identification:_identify(src/PayloadSdk) by extensions ['ros']
[0.337s] Level 1:colcon.colcon_core.package_identification:_identify(src/PayloadSdk) by extension 'ros'
[0.337s] Level 1:colcon.colcon_core.package_identification:_identify(src/PayloadSdk) by extensions ['cmake', 'python']
[0.337s] Level 1:colcon.colcon_core.package_identification:_identify(src/PayloadSdk) by extension 'cmake'
[0.344s] Level 1:colcon.colcon_core.package_identification:_identify(src/PayloadSdk) by extension 'python'
[0.344s] DEBUG:colcon.colcon_core.package_identification:Package 'src/PayloadSdk' with type 'cmake' and name 'PayloadSDK'
[0.344s] Level 1:colcon.colcon_core.package_identification:_identify(src/gimbal_angle_control) by extensions ['ignore', 'ignore_ament_install']
[0.344s] Level 1:colcon.colcon_core.package_identification:_identify(src/gimbal_angle_control) by extension 'ignore'
[0.345s] Level 1:colcon.colcon_core.package_identification:_identify(src/gimbal_angle_control) by extension 'ignore_ament_install'
[0.345s] Level 1:colcon.colcon_core.package_identification:_identify(src/gimbal_angle_control) by extensions ['colcon_pkg']
[0.345s] Level 1:colcon.colcon_core.package_identification:_identify(src/gimbal_angle_control) by extension 'colcon_pkg'
[0.345s] Level 1:colcon.colcon_core.package_identification:_identify(src/gimbal_angle_control) by extensions ['colcon_meta']
[0.345s] Level 1:colcon.colcon_core.package_identification:_identify(src/gimbal_angle_control) by extension 'colcon_meta'
[0.345s] Level 1:colcon.colcon_core.package_identification:_identify(src/gimbal_angle_control) by extensions ['ros']
[0.345s] Level 1:colcon.colcon_core.package_identification:_identify(src/gimbal_angle_control) by extension 'ros'
[0.355s] DEBUG:colcon.colcon_core.package_identification:Package 'src/gimbal_angle_control' with type 'ros.ament_cmake' and name 'gimbal_angle_control'
[0.356s] Level 1:colcon.colcon_core.package_identification:_identify(src/gimbal_capture_image) by extensions ['ignore', 'ignore_ament_install']
[0.356s] Level 1:colcon.colcon_core.package_identification:_identify(src/gimbal_capture_image) by extension 'ignore'
[0.356s] Level 1:colcon.colcon_core.package_identification:_identify(src/gimbal_capture_image) by extension 'ignore_ament_install'
[0.356s] Level 1:colcon.colcon_core.package_identification:_identify(src/gimbal_capture_image) by extensions ['colcon_pkg']
[0.356s] Level 1:colcon.colcon_core.package_identification:_identify(src/gimbal_capture_image) by extension 'colcon_pkg'
[0.356s] Level 1:colcon.colcon_core.package_identification:_identify(src/gimbal_capture_image) by extensions ['colcon_meta']
[0.356s] Level 1:colcon.colcon_core.package_identification:_identify(src/gimbal_capture_image) by extension 'colcon_meta'
[0.356s] Level 1:colcon.colcon_core.package_identification:_identify(src/gimbal_capture_image) by extensions ['ros']
[0.356s] Level 1:colcon.colcon_core.package_identification:_identify(src/gimbal_capture_image) by extension 'ros'
[0.357s] DEBUG:colcon.colcon_core.package_identification:Package 'src/gimbal_capture_image' with type 'ros.ament_cmake' and name 'gimbal_capture_image'
[0.357s] Level 1:colcon.colcon_core.package_identification:_identify(src/gimbal_zoom) by extensions ['ignore', 'ignore_ament_install']
[0.357s] Level 1:colcon.colcon_core.package_identification:_identify(src/gimbal_zoom) by extension 'ignore'
[0.357s] Level 1:colcon.colcon_core.package_identification:_identify(src/gimbal_zoom) by extension 'ignore_ament_install'
[0.357s] Level 1:colcon.colcon_core.package_identification:_identify(src/gimbal_zoom) by extensions ['colcon_pkg']
[0.357s] Level 1:colcon.colcon_core.package_identification:_identify(src/gimbal_zoom) by extension 'colcon_pkg'
[0.357s] Level 1:colcon.colcon_core.package_identification:_identify(src/gimbal_zoom) by extensions ['colcon_meta']
[0.357s] Level 1:colcon.colcon_core.package_identification:_identify(src/gimbal_zoom) by extension 'colcon_meta'
[0.357s] Level 1:colcon.colcon_core.package_identification:_identify(src/gimbal_zoom) by extensions ['ros']
[0.357s] Level 1:colcon.colcon_core.package_identification:_identify(src/gimbal_zoom) by extension 'ros'
[0.358s] DEBUG:colcon.colcon_core.package_identification:Package 'src/gimbal_zoom' with type 'ros.ament_cmake' and name 'gimbal_zoom'
[0.358s] Level 1:colcon.colcon_core.package_discovery:discover_packages(recursive) using defaults
[0.358s] Level 1:colcon.colcon_core.package_discovery:discover_packages(ignore) discover
[0.358s] Level 1:colcon.colcon_core.package_discovery:discover_packages(ignore) using defaults
[0.358s] Level 1:colcon.colcon_core.package_discovery:discover_packages(path) discover
[0.358s] Level 1:colcon.colcon_core.package_discovery:discover_packages(path) using defaults
[0.383s] Level 1:colcon.colcon_core.package_discovery:discover_packages(prefix_path) check parameters
[0.383s] Level 1:colcon.colcon_core.package_discovery:discover_packages(prefix_path) discover
[0.387s] DEBUG:colcon.colcon_installed_package_information.package_discovery:Found 412 installed packages in /opt/ros/humble
[0.391s] Level 1:colcon.colcon_core.package_discovery:discover_packages(prefix_path) using defaults
[0.448s] Level 5:colcon.colcon_core.verb:set package 'PayloadSDK' build argument 'cmake_args' from command line to '['-DGHADRON=1']'
[0.448s] Level 5:colcon.colcon_core.verb:set package 'PayloadSDK' build argument 'cmake_target' from command line to 'None'
[0.448s] Level 5:colcon.colcon_core.verb:set package 'PayloadSDK' build argument 'cmake_target_skip_unavailable' from command line to 'False'
[0.448s] Level 5:colcon.colcon_core.verb:set package 'PayloadSDK' build argument 'cmake_clean_cache' from command line to 'False'
[0.448s] Level 5:colcon.colcon_core.verb:set package 'PayloadSDK' build argument 'cmake_clean_first' from command line to 'False'
[0.448s] Level 5:colcon.colcon_core.verb:set package 'PayloadSDK' build argument 'cmake_force_configure' from command line to 'False'
[0.448s] Level 5:colcon.colcon_core.verb:set package 'PayloadSDK' build argument 'ament_cmake_args' from command line to 'None'
[0.448s] Level 5:colcon.colcon_core.verb:set package 'PayloadSDK' build argument 'catkin_cmake_args' from command line to 'None'
[0.448s] Level 5:colcon.colcon_core.verb:set package 'PayloadSDK' build argument 'catkin_skip_building_tests' from command line to 'False'
[0.448s] DEBUG:colcon.colcon_core.verb:Building package 'PayloadSDK' with the following arguments: {'ament_cmake_args': None, 'build_base': '/home/dtc-mrsd/Downloads/ros2_gimbal_ws/build/PayloadSDK', 'catkin_cmake_args': None, 'catkin_skip_building_tests': False, 'cmake_args': ['-DGHADRON=1'], 'cmake_clean_cache': False, 'cmake_clean_first': False, 'cmake_force_configure': False, 'cmake_target': None, 'cmake_target_skip_unavailable': False, 'install_base': '/home/dtc-mrsd/Downloads/ros2_gimbal_ws/install/PayloadSDK', 'merge_install': False, 'path': '/home/dtc-mrsd/Downloads/ros2_gimbal_ws/src/PayloadSdk', 'symlink_install': False, 'test_result_base': None}
[0.449s] Level 5:colcon.colcon_core.verb:set package 'gimbal_angle_control' build argument 'cmake_args' from command line to '['-DGHADRON=1']'
[0.449s] Level 5:colcon.colcon_core.verb:set package 'gimbal_angle_control' build argument 'cmake_target' from command line to 'None'
[0.449s] Level 5:colcon.colcon_core.verb:set package 'gimbal_angle_control' build argument 'cmake_target_skip_unavailable' from command line to 'False'
[0.449s] Level 5:colcon.colcon_core.verb:set package 'gimbal_angle_control' build argument 'cmake_clean_cache' from command line to 'False'
[0.449s] Level 5:colcon.colcon_core.verb:set package 'gimbal_angle_control' build argument 'cmake_clean_first' from command line to 'False'
[0.449s] Level 5:colcon.colcon_core.verb:set package 'gimbal_angle_control' build argument 'cmake_force_configure' from command line to 'False'
[0.449s] Level 5:colcon.colcon_core.verb:set package 'gimbal_angle_control' build argument 'ament_cmake_args' from command line to 'None'
[0.449s] Level 5:colcon.colcon_core.verb:set package 'gimbal_angle_control' build argument 'catkin_cmake_args' from command line to 'None'
[0.449s] Level 5:colcon.colcon_core.verb:set package 'gimbal_angle_control' build argument 'catkin_skip_building_tests' from command line to 'False'
[0.449s] DEBUG:colcon.colcon_core.verb:Building package 'gimbal_angle_control' with the following arguments: {'ament_cmake_args': None, 'build_base': '/home/dtc-mrsd/Downloads/ros2_gimbal_ws/build/gimbal_angle_control', 'catkin_cmake_args': None, 'catkin_skip_building_tests': False, 'cmake_args': ['-DGHADRON=1'], 'cmake_clean_cache': False, 'cmake_clean_first': False, 'cmake_force_configure': False, 'cmake_target': None, 'cmake_target_skip_unavailable': False, 'install_base': '/home/dtc-mrsd/Downloads/ros2_gimbal_ws/install/gimbal_angle_control', 'merge_install': False, 'path': '/home/dtc-mrsd/Downloads/ros2_gimbal_ws/src/gimbal_angle_control', 'symlink_install': False, 'test_result_base': None}
[0.450s] Level 5:colcon.colcon_core.verb:set package 'gimbal_capture_image' build argument 'cmake_args' from command line to '['-DGHADRON=1']'
[0.450s] Level 5:colcon.colcon_core.verb:set package 'gimbal_capture_image' build argument 'cmake_target' from command line to 'None'
[0.450s] Level 5:colcon.colcon_core.verb:set package 'gimbal_capture_image' build argument 'cmake_target_skip_unavailable' from command line to 'False'
[0.450s] Level 5:colcon.colcon_core.verb:set package 'gimbal_capture_image' build argument 'cmake_clean_cache' from command line to 'False'
[0.450s] Level 5:colcon.colcon_core.verb:set package 'gimbal_capture_image' build argument 'cmake_clean_first' from command line to 'False'
[0.450s] Level 5:colcon.colcon_core.verb:set package 'gimbal_capture_image' build argument 'cmake_force_configure' from command line to 'False'
[0.450s] Level 5:colcon.colcon_core.verb:set package 'gimbal_capture_image' build argument 'ament_cmake_args' from command line to 'None'
[0.450s] Level 5:colcon.colcon_core.verb:set package 'gimbal_capture_image' build argument 'catkin_cmake_args' from command line to 'None'
[0.450s] Level 5:colcon.colcon_core.verb:set package 'gimbal_capture_image' build argument 'catkin_skip_building_tests' from command line to 'False'
[0.450s] DEBUG:colcon.colcon_core.verb:Building package 'gimbal_capture_image' with the following arguments: {'ament_cmake_args': None, 'build_base': '/home/dtc-mrsd/Downloads/ros2_gimbal_ws/build/gimbal_capture_image', 'catkin_cmake_args': None, 'catkin_skip_building_tests': False, 'cmake_args': ['-DGHADRON=1'], 'cmake_clean_cache': False, 'cmake_clean_first': False, 'cmake_force_configure': False, 'cmake_target': None, 'cmake_target_skip_unavailable': False, 'install_base': '/home/dtc-mrsd/Downloads/ros2_gimbal_ws/install/gimbal_capture_image', 'merge_install': False, 'path': '/home/dtc-mrsd/Downloads/ros2_gimbal_ws/src/gimbal_capture_image', 'symlink_install': False, 'test_result_base': None}
[0.451s] Level 5:colcon.colcon_core.verb:set package 'gimbal_zoom' build argument 'cmake_args' from command line to '['-DGHADRON=1']'
[0.451s] Level 5:colcon.colcon_core.verb:set package 'gimbal_zoom' build argument 'cmake_target' from command line to 'None'
[0.451s] Level 5:colcon.colcon_core.verb:set package 'gimbal_zoom' build argument 'cmake_target_skip_unavailable' from command line to 'False'
[0.451s] Level 5:colcon.colcon_core.verb:set package 'gimbal_zoom' build argument 'cmake_clean_cache' from command line to 'False'
[0.451s] Level 5:colcon.colcon_core.verb:set package 'gimbal_zoom' build argument 'cmake_clean_first' from command line to 'False'
[0.451s] Level 5:colcon.colcon_core.verb:set package 'gimbal_zoom' build argument 'cmake_force_configure' from command line to 'False'
[0.451s] Level 5:colcon.colcon_core.verb:set package 'gimbal_zoom' build argument 'ament_cmake_args' from command line to 'None'
[0.451s] Level 5:colcon.colcon_core.verb:set package 'gimbal_zoom' build argument 'catkin_cmake_args' from command line to 'None'
[0.451s] Level 5:colcon.colcon_core.verb:set package 'gimbal_zoom' build argument 'catkin_skip_building_tests' from command line to 'False'
[0.451s] DEBUG:colcon.colcon_core.verb:Building package 'gimbal_zoom' with the following arguments: {'ament_cmake_args': None, 'build_base': '/home/dtc-mrsd/Downloads/ros2_gimbal_ws/build/gimbal_zoom', 'catkin_cmake_args': None, 'catkin_skip_building_tests': False, 'cmake_args': ['-DGHADRON=1'], 'cmake_clean_cache': False, 'cmake_clean_first': False, 'cmake_force_configure': False, 'cmake_target': None, 'cmake_target_skip_unavailable': False, 'install_base': '/home/dtc-mrsd/Downloads/ros2_gimbal_ws/install/gimbal_zoom', 'merge_install': False, 'path': '/home/dtc-mrsd/Downloads/ros2_gimbal_ws/src/gimbal_zoom', 'symlink_install': False, 'test_result_base': None}
[0.451s] INFO:colcon.colcon_core.executor:Executing jobs using 'parallel' executor
[0.453s] DEBUG:colcon.colcon_parallel_executor.executor.parallel:run_until_complete
[0.453s] INFO:colcon.colcon_cmake.task.cmake.build:Building CMake package in '/home/dtc-mrsd/Downloads/ros2_gimbal_ws/src/PayloadSdk'
[0.456s] INFO:colcon.colcon_core.plugin_system:Skipping extension 'colcon_core.shell.bat': Not used on non-Windows systems
[0.456s] INFO:colcon.colcon_core.shell:Skip shell extension 'powershell' for command environment: Not usable outside of PowerShell
[0.456s] DEBUG:colcon.colcon_core.shell:Skip shell extension 'dsv' for command environment
[0.461s] INFO:colcon.colcon_ros.task.ament_cmake.build:Building ROS package in '/home/dtc-mrsd/Downloads/ros2_gimbal_ws/src/gimbal_angle_control' with build type 'ament_cmake'
[0.461s] INFO:colcon.colcon_cmake.task.cmake.build:Building CMake package in '/home/dtc-mrsd/Downloads/ros2_gimbal_ws/src/gimbal_angle_control'
[0.462s] INFO:colcon.colcon_core.shell:Skip shell extension 'powershell' for command environment: Not usable outside of PowerShell
[0.462s] DEBUG:colcon.colcon_core.shell:Skip shell extension 'dsv' for command environment
[0.465s] INFO:colcon.colcon_ros.task.ament_cmake.build:Building ROS package in '/home/dtc-mrsd/Downloads/ros2_gimbal_ws/src/gimbal_capture_image' with build type 'ament_cmake'
[0.465s] INFO:colcon.colcon_cmake.task.cmake.build:Building CMake package in '/home/dtc-mrsd/Downloads/ros2_gimbal_ws/src/gimbal_capture_image'
[0.466s] INFO:colcon.colcon_core.shell:Skip shell extension 'powershell' for command environment: Not usable outside of PowerShell
[0.466s] DEBUG:colcon.colcon_core.shell:Skip shell extension 'dsv' for command environment
[0.469s] INFO:colcon.colcon_ros.task.ament_cmake.build:Building ROS package in '/home/dtc-mrsd/Downloads/ros2_gimbal_ws/src/gimbal_zoom' with build type 'ament_cmake'
[0.469s] INFO:colcon.colcon_cmake.task.cmake.build:Building CMake package in '/home/dtc-mrsd/Downloads/ros2_gimbal_ws/src/gimbal_zoom'
[0.470s] INFO:colcon.colcon_core.shell:Skip shell extension 'powershell' for command environment: Not usable outside of PowerShell
[0.470s] DEBUG:colcon.colcon_core.shell:Skip shell extension 'dsv' for command environment
[0.482s] DEBUG:colcon.colcon_core.event_handler.log_command:Invoking command in '/home/dtc-mrsd/Downloads/ros2_gimbal_ws/build/PayloadSDK': /usr/bin/cmake --build /home/dtc-mrsd/Downloads/ros2_gimbal_ws/build/PayloadSDK -- -j12 -l12
[0.484s] DEBUG:colcon.colcon_core.event_handler.log_command:Invoking command in '/home/dtc-mrsd/Downloads/ros2_gimbal_ws/build/gimbal_angle_control': CMAKE_PREFIX_PATH=/opt/ros/humble /usr/bin/cmake --build /home/dtc-mrsd/Downloads/ros2_gimbal_ws/build/gimbal_angle_control -- -j12 -l12
[0.488s] DEBUG:colcon.colcon_core.event_handler.log_command:Invoking command in '/home/dtc-mrsd/Downloads/ros2_gimbal_ws/build/gimbal_capture_image': CMAKE_PREFIX_PATH=/opt/ros/humble /usr/bin/cmake --build /home/dtc-mrsd/Downloads/ros2_gimbal_ws/build/gimbal_capture_image -- -j12 -l12
[0.494s] DEBUG:colcon.colcon_core.event_handler.log_command:Invoking command in '/home/dtc-mrsd/Downloads/ros2_gimbal_ws/build/gimbal_zoom': CMAKE_PREFIX_PATH=/opt/ros/humble /usr/bin/cmake --build /home/dtc-mrsd/Downloads/ros2_gimbal_ws/build/gimbal_zoom -- -j12 -l12
[0.618s] DEBUG:colcon.colcon_core.event_handler.log_command:Invoked command in '/home/dtc-mrsd/Downloads/ros2_gimbal_ws/build/gimbal_angle_control' returned '0': CMAKE_PREFIX_PATH=/opt/ros/humble /usr/bin/cmake --build /home/dtc-mrsd/Downloads/ros2_gimbal_ws/build/gimbal_angle_control -- -j12 -l12
[0.630s] DEBUG:colcon.colcon_core.event_handler.log_command:Invoking command in '/home/dtc-mrsd/Downloads/ros2_gimbal_ws/build/gimbal_angle_control': CMAKE_PREFIX_PATH=/opt/ros/humble /usr/bin/cmake --install /home/dtc-mrsd/Downloads/ros2_gimbal_ws/build/gimbal_angle_control
[0.631s] DEBUG:colcon.colcon_core.event_handler.log_command:Invoked command in '/home/dtc-mrsd/Downloads/ros2_gimbal_ws/build/gimbal_zoom' returned '0': CMAKE_PREFIX_PATH=/opt/ros/humble /usr/bin/cmake --build /home/dtc-mrsd/Downloads/ros2_gimbal_ws/build/gimbal_zoom -- -j12 -l12
[0.633s] DEBUG:colcon.colcon_core.event_handler.log_command:Invoking command in '/home/dtc-mrsd/Downloads/ros2_gimbal_ws/build/gimbal_zoom': CMAKE_PREFIX_PATH=/opt/ros/humble /usr/bin/cmake --install /home/dtc-mrsd/Downloads/ros2_gimbal_ws/build/gimbal_zoom
[0.634s] WARNING:colcon.colcon_cmake.task.cmake.build:Could not run installation step for package 'PayloadSDK' because it has no 'install' target
[0.634s] Level 1:colcon.colcon_core.environment:create_environment_scripts_only(PayloadSDK)
[0.635s] DEBUG:colcon.colcon_core.event_handler.log_command:Invoked command in '/home/dtc-mrsd/Downloads/ros2_gimbal_ws/build/PayloadSDK' returned '0': /usr/bin/cmake --build /home/dtc-mrsd/Downloads/ros2_gimbal_ws/build/PayloadSDK -- -j12 -l12
[0.637s] Level 1:colcon.colcon_core.environment:checking '/home/dtc-mrsd/Downloads/ros2_gimbal_ws/install/PayloadSDK' for CMake module files
[0.637s] Level 1:colcon.colcon_core.environment:checking '/home/dtc-mrsd/Downloads/ros2_gimbal_ws/install/PayloadSDK' for CMake config files
[0.638s] Level 1:colcon.colcon_core.environment:checking '/home/dtc-mrsd/Downloads/ros2_gimbal_ws/install/PayloadSDK/bin'
[0.638s] Level 1:colcon.colcon_core.environment:checking '/home/dtc-mrsd/Downloads/ros2_gimbal_ws/install/PayloadSDK/lib/pkgconfig/PayloadSDK.pc'
[0.638s] Level 1:colcon.colcon_core.environment:checking '/home/dtc-mrsd/Downloads/ros2_gimbal_ws/install/PayloadSDK/lib/python3.10/site-packages'
[0.639s] Level 1:colcon.colcon_core.environment:checking '/home/dtc-mrsd/Downloads/ros2_gimbal_ws/install/PayloadSDK/bin'
[0.639s] INFO:colcon.colcon_core.shell:Creating package script '/home/dtc-mrsd/Downloads/ros2_gimbal_ws/install/PayloadSDK/share/PayloadSDK/package.ps1'
[0.640s] INFO:colcon.colcon_core.shell:Creating package descriptor '/home/dtc-mrsd/Downloads/ros2_gimbal_ws/install/PayloadSDK/share/PayloadSDK/package.dsv'
[0.641s] INFO:colcon.colcon_core.shell:Creating package script '/home/dtc-mrsd/Downloads/ros2_gimbal_ws/install/PayloadSDK/share/PayloadSDK/package.sh'
[0.643s] INFO:colcon.colcon_core.shell:Creating package script '/home/dtc-mrsd/Downloads/ros2_gimbal_ws/install/PayloadSDK/share/PayloadSDK/package.bash'
[0.644s] INFO:colcon.colcon_core.shell:Creating package script '/home/dtc-mrsd/Downloads/ros2_gimbal_ws/install/PayloadSDK/share/PayloadSDK/package.zsh'
[0.645s] Level 1:colcon.colcon_core.environment:create_file_with_runtime_dependencies(/home/dtc-mrsd/Downloads/ros2_gimbal_ws/install/PayloadSDK/share/colcon-core/packages/PayloadSDK)
[0.647s] Level 1:colcon.colcon_core.environment:create_environment_scripts_only(gimbal_angle_control)
[0.647s] Level 1:colcon.colcon_core.environment:checking '/home/dtc-mrsd/Downloads/ros2_gimbal_ws/install/gimbal_angle_control' for CMake module files
[0.649s] Level 1:colcon.colcon_core.environment:checking '/home/dtc-mrsd/Downloads/ros2_gimbal_ws/install/gimbal_angle_control' for CMake config files
[0.650s] DEBUG:colcon.colcon_core.event_handler.log_command:Invoked command in '/home/dtc-mrsd/Downloads/ros2_gimbal_ws/build/gimbal_angle_control' returned '0': CMAKE_PREFIX_PATH=/opt/ros/humble /usr/bin/cmake --install /home/dtc-mrsd/Downloads/ros2_gimbal_ws/build/gimbal_angle_control
[0.650s] Level 1:colcon.colcon_core.shell:create_environment_hook('gimbal_angle_control', 'cmake_prefix_path')
[0.651s] INFO:colcon.colcon_core.shell:Creating environment hook '/home/dtc-mrsd/Downloads/ros2_gimbal_ws/install/gimbal_angle_control/share/gimbal_angle_control/hook/cmake_prefix_path.ps1'
[0.652s] INFO:colcon.colcon_core.shell:Creating environment descriptor '/home/dtc-mrsd/Downloads/ros2_gimbal_ws/install/gimbal_angle_control/share/gimbal_angle_control/hook/cmake_prefix_path.dsv'
[0.653s] INFO:colcon.colcon_core.shell:Creating environment hook '/home/dtc-mrsd/Downloads/ros2_gimbal_ws/install/gimbal_angle_control/share/gimbal_angle_control/hook/cmake_prefix_path.sh'
[0.654s] Level 1:colcon.colcon_core.environment:checking '/home/dtc-mrsd/Downloads/ros2_gimbal_ws/install/gimbal_angle_control/lib'
[0.654s] Level 1:colcon.colcon_core.environment:checking '/home/dtc-mrsd/Downloads/ros2_gimbal_ws/install/gimbal_angle_control/bin'
[0.654s] Level 1:colcon.colcon_core.environment:checking '/home/dtc-mrsd/Downloads/ros2_gimbal_ws/install/gimbal_angle_control/lib/pkgconfig/gimbal_angle_control.pc'
[0.654s] Level 1:colcon.colcon_core.environment:checking '/home/dtc-mrsd/Downloads/ros2_gimbal_ws/install/gimbal_angle_control/lib/python3.10/site-packages'
[0.654s] Level 1:colcon.colcon_core.environment:checking '/home/dtc-mrsd/Downloads/ros2_gimbal_ws/install/gimbal_angle_control/bin'
[0.655s] INFO:colcon.colcon_core.shell:Creating package script '/home/dtc-mrsd/Downloads/ros2_gimbal_ws/install/gimbal_angle_control/share/gimbal_angle_control/package.ps1'
[0.655s] INFO:colcon.colcon_core.shell:Creating package descriptor '/home/dtc-mrsd/Downloads/ros2_gimbal_ws/install/gimbal_angle_control/share/gimbal_angle_control/package.dsv'
[0.656s] INFO:colcon.colcon_core.shell:Creating package script '/home/dtc-mrsd/Downloads/ros2_gimbal_ws/install/gimbal_angle_control/share/gimbal_angle_control/package.sh'
[0.656s] INFO:colcon.colcon_core.shell:Creating package script '/home/dtc-mrsd/Downloads/ros2_gimbal_ws/install/gimbal_angle_control/share/gimbal_angle_control/package.bash'
[0.656s] INFO:colcon.colcon_core.shell:Creating package script '/home/dtc-mrsd/Downloads/ros2_gimbal_ws/install/gimbal_angle_control/share/gimbal_angle_control/package.zsh'
[0.657s] Level 1:colcon.colcon_core.environment:create_file_with_runtime_dependencies(/home/dtc-mrsd/Downloads/ros2_gimbal_ws/install/gimbal_angle_control/share/colcon-core/packages/gimbal_angle_control)
[0.657s] Level 1:colcon.colcon_core.environment:create_environment_scripts_only(gimbal_angle_control)
[0.657s] Level 1:colcon.colcon_core.environment:checking '/home/dtc-mrsd/Downloads/ros2_gimbal_ws/install/gimbal_angle_control' for CMake module files
[0.658s] Level 1:colcon.colcon_core.environment:checking '/home/dtc-mrsd/Downloads/ros2_gimbal_ws/install/gimbal_angle_control' for CMake config files
[0.658s] Level 1:colcon.colcon_core.shell:create_environment_hook('gimbal_angle_control', 'cmake_prefix_path')
[0.658s] INFO:colcon.colcon_core.shell:Creating environment hook '/home/dtc-mrsd/Downloads/ros2_gimbal_ws/install/gimbal_angle_control/share/gimbal_angle_control/hook/cmake_prefix_path.ps1'
[0.659s] INFO:colcon.colcon_core.shell:Creating environment descriptor '/home/dtc-mrsd/Downloads/ros2_gimbal_ws/install/gimbal_angle_control/share/gimbal_angle_control/hook/cmake_prefix_path.dsv'
[0.659s] INFO:colcon.colcon_core.shell:Creating environment hook '/home/dtc-mrsd/Downloads/ros2_gimbal_ws/install/gimbal_angle_control/share/gimbal_angle_control/hook/cmake_prefix_path.sh'
[0.659s] Level 1:colcon.colcon_core.environment:checking '/home/dtc-mrsd/Downloads/ros2_gimbal_ws/install/gimbal_angle_control/lib'
[0.660s] Level 1:colcon.colcon_core.environment:checking '/home/dtc-mrsd/Downloads/ros2_gimbal_ws/install/gimbal_angle_control/bin'
[0.660s] Level 1:colcon.colcon_core.environment:checking '/home/dtc-mrsd/Downloads/ros2_gimbal_ws/install/gimbal_angle_control/lib/pkgconfig/gimbal_angle_control.pc'
[0.660s] Level 1:colcon.colcon_core.environment:checking '/home/dtc-mrsd/Downloads/ros2_gimbal_ws/install/gimbal_angle_control/lib/python3.10/site-packages'
[0.660s] Level 1:colcon.colcon_core.environment:checking '/home/dtc-mrsd/Downloads/ros2_gimbal_ws/install/gimbal_angle_control/bin'
[0.660s] INFO:colcon.colcon_core.shell:Creating package script '/home/dtc-mrsd/Downloads/ros2_gimbal_ws/install/gimbal_angle_control/share/gimbal_angle_control/package.ps1'
[0.661s] INFO:colcon.colcon_core.shell:Creating package descriptor '/home/dtc-mrsd/Downloads/ros2_gimbal_ws/install/gimbal_angle_control/share/gimbal_angle_control/package.dsv'
[0.661s] INFO:colcon.colcon_core.shell:Creating package script '/home/dtc-mrsd/Downloads/ros2_gimbal_ws/install/gimbal_angle_control/share/gimbal_angle_control/package.sh'
[0.662s] INFO:colcon.colcon_core.shell:Creating package script '/home/dtc-mrsd/Downloads/ros2_gimbal_ws/install/gimbal_angle_control/share/gimbal_angle_control/package.bash'
[0.662s] INFO:colcon.colcon_core.shell:Creating package script '/home/dtc-mrsd/Downloads/ros2_gimbal_ws/install/gimbal_angle_control/share/gimbal_angle_control/package.zsh'
[0.663s] Level 1:colcon.colcon_core.environment:create_file_with_runtime_dependencies(/home/dtc-mrsd/Downloads/ros2_gimbal_ws/install/gimbal_angle_control/share/colcon-core/packages/gimbal_angle_control)
[0.664s] Level 1:colcon.colcon_core.environment:create_environment_scripts_only(gimbal_zoom)
[0.664s] Level 1:colcon.colcon_core.environment:checking '/home/dtc-mrsd/Downloads/ros2_gimbal_ws/install/gimbal_zoom' for CMake module files
[0.665s] DEBUG:colcon.colcon_core.event_handler.log_command:Invoked command in '/home/dtc-mrsd/Downloads/ros2_gimbal_ws/build/gimbal_zoom' returned '0': CMAKE_PREFIX_PATH=/opt/ros/humble /usr/bin/cmake --install /home/dtc-mrsd/Downloads/ros2_gimbal_ws/build/gimbal_zoom
[0.665s] Level 1:colcon.colcon_core.environment:checking '/home/dtc-mrsd/Downloads/ros2_gimbal_ws/install/gimbal_zoom' for CMake config files
[0.666s] Level 1:colcon.colcon_core.shell:create_environment_hook('gimbal_zoom', 'cmake_prefix_path')
[0.666s] INFO:colcon.colcon_core.shell:Creating environment hook '/home/dtc-mrsd/Downloads/ros2_gimbal_ws/install/gimbal_zoom/share/gimbal_zoom/hook/cmake_prefix_path.ps1'
[0.667s] INFO:colcon.colcon_core.shell:Creating environment descriptor '/home/dtc-mrsd/Downloads/ros2_gimbal_ws/install/gimbal_zoom/share/gimbal_zoom/hook/cmake_prefix_path.dsv'
[0.668s] INFO:colcon.colcon_core.shell:Creating environment hook '/home/dtc-mrsd/Downloads/ros2_gimbal_ws/install/gimbal_zoom/share/gimbal_zoom/hook/cmake_prefix_path.sh'
[0.668s] Level 1:colcon.colcon_core.environment:checking '/home/dtc-mrsd/Downloads/ros2_gimbal_ws/install/gimbal_zoom/lib'
[0.669s] Level 1:colcon.colcon_core.environment:checking '/home/dtc-mrsd/Downloads/ros2_gimbal_ws/install/gimbal_zoom/bin'
[0.669s] Level 1:colcon.colcon_core.environment:checking '/home/dtc-mrsd/Downloads/ros2_gimbal_ws/install/gimbal_zoom/lib/pkgconfig/gimbal_zoom.pc'
[0.669s] Level 1:colcon.colcon_core.environment:checking '/home/dtc-mrsd/Downloads/ros2_gimbal_ws/install/gimbal_zoom/lib/python3.10/site-packages'
[0.669s] Level 1:colcon.colcon_core.environment:checking '/home/dtc-mrsd/Downloads/ros2_gimbal_ws/install/gimbal_zoom/bin'
[0.670s] INFO:colcon.colcon_core.shell:Creating package script '/home/dtc-mrsd/Downloads/ros2_gimbal_ws/install/gimbal_zoom/share/gimbal_zoom/package.ps1'
[0.670s] INFO:colcon.colcon_core.shell:Creating package descriptor '/home/dtc-mrsd/Downloads/ros2_gimbal_ws/install/gimbal_zoom/share/gimbal_zoom/package.dsv'
[0.670s] INFO:colcon.colcon_core.shell:Creating package script '/home/dtc-mrsd/Downloads/ros2_gimbal_ws/install/gimbal_zoom/share/gimbal_zoom/package.sh'
[0.671s] INFO:colcon.colcon_core.shell:Creating package script '/home/dtc-mrsd/Downloads/ros2_gimbal_ws/install/gimbal_zoom/share/gimbal_zoom/package.bash'
[0.671s] INFO:colcon.colcon_core.shell:Creating package script '/home/dtc-mrsd/Downloads/ros2_gimbal_ws/install/gimbal_zoom/share/gimbal_zoom/package.zsh'
[0.671s] Level 1:colcon.colcon_core.environment:create_file_with_runtime_dependencies(/home/dtc-mrsd/Downloads/ros2_gimbal_ws/install/gimbal_zoom/share/colcon-core/packages/gimbal_zoom)
[0.672s] Level 1:colcon.colcon_core.environment:create_environment_scripts_only(gimbal_zoom)
[0.672s] Level 1:colcon.colcon_core.environment:checking '/home/dtc-mrsd/Downloads/ros2_gimbal_ws/install/gimbal_zoom' for CMake module files
[0.673s] Level 1:colcon.colcon_core.environment:checking '/home/dtc-mrsd/Downloads/ros2_gimbal_ws/install/gimbal_zoom' for CMake config files
[0.673s] Level 1:colcon.colcon_core.shell:create_environment_hook('gimbal_zoom', 'cmake_prefix_path')
[0.673s] INFO:colcon.colcon_core.shell:Creating environment hook '/home/dtc-mrsd/Downloads/ros2_gimbal_ws/install/gimbal_zoom/share/gimbal_zoom/hook/cmake_prefix_path.ps1'
[0.674s] INFO:colcon.colcon_core.shell:Creating environment descriptor '/home/dtc-mrsd/Downloads/ros2_gimbal_ws/install/gimbal_zoom/share/gimbal_zoom/hook/cmake_prefix_path.dsv'
[0.674s] INFO:colcon.colcon_core.shell:Creating environment hook '/home/dtc-mrsd/Downloads/ros2_gimbal_ws/install/gimbal_zoom/share/gimbal_zoom/hook/cmake_prefix_path.sh'
[0.675s] Level 1:colcon.colcon_core.environment:checking '/home/dtc-mrsd/Downloads/ros2_gimbal_ws/install/gimbal_zoom/lib'
[0.675s] Level 1:colcon.colcon_core.environment:checking '/home/dtc-mrsd/Downloads/ros2_gimbal_ws/install/gimbal_zoom/bin'
[0.675s] Level 1:colcon.colcon_core.environment:checking '/home/dtc-mrsd/Downloads/ros2_gimbal_ws/install/gimbal_zoom/lib/pkgconfig/gimbal_zoom.pc'
[0.675s] Level 1:colcon.colcon_core.environment:checking '/home/dtc-mrsd/Downloads/ros2_gimbal_ws/install/gimbal_zoom/lib/python3.10/site-packages'
[0.676s] Level 1:colcon.colcon_core.environment:checking '/home/dtc-mrsd/Downloads/ros2_gimbal_ws/install/gimbal_zoom/bin'
[0.676s] INFO:colcon.colcon_core.shell:Creating package script '/home/dtc-mrsd/Downloads/ros2_gimbal_ws/install/gimbal_zoom/share/gimbal_zoom/package.ps1'
[0.676s] INFO:colcon.colcon_core.shell:Creating package descriptor '/home/dtc-mrsd/Downloads/ros2_gimbal_ws/install/gimbal_zoom/share/gimbal_zoom/package.dsv'
[0.677s] INFO:colcon.colcon_core.shell:Creating package script '/home/dtc-mrsd/Downloads/ros2_gimbal_ws/install/gimbal_zoom/share/gimbal_zoom/package.sh'
[0.677s] INFO:colcon.colcon_core.shell:Creating package script '/home/dtc-mrsd/Downloads/ros2_gimbal_ws/install/gimbal_zoom/share/gimbal_zoom/package.bash'
[0.677s] INFO:colcon.colcon_core.shell:Creating package script '/home/dtc-mrsd/Downloads/ros2_gimbal_ws/install/gimbal_zoom/share/gimbal_zoom/package.zsh'
[0.678s] Level 1:colcon.colcon_core.environment:create_file_with_runtime_dependencies(/home/dtc-mrsd/Downloads/ros2_gimbal_ws/install/gimbal_zoom/share/colcon-core/packages/gimbal_zoom)
[4.684s] DEBUG:colcon.colcon_core.event_handler.log_command:Invoked command in '/home/dtc-mrsd/Downloads/ros2_gimbal_ws/build/gimbal_capture_image' returned '2': CMAKE_PREFIX_PATH=/opt/ros/humble /usr/bin/cmake --build /home/dtc-mrsd/Downloads/ros2_gimbal_ws/build/gimbal_capture_image -- -j12 -l12
[4.685s] Level 1:colcon.colcon_core.environment:create_environment_scripts_only(gimbal_capture_image)
[4.685s] Level 1:colcon.colcon_core.environment:checking '/home/dtc-mrsd/Downloads/ros2_gimbal_ws/install/gimbal_capture_image' for CMake module files
[4.686s] Level 1:colcon.colcon_core.environment:checking '/home/dtc-mrsd/Downloads/ros2_gimbal_ws/install/gimbal_capture_image' for CMake config files
[4.686s] Level 1:colcon.colcon_core.shell:create_environment_hook('gimbal_capture_image', 'cmake_prefix_path')
[4.686s] INFO:colcon.colcon_core.shell:Creating environment hook '/home/dtc-mrsd/Downloads/ros2_gimbal_ws/install/gimbal_capture_image/share/gimbal_capture_image/hook/cmake_prefix_path.ps1'
[4.686s] INFO:colcon.colcon_core.shell:Creating environment descriptor '/home/dtc-mrsd/Downloads/ros2_gimbal_ws/install/gimbal_capture_image/share/gimbal_capture_image/hook/cmake_prefix_path.dsv'
[4.687s] INFO:colcon.colcon_core.shell:Creating environment hook '/home/dtc-mrsd/Downloads/ros2_gimbal_ws/install/gimbal_capture_image/share/gimbal_capture_image/hook/cmake_prefix_path.sh'
[4.687s] Level 1:colcon.colcon_core.environment:checking '/home/dtc-mrsd/Downloads/ros2_gimbal_ws/install/gimbal_capture_image/lib'
[4.688s] Level 1:colcon.colcon_core.environment:checking '/home/dtc-mrsd/Downloads/ros2_gimbal_ws/install/gimbal_capture_image/bin'
[4.688s] Level 1:colcon.colcon_core.environment:checking '/home/dtc-mrsd/Downloads/ros2_gimbal_ws/install/gimbal_capture_image/lib/pkgconfig/gimbal_capture_image.pc'
[4.688s] Level 1:colcon.colcon_core.environment:checking '/home/dtc-mrsd/Downloads/ros2_gimbal_ws/install/gimbal_capture_image/lib/python3.10/site-packages'
[4.688s] Level 1:colcon.colcon_core.environment:checking '/home/dtc-mrsd/Downloads/ros2_gimbal_ws/install/gimbal_capture_image/bin'
[4.688s] INFO:colcon.colcon_core.shell:Creating package script '/home/dtc-mrsd/Downloads/ros2_gimbal_ws/install/gimbal_capture_image/share/gimbal_capture_image/package.ps1'
[4.689s] INFO:colcon.colcon_core.shell:Creating package descriptor '/home/dtc-mrsd/Downloads/ros2_gimbal_ws/install/gimbal_capture_image/share/gimbal_capture_image/package.dsv'
[4.689s] INFO:colcon.colcon_core.shell:Creating package script '/home/dtc-mrsd/Downloads/ros2_gimbal_ws/install/gimbal_capture_image/share/gimbal_capture_image/package.sh'
[4.690s] INFO:colcon.colcon_core.shell:Creating package script '/home/dtc-mrsd/Downloads/ros2_gimbal_ws/install/gimbal_capture_image/share/gimbal_capture_image/package.bash'
[4.690s] INFO:colcon.colcon_core.shell:Creating package script '/home/dtc-mrsd/Downloads/ros2_gimbal_ws/install/gimbal_capture_image/share/gimbal_capture_image/package.zsh'
[4.691s] Level 1:colcon.colcon_core.environment:create_file_with_runtime_dependencies(/home/dtc-mrsd/Downloads/ros2_gimbal_ws/install/gimbal_capture_image/share/colcon-core/packages/gimbal_capture_image)
[4.701s] DEBUG:colcon.colcon_parallel_executor.executor.parallel:closing loop
[4.701s] DEBUG:colcon.colcon_parallel_executor.executor.parallel:loop closed
[4.701s] DEBUG:colcon.colcon_parallel_executor.executor.parallel:run_until_complete finished with '2'
[4.701s] DEBUG:colcon.colcon_core.event_reactor:joining thread
[4.711s] INFO:colcon.colcon_core.plugin_system:Skipping extension 'colcon_notification.desktop_notification.terminal_notifier': Not used on non-Darwin systems
[4.711s] INFO:colcon.colcon_core.plugin_system:Skipping extension 'colcon_notification.desktop_notification.win32': Not used on non-Windows systems
[4.711s] INFO:colcon.colcon_notification.desktop_notification:Sending desktop notification using 'notify2'
[4.723s] DEBUG:colcon.colcon_core.event_reactor:joined thread
[4.724s] INFO:colcon.colcon_core.shell:Creating prefix script '/home/dtc-mrsd/Downloads/ros2_gimbal_ws/install/local_setup.ps1'
[4.726s] INFO:colcon.colcon_core.shell:Creating prefix util module '/home/dtc-mrsd/Downloads/ros2_gimbal_ws/install/_local_setup_util_ps1.py'
[4.728s] INFO:colcon.colcon_core.shell:Creating prefix chain script '/home/dtc-mrsd/Downloads/ros2_gimbal_ws/install/setup.ps1'
[4.729s] INFO:colcon.colcon_core.shell:Creating prefix script '/home/dtc-mrsd/Downloads/ros2_gimbal_ws/install/local_setup.sh'
[4.729s] INFO:colcon.colcon_core.shell:Creating prefix util module '/home/dtc-mrsd/Downloads/ros2_gimbal_ws/install/_local_setup_util_sh.py'
[4.730s] INFO:colcon.colcon_core.shell:Creating prefix chain script '/home/dtc-mrsd/Downloads/ros2_gimbal_ws/install/setup.sh'
[4.731s] INFO:colcon.colcon_core.shell:Creating prefix script '/home/dtc-mrsd/Downloads/ros2_gimbal_ws/install/local_setup.bash'
[4.731s] INFO:colcon.colcon_core.shell:Creating prefix chain script '/home/dtc-mrsd/Downloads/ros2_gimbal_ws/install/setup.bash'
[4.733s] INFO:colcon.colcon_core.shell:Creating prefix script '/home/dtc-mrsd/Downloads/ros2_gimbal_ws/install/local_setup.zsh'
[4.733s] INFO:colcon.colcon_core.shell:Creating prefix chain script '/home/dtc-mrsd/Downloads/ros2_gimbal_ws/install/setup.zsh'
