[0.031s] Invoking command in '/home/dtc-mrsd/Downloads/ros2_gimbal_ws/build/image_publisher': CMAKE_PREFIX_PATH=/opt/ros/humble /usr/bin/cmake /home/dtc-mrsd/Downloads/ros2_gimbal_ws/src/image_publisher -DGHADRON=1 -DCMAKE_INSTALL_PREFIX=/home/dtc-mrsd/Downloads/ros2_gimbal_ws/install/image_publisher
[0.046s] -- Found ament_cmake_auto: 1.3.11 (/opt/ros/humble/share/ament_cmake_auto/cmake)
[0.192s] -- Found camera_info_manager: 3.1.10 (/opt/ros/humble/share/camera_info_manager/cmake)
[0.234s] -- Found rosidl_generator_c: 3.1.6 (/opt/ros/humble/share/rosidl_generator_c/cmake)
[0.237s] -- Found rosidl_adapter: 3.1.6 (/opt/ros/humble/share/rosidl_adapter/cmake)
[0.245s] -- Found rosidl_generator_cpp: 3.1.6 (/opt/ros/humble/share/rosidl_generator_cpp/cmake)
[0.259s] -- Using all available rosidl_typesupport_c: rosidl_typesupport_fastrtps_c;rosidl_typesupport_introspection_c
[0.278s] -- Using all available rosidl_typesupport_cpp: rosidl_typesupport_fastrtps_cpp;rosidl_typesupport_introspection_cpp
[0.329s] -- Found rmw_implementation_cmake: 6.1.2 (/opt/ros/humble/share/rmw_implementation_cmake/cmake)
[0.331s] -- Found rmw_fastrtps_cpp: 6.2.7 (/opt/ros/humble/share/rmw_fastrtps_cpp/cmake)
[0.444s] -- Using RMW implementation 'rmw_fastrtps_cpp' as default
[0.667s] -- opencv version 4.5.4
[0.669s] -- Found ament_lint_auto: 0.12.11 (/opt/ros/humble/share/ament_lint_auto/cmake)
[0.679s] -- Added test 'copyright' to check source files copyright and LICENSE
[0.681s] -- Added test 'cppcheck' to perform static code analysis on C / C++ code
[0.681s] -- Configured cppcheck include dirs: /home/dtc-mrsd/Downloads/ros2_gimbal_ws/src/image_publisher/include
[0.681s] -- Configured cppcheck exclude dirs and/or files: 
[0.682s] -- Added test 'cpplint' to check C / C++ code against the Google style
[0.682s] -- Configured cpplint exclude dirs and/or files: 
[0.682s] -- Added test 'flake8' to check Python code syntax and style conventions
[0.683s] -- Added test 'lint_cmake' to check CMake code style
[0.683s] -- Added test 'pep257' to check Python code against some of the docstring style conventions in PEP 257
[0.684s] -- Added test 'uncrustify' to check C / C++ code style
[0.684s] -- Configured uncrustify additional arguments: 
[0.684s] -- Added test 'xmllint' to check XML markup files
[0.686s] -- Configuring done
[0.710s] -- Generating done
[0.716s] -- Build files have been written to: /home/dtc-mrsd/Downloads/ros2_gimbal_ws/build/image_publisher
[0.724s] Invoked command in '/home/dtc-mrsd/Downloads/ros2_gimbal_ws/build/image_publisher' returned '0': CMAKE_PREFIX_PATH=/opt/ros/humble /usr/bin/cmake /home/dtc-mrsd/Downloads/ros2_gimbal_ws/src/image_publisher -DGHADRON=1 -DCMAKE_INSTALL_PREFIX=/home/dtc-mrsd/Downloads/ros2_gimbal_ws/install/image_publisher
[0.725s] Invoking command in '/home/dtc-mrsd/Downloads/ros2_gimbal_ws/build/image_publisher': CMAKE_PREFIX_PATH=/opt/ros/humble /usr/bin/cmake --build /home/dtc-mrsd/Downloads/ros2_gimbal_ws/build/image_publisher -- -j12 -l12
[0.774s] [ 25%] [32mBuilding CXX object CMakeFiles/image_publisher.dir/src/image_publisher.cpp.o[0m
[0.867s] [01m[K/home/dtc-mrsd/Downloads/ros2_gimbal_ws/src/image_publisher/src/image_publisher.cpp:45:10:[m[K [01;31m[Kfatal error: [m[Kcv_bridge/cv_bridge.hpp: No such file or directory
[0.867s]    45 | #include [01;31m[K"cv_bridge/cv_bridge.hpp"[m[K
[0.867s]       |          [01;31m[K^~~~~~~~~~~~~~~~~~~~~~~~~[m[K
[0.867s] compilation terminated.
[0.868s] gmake[2]: *** [CMakeFiles/image_publisher.dir/build.make:76: CMakeFiles/image_publisher.dir/src/image_publisher.cpp.o] Error 1
[0.868s] gmake[1]: *** [CMakeFiles/Makefile2:139: CMakeFiles/image_publisher.dir/all] Error 2
[0.869s] gmake: *** [Makefile:146: all] Error 2
[0.871s] Invoked command in '/home/dtc-mrsd/Downloads/ros2_gimbal_ws/build/image_publisher' returned '2': CMAKE_PREFIX_PATH=/opt/ros/humble /usr/bin/cmake --build /home/dtc-mrsd/Downloads/ros2_gimbal_ws/build/image_publisher -- -j12 -l12
