[0.029s] Invoking command in '/home/dtc-mrsd/Downloads/ros2_gimbal_ws/build/image_geometry': /usr/bin/cmake --build /home/dtc-mrsd/Downloads/ros2_gimbal_ws/build/image_geometry -- -j12 -l12
[0.319s] [ 22%] Built target gtest
[0.319s] [ 44%] Built target gtest_main
[0.320s] [ 77%] Built target image_geometry
[0.320s] [ 77%] Built target ament_cmake_python_copy_image_geometry
[0.320s] [100%] Built target image_geometry-utest
[0.426s] running egg_info
[0.427s] writing image_geometry.egg-info/PKG-INFO
[0.427s] writing dependency_links to image_geometry.egg-info/dependency_links.txt
[0.428s] writing top-level names to image_geometry.egg-info/top_level.txt
[0.431s] reading manifest file 'image_geometry.egg-info/SOURCES.txt'
[0.432s] writing manifest file 'image_geometry.egg-info/SOURCES.txt'
[0.469s] [100%] Built target ament_cmake_python_build_image_geometry_egg
[0.480s] Invoked command in '/home/dtc-mrsd/Downloads/ros2_gimbal_ws/build/image_geometry' returned '0': /usr/bin/cmake --build /home/dtc-mrsd/Downloads/ros2_gimbal_ws/build/image_geometry -- -j12 -l12
[0.481s] Invoking command in '/home/dtc-mrsd/Downloads/ros2_gimbal_ws/build/image_geometry': /usr/bin/cmake --install /home/dtc-mrsd/Downloads/ros2_gimbal_ws/build/image_geometry
[0.489s] -- Install configuration: ""
[0.489s] -- Up-to-date: /home/dtc-mrsd/Downloads/ros2_gimbal_ws/install/image_geometry/share/image_geometry/environment/pythonpath.sh
[0.490s] -- Up-to-date: /home/dtc-mrsd/Downloads/ros2_gimbal_ws/install/image_geometry/share/image_geometry/environment/pythonpath.dsv
[0.490s] -- Up-to-date: /home/dtc-mrsd/Downloads/ros2_gimbal_ws/install/image_geometry/local/lib/python3.10/dist-packages/image_geometry-3.2.1-py3.10.egg-info
[0.490s] -- Installing: /home/dtc-mrsd/Downloads/ros2_gimbal_ws/install/image_geometry/local/lib/python3.10/dist-packages/image_geometry-3.2.1-py3.10.egg-info/SOURCES.txt
[0.490s] -- Installing: /home/dtc-mrsd/Downloads/ros2_gimbal_ws/install/image_geometry/local/lib/python3.10/dist-packages/image_geometry-3.2.1-py3.10.egg-info/dependency_links.txt
[0.490s] -- Installing: /home/dtc-mrsd/Downloads/ros2_gimbal_ws/install/image_geometry/local/lib/python3.10/dist-packages/image_geometry-3.2.1-py3.10.egg-info/top_level.txt
[0.490s] -- Installing: /home/dtc-mrsd/Downloads/ros2_gimbal_ws/install/image_geometry/local/lib/python3.10/dist-packages/image_geometry-3.2.1-py3.10.egg-info/PKG-INFO
[0.490s] -- Up-to-date: /home/dtc-mrsd/Downloads/ros2_gimbal_ws/install/image_geometry/local/lib/python3.10/dist-packages/image_geometry
[0.490s] -- Up-to-date: /home/dtc-mrsd/Downloads/ros2_gimbal_ws/install/image_geometry/local/lib/python3.10/dist-packages/image_geometry/cameramodels.py
[0.491s] -- Up-to-date: /home/dtc-mrsd/Downloads/ros2_gimbal_ws/install/image_geometry/local/lib/python3.10/dist-packages/image_geometry/__init__.py
[0.526s] Listing '/home/dtc-mrsd/Downloads/ros2_gimbal_ws/install/image_geometry/local/lib/python3.10/dist-packages/image_geometry'...
[0.533s] -- Up-to-date: /home/dtc-mrsd/Downloads/ros2_gimbal_ws/install/image_geometry/include/image_geometry
[0.533s] -- Up-to-date: /home/dtc-mrsd/Downloads/ros2_gimbal_ws/install/image_geometry/include/image_geometry/image_geometry
[0.533s] -- Up-to-date: /home/dtc-mrsd/Downloads/ros2_gimbal_ws/install/image_geometry/include/image_geometry/image_geometry/visibility_control.hpp
[0.533s] -- Up-to-date: /home/dtc-mrsd/Downloads/ros2_gimbal_ws/install/image_geometry/include/image_geometry/image_geometry/stereo_camera_model.h
[0.533s] -- Up-to-date: /home/dtc-mrsd/Downloads/ros2_gimbal_ws/install/image_geometry/include/image_geometry/image_geometry/pinhole_camera_model.h
[0.533s] -- Up-to-date: /home/dtc-mrsd/Downloads/ros2_gimbal_ws/install/image_geometry/lib/libimage_geometry.so
[0.533s] -- Up-to-date: /home/dtc-mrsd/Downloads/ros2_gimbal_ws/install/image_geometry/share/ament_index/resource_index/package_run_dependencies/image_geometry
[0.533s] -- Up-to-date: /home/dtc-mrsd/Downloads/ros2_gimbal_ws/install/image_geometry/share/ament_index/resource_index/parent_prefix_path/image_geometry
[0.533s] -- Up-to-date: /home/dtc-mrsd/Downloads/ros2_gimbal_ws/install/image_geometry/share/image_geometry/environment/ament_prefix_path.sh
[0.533s] -- Up-to-date: /home/dtc-mrsd/Downloads/ros2_gimbal_ws/install/image_geometry/share/image_geometry/environment/ament_prefix_path.dsv
[0.533s] -- Up-to-date: /home/dtc-mrsd/Downloads/ros2_gimbal_ws/install/image_geometry/share/image_geometry/environment/path.sh
[0.534s] -- Up-to-date: /home/dtc-mrsd/Downloads/ros2_gimbal_ws/install/image_geometry/share/image_geometry/environment/path.dsv
[0.534s] -- Up-to-date: /home/dtc-mrsd/Downloads/ros2_gimbal_ws/install/image_geometry/share/image_geometry/local_setup.bash
[0.534s] -- Up-to-date: /home/dtc-mrsd/Downloads/ros2_gimbal_ws/install/image_geometry/share/image_geometry/local_setup.sh
[0.534s] -- Up-to-date: /home/dtc-mrsd/Downloads/ros2_gimbal_ws/install/image_geometry/share/image_geometry/local_setup.zsh
[0.534s] -- Up-to-date: /home/dtc-mrsd/Downloads/ros2_gimbal_ws/install/image_geometry/share/image_geometry/local_setup.dsv
[0.534s] -- Installing: /home/dtc-mrsd/Downloads/ros2_gimbal_ws/install/image_geometry/share/image_geometry/package.dsv
[0.534s] -- Up-to-date: /home/dtc-mrsd/Downloads/ros2_gimbal_ws/install/image_geometry/share/ament_index/resource_index/packages/image_geometry
[0.534s] -- Up-to-date: /home/dtc-mrsd/Downloads/ros2_gimbal_ws/install/image_geometry/share/image_geometry/cmake/export_image_geometryExport.cmake
[0.534s] -- Up-to-date: /home/dtc-mrsd/Downloads/ros2_gimbal_ws/install/image_geometry/share/image_geometry/cmake/export_image_geometryExport-noconfig.cmake
[0.534s] -- Up-to-date: /home/dtc-mrsd/Downloads/ros2_gimbal_ws/install/image_geometry/share/image_geometry/cmake/ament_cmake_export_targets-extras.cmake
[0.534s] -- Up-to-date: /home/dtc-mrsd/Downloads/ros2_gimbal_ws/install/image_geometry/share/image_geometry/cmake/ament_cmake_export_dependencies-extras.cmake
[0.534s] -- Up-to-date: /home/dtc-mrsd/Downloads/ros2_gimbal_ws/install/image_geometry/share/image_geometry/cmake/image_geometryConfig.cmake
[0.535s] -- Up-to-date: /home/dtc-mrsd/Downloads/ros2_gimbal_ws/install/image_geometry/share/image_geometry/cmake/image_geometryConfig-version.cmake
[0.535s] -- Up-to-date: /home/dtc-mrsd/Downloads/ros2_gimbal_ws/install/image_geometry/share/image_geometry/package.xml
[0.537s] Invoked command in '/home/dtc-mrsd/Downloads/ros2_gimbal_ws/build/image_geometry' returned '0': /usr/bin/cmake --install /home/dtc-mrsd/Downloads/ros2_gimbal_ws/build/image_geometry
