running egg_info
writing ../../build/image_viewer/image_viewer.egg-info/PKG-INFO
writing dependency_links to ../../build/image_viewer/image_viewer.egg-info/dependency_links.txt
writing entry points to ../../build/image_viewer/image_viewer.egg-info/entry_points.txt
writing requirements to ../../build/image_viewer/image_viewer.egg-info/requires.txt
writing top-level names to ../../build/image_viewer/image_viewer.egg-info/top_level.txt
reading manifest file '../../build/image_viewer/image_viewer.egg-info/SOURCES.txt'
writing manifest file '../../build/image_viewer/image_viewer.egg-info/SOURCES.txt'
running build
running build_py
copying image_viewer/image_viewer_node.py -> /home/dtc-mrsd/Downloads/ros2_gimbal_ws/build/image_viewer/build/lib/image_viewer
running install
running install_lib
copying /home/dtc-mrsd/Downloads/ros2_gimbal_ws/build/image_viewer/build/lib/image_viewer/image_viewer_node.py -> /home/dtc-mrsd/Downloads/ros2_gimbal_ws/install/image_viewer/lib/python3.10/site-packages/image_viewer
byte-compiling /home/dtc-mrsd/Downloads/ros2_gimbal_ws/install/image_viewer/lib/python3.10/site-packages/image_viewer/image_viewer_node.py to image_viewer_node.cpython-310.pyc
running install_data
running install_egg_info
removing '/home/dtc-mrsd/Downloads/ros2_gimbal_ws/install/image_viewer/lib/python3.10/site-packages/image_viewer-0.0.0-py3.10.egg-info' (and everything under it)
Copying ../../build/image_viewer/image_viewer.egg-info to /home/dtc-mrsd/Downloads/ros2_gimbal_ws/install/image_viewer/lib/python3.10/site-packages/image_viewer-0.0.0-py3.10.egg-info
running install_scripts
Installing image_viewer_node script to /home/dtc-mrsd/Downloads/ros2_gimbal_ws/install/image_viewer/lib/image_viewer
writing list of installed files to '/home/dtc-mrsd/Downloads/ros2_gimbal_ws/build/image_viewer/install.log'
