[0.042s] Invoking command in '/home/dtc-mrsd/Downloads/ros2_gimbal_ws/build/eo_image': CMAKE_PREFIX_PATH=/home/dtc-mrsd/Downloads/ros2_gimbal_ws/install/cv_bridge:/home/dtc-mrsd/Downloads/ros2_gimbal_ws/install/eo_image:/home/dtc-mrsd/Downloads/ros2_gimbal_ws/install/vision_opencv:/home/dtc-mrsd/Downloads/ros2_gimbal_ws/install/image_publisher:/home/dtc-mrsd/Downloads/ros2_gimbal_ws/install/image_geometry:/home/dtc-mrsd/Downloads/ros2_gimbal_ws/install/gimbal_zoom:/home/dtc-mrsd/Downloads/ros2_gimbal_ws/install/gimbal_capture_image:/home/dtc-mrsd/Downloads/ros2_gimbal_ws/install/gimbal_angle_control:/home/dtc-mrsd/Downloads/ros2_gimbal_ws/install/image_viewer:/home/dtc-mrsd/Downloads/ros2_gimbal_ws/install/opencv_tests:/opt/ros/humble LD_LIBRARY_PATH=/home/dtc-mrsd/Downloads/ros2_gimbal_ws/install/cv_bridge/lib:/home/dtc-mrsd/Downloads/ros2_gimbal_ws/install/image_publisher/lib:/home/dtc-mrsd/Downloads/ros2_gimbal_ws/install/image_geometry/lib:/opt/ros/humble/opt/rviz_ogre_vendor/lib:/opt/ros/humble/lib/x86_64-linux-gnu:/opt/ros/humble/lib:/tmp/.mount_cursorilZEMT/usr/lib /usr/bin/cmake --build /home/dtc-mrsd/Downloads/ros2_gimbal_ws/build/eo_image -- -j12 -l12
[0.074s] -- Found ament_cmake: 1.3.11 (/opt/ros/humble/share/ament_cmake/cmake)
[0.246s] -- Found rclcpp: 16.0.11 (/opt/ros/humble/share/rclcpp/cmake)
[0.291s] -- Found rosidl_generator_c: 3.1.6 (/opt/ros/humble/share/rosidl_generator_c/cmake)
[0.293s] -- Found rosidl_adapter: 3.1.6 (/opt/ros/humble/share/rosidl_adapter/cmake)
[0.299s] -- Found rosidl_generator_cpp: 3.1.6 (/opt/ros/humble/share/rosidl_generator_cpp/cmake)
[0.312s] -- Using all available rosidl_typesupport_c: rosidl_typesupport_fastrtps_c;rosidl_typesupport_introspection_c
[0.324s] -- Using all available rosidl_typesupport_cpp: rosidl_typesupport_fastrtps_cpp;rosidl_typesupport_introspection_cpp
[0.357s] -- Found rmw_implementation_cmake: 6.1.2 (/opt/ros/humble/share/rmw_implementation_cmake/cmake)
[0.358s] -- Found rmw_fastrtps_cpp: 6.2.7 (/opt/ros/humble/share/rmw_fastrtps_cpp/cmake)
[0.473s] -- Using RMW implementation 'rmw_fastrtps_cpp' as default
[0.534s] -- Found sensor_msgs: 4.2.4 (/opt/ros/humble/share/sensor_msgs/cmake)
[0.565s] -- Found cv_bridge: 3.2.1 (/home/dtc-mrsd/Downloads/ros2_gimbal_ws/install/cv_bridge/share/cv_bridge/cmake)
[0.589s] [31mCMake Error at CMakeLists.txt:14 (find_package):
[0.590s]   By not providing "FindPayloadSDK.cmake" in CMAKE_MODULE_PATH this project
[0.590s]   has asked CMake to find a package configuration file provided by
[0.590s]   "PayloadSDK", but CMake did not find one.
[0.590s] 
[0.590s]   Could not find a package configuration file provided by "PayloadSDK" with
[0.590s]   any of the following names:
[0.590s] 
[0.590s]     PayloadSDKConfig.cmake
[0.590s]     payloadsdk-config.cmake
[0.590s] 
[0.590s]   Add the installation prefix of "PayloadSDK" to CMAKE_PREFIX_PATH or set
[0.590s]   "PayloadSDK_DIR" to a directory containing one of the above files.  If
[0.591s]   "PayloadSDK" provides a separate development package or SDK, be sure it has
[0.591s]   been installed.
[0.591s] 
[0.591s] [0m
[0.591s] -- Configuring incomplete, errors occurred!
[0.591s] See also "/home/dtc-mrsd/Downloads/ros2_gimbal_ws/build/eo_image/CMakeFiles/CMakeOutput.log".
[0.599s] gmake: *** [Makefile:267: cmake_check_build_system] Error 1
[0.601s] Invoked command in '/home/dtc-mrsd/Downloads/ros2_gimbal_ws/build/eo_image' returned '2': CMAKE_PREFIX_PATH=/home/dtc-mrsd/Downloads/ros2_gimbal_ws/install/cv_bridge:/home/dtc-mrsd/Downloads/ros2_gimbal_ws/install/eo_image:/home/dtc-mrsd/Downloads/ros2_gimbal_ws/install/vision_opencv:/home/dtc-mrsd/Downloads/ros2_gimbal_ws/install/image_publisher:/home/dtc-mrsd/Downloads/ros2_gimbal_ws/install/image_geometry:/home/dtc-mrsd/Downloads/ros2_gimbal_ws/install/gimbal_zoom:/home/dtc-mrsd/Downloads/ros2_gimbal_ws/install/gimbal_capture_image:/home/dtc-mrsd/Downloads/ros2_gimbal_ws/install/gimbal_angle_control:/home/dtc-mrsd/Downloads/ros2_gimbal_ws/install/image_viewer:/home/dtc-mrsd/Downloads/ros2_gimbal_ws/install/opencv_tests:/opt/ros/humble LD_LIBRARY_PATH=/home/dtc-mrsd/Downloads/ros2_gimbal_ws/install/cv_bridge/lib:/home/dtc-mrsd/Downloads/ros2_gimbal_ws/install/image_publisher/lib:/home/dtc-mrsd/Downloads/ros2_gimbal_ws/install/image_geometry/lib:/opt/ros/humble/opt/rviz_ogre_vendor/lib:/opt/ros/humble/lib/x86_64-linux-gnu:/opt/ros/humble/lib:/tmp/.mount_cursorilZEMT/usr/lib /usr/bin/cmake --build /home/dtc-mrsd/Downloads/ros2_gimbal_ws/build/eo_image -- -j12 -l12
