[0m-- GHADRON: 1[0m
-- Found ament_cmake: 1.3.11 (/opt/ros/humble/share/ament_cmake/cmake)
-- Found rclcpp: 16.0.11 (/opt/ros/humble/share/rclcpp/cmake)
-- Found rosidl_generator_c: 3.1.6 (/opt/ros/humble/share/rosidl_generator_c/cmake)
-- Found rosidl_adapter: 3.1.6 (/opt/ros/humble/share/rosidl_adapter/cmake)
-- Found rosidl_generator_cpp: 3.1.6 (/opt/ros/humble/share/rosidl_generator_cpp/cmake)
-- Using all available rosidl_typesupport_c: rosidl_typesupport_fastrtps_c;rosidl_typesupport_introspection_c
-- Using all available rosidl_typesupport_cpp: rosidl_typesupport_fastrtps_cpp;rosidl_typesupport_introspection_cpp
-- Found rmw_implementation_cmake: 6.1.2 (/opt/ros/humble/share/rmw_implementation_cmake/cmake)
-- Found rmw_fastrtps_cpp: 6.2.7 (/opt/ros/humble/share/rmw_fastrtps_cpp/cmake)
-- Using RMW implementation 'rmw_fastrtps_cpp' as default
-- Found geometry_msgs: 4.2.4 (/opt/ros/humble/share/geometry_msgs/cmake)
-- Found ament_lint_auto: 0.12.11 (/opt/ros/humble/share/ament_lint_auto/cmake)
-- Added test 'cppcheck' to perform static code analysis on C / C++ code
-- Configured cppcheck include dirs: /home/dtc-mrsd/Downloads/ros2_gimbal_ws/src/gimbal_angle_control/include;/home/dtc-mrsd/Downloads/ros2_gimbal_ws/src/gimbal_angle_control/../PayloadSdk/libs;/home/dtc-mrsd/Downloads/ros2_gimbal_ws/src/gimbal_angle_control/../PayloadSdk/libs/x86_64;/home/dtc-mrsd/Downloads/ros2_gimbal_ws/src/gimbal_angle_control/../PayloadSdk/libs/x86_64/payload-define;/home/dtc-mrsd/Downloads/ros2_gimbal_ws/src/gimbal_angle_control/../PayloadSdk/libs/third-party/mavlink/include;/home/dtc-mrsd/Downloads/ros2_gimbal_ws/src/gimbal_angle_control/../PayloadSdk/libs/gSDK/src/mavlink/include/mavlink/v2.0;/home/dtc-mrsd/Downloads/ros2_gimbal_ws/src/gimbal_angle_control/../PayloadSdk/libs/gSDK/src
-- Configured cppcheck exclude dirs and/or files: 
-- Added test 'lint_cmake' to check CMake code style
-- Added test 'uncrustify' to check C / C++ code style
-- Configured uncrustify additional arguments: 
-- Added test 'xmllint' to check XML markup files
-- Configuring done
-- Generating done
-- Build files have been written to: /home/dtc-mrsd/Downloads/ros2_gimbal_ws/build/gimbal_angle_control
