[0.280s] Invoking command in '/home/dtc-mrsd/Downloads/ros2_gimbal_ws/build/vision_opencv': AMENT_PREFIX_PATH=/home/dtc-mrsd/Downloads/ros2_gimbal_ws/install/image_geometry:/home/dtc-mrsd/Downloads/ros2_gimbal_ws/install/cv_bridge:${AMENT_PREFIX_PATH} CMAKE_PREFIX_PATH=/home/dtc-mrsd/Downloads/ros2_gimbal_ws/install/image_geometry:/home/dtc-mrsd/Downloads/ros2_gimbal_ws/install/cv_bridge:/opt/ros/humble LD_LIBRARY_PATH=/home/dtc-mrsd/Downloads/ros2_gimbal_ws/install/image_geometry/lib:/home/dtc-mrsd/Downloads/ros2_gimbal_ws/install/cv_bridge/lib:/opt/ros/humble/opt/rviz_ogre_vendor/lib:/opt/ros/humble/lib/x86_64-linux-gnu:/opt/ros/humble/lib:/tmp/.mount_cursorilZEMT/usr/lib PYTHONPATH=/home/dtc-mrsd/Downloads/ros2_gimbal_ws/install/image_geometry/local/lib/python3.10/dist-packages:/home/dtc-mrsd/Downloads/ros2_gimbal_ws/install/cv_bridge/local/lib/python3.10/dist-packages:${PYTHONPATH} /usr/bin/cmake /home/dtc-mrsd/Downloads/ros2_gimbal_ws/src/vision_opencv/vision_opencv -DGHADRON=1 -DCMAKE_INSTALL_PREFIX=/home/dtc-mrsd/Downloads/ros2_gimbal_ws/install/vision_opencv
[0.329s] -- The C compiler identification is GNU 11.4.0
[0.378s] -- The CXX compiler identification is GNU 11.4.0
[0.385s] -- Detecting C compiler ABI info
[0.442s] -- Detecting C compiler ABI info - done
[0.449s] -- Check for working C compiler: /usr/bin/cc - skipped
[0.449s] -- Detecting C compile features
[0.449s] -- Detecting C compile features - done
[0.452s] -- Detecting CXX compiler ABI info
[0.518s] -- Detecting CXX compiler ABI info - done
[0.525s] -- Check for working CXX compiler: /usr/bin/c++ - skipped
[0.525s] -- Detecting CXX compile features
[0.526s] -- Detecting CXX compile features - done
[0.529s] -- Found ament_cmake: 1.3.11 (/opt/ros/humble/share/ament_cmake/cmake)
[0.665s] -- Found Python3: /usr/bin/python3 (found version "3.10.12") found components: Interpreter 
[0.806s] -- Configuring done
[0.808s] -- Generating done
[0.808s] [33mCMake Warning:
[0.808s]   Manually-specified variables were not used by the project:
[0.808s] 
[0.809s]     GHADRON
[0.809s] 
[0.809s] [0m
[0.809s] -- Build files have been written to: /home/dtc-mrsd/Downloads/ros2_gimbal_ws/build/vision_opencv
