-- Found ament_cmake: 1.3.11 (/opt/ros/humble/share/ament_cmake/cmake)
-- Found rclcpp: 16.0.11 (/opt/ros/humble/share/rclcpp/cmake)
-- Found rosidl_generator_c: 3.1.6 (/opt/ros/humble/share/rosidl_generator_c/cmake)
-- Found rosidl_adapter: 3.1.6 (/opt/ros/humble/share/rosidl_adapter/cmake)
-- Found rosidl_generator_cpp: 3.1.6 (/opt/ros/humble/share/rosidl_generator_cpp/cmake)
-- Using all available rosidl_typesupport_c: rosidl_typesupport_fastrtps_c;rosidl_typesupport_introspection_c
-- Using all available rosidl_typesupport_cpp: rosidl_typesupport_fastrtps_cpp;rosidl_typesupport_introspection_cpp
-- Found rmw_implementation_cmake: 6.1.2 (/opt/ros/humble/share/rmw_implementation_cmake/cmake)
-- Found rmw_fastrtps_cpp: 6.2.7 (/opt/ros/humble/share/rmw_fastrtps_cpp/cmake)
-- Using RMW implementation 'rmw_fastrtps_cpp' as default
-- Configuring done
-- Generating done
-- Build files have been written to: /home/dtc-mrsd/Downloads/ros2_gimbal_ws/build/gimbal_zoom
[35m[1mConsolidate compiler generated dependencies of target gimbal_zoom[0m
[100%] Built target gimbal_zoom
-- Install configuration: "Debug"
-- Up-to-date: /home/dtc-mrsd/Downloads/ros2_gimbal_ws/install/gimbal_zoom/lib/gimbal_zoom/gimbal_zoom
-- Up-to-date: /home/dtc-mrsd/Downloads/ros2_gimbal_ws/install/gimbal_zoom/share/ament_index/resource_index/package_run_dependencies/gimbal_zoom
-- Up-to-date: /home/dtc-mrsd/Downloads/ros2_gimbal_ws/install/gimbal_zoom/share/ament_index/resource_index/parent_prefix_path/gimbal_zoom
-- Up-to-date: /home/dtc-mrsd/Downloads/ros2_gimbal_ws/install/gimbal_zoom/share/gimbal_zoom/environment/ament_prefix_path.sh
-- Installing: /home/dtc-mrsd/Downloads/ros2_gimbal_ws/install/gimbal_zoom/share/gimbal_zoom/environment/ament_prefix_path.dsv
-- Up-to-date: /home/dtc-mrsd/Downloads/ros2_gimbal_ws/install/gimbal_zoom/share/gimbal_zoom/environment/path.sh
-- Installing: /home/dtc-mrsd/Downloads/ros2_gimbal_ws/install/gimbal_zoom/share/gimbal_zoom/environment/path.dsv
-- Up-to-date: /home/dtc-mrsd/Downloads/ros2_gimbal_ws/install/gimbal_zoom/share/gimbal_zoom/local_setup.bash
-- Up-to-date: /home/dtc-mrsd/Downloads/ros2_gimbal_ws/install/gimbal_zoom/share/gimbal_zoom/local_setup.sh
-- Up-to-date: /home/dtc-mrsd/Downloads/ros2_gimbal_ws/install/gimbal_zoom/share/gimbal_zoom/local_setup.zsh
-- Installing: /home/dtc-mrsd/Downloads/ros2_gimbal_ws/install/gimbal_zoom/share/gimbal_zoom/local_setup.dsv
-- Installing: /home/dtc-mrsd/Downloads/ros2_gimbal_ws/install/gimbal_zoom/share/gimbal_zoom/package.dsv
-- Up-to-date: /home/dtc-mrsd/Downloads/ros2_gimbal_ws/install/gimbal_zoom/share/ament_index/resource_index/packages/gimbal_zoom
-- Up-to-date: /home/dtc-mrsd/Downloads/ros2_gimbal_ws/install/gimbal_zoom/share/gimbal_zoom/cmake/gimbal_zoomConfig.cmake
-- Up-to-date: /home/dtc-mrsd/Downloads/ros2_gimbal_ws/install/gimbal_zoom/share/gimbal_zoom/cmake/gimbal_zoomConfig-version.cmake
-- Up-to-date: /home/dtc-mrsd/Downloads/ros2_gimbal_ws/install/gimbal_zoom/share/gimbal_zoom/package.xml
