[0.029s] Invoking command in '/home/dtc-mrsd/Downloads/ros2_gimbal_ws/build/cv_bridge': /usr/bin/cmake --build /home/dtc-mrsd/Downloads/ros2_gimbal_ws/build/cv_bridge -- -j12 -l12
[0.320s] [ 12%] Built target gtest_main
[0.321s] [ 25%] Built target gtest
[0.321s] [ 25%] Built target ament_cmake_python_copy_cv_bridge
[0.321s] [ 43%] Built target cv_bridge
[0.321s] [ 81%] Built target cv_bridge-utest
[0.321s] [100%] Built target cv_bridge_boost
[0.438s] running egg_info
[0.438s] writing cv_bridge.egg-info/PKG-INFO
[0.438s] writing dependency_links to cv_bridge.egg-info/dependency_links.txt
[0.439s] writing top-level names to cv_bridge.egg-info/top_level.txt
[0.442s] reading manifest file 'cv_bridge.egg-info/SOURCES.txt'
[0.443s] writing manifest file 'cv_bridge.egg-info/SOURCES.txt'
[0.478s] [100%] Built target ament_cmake_python_build_cv_bridge_egg
[0.489s] Invoked command in '/home/dtc-mrsd/Downloads/ros2_gimbal_ws/build/cv_bridge' returned '0': /usr/bin/cmake --build /home/dtc-mrsd/Downloads/ros2_gimbal_ws/build/cv_bridge -- -j12 -l12
[0.491s] Invoking command in '/home/dtc-mrsd/Downloads/ros2_gimbal_ws/build/cv_bridge': /usr/bin/cmake --install /home/dtc-mrsd/Downloads/ros2_gimbal_ws/build/cv_bridge
[0.500s] -- Install configuration: ""
[0.500s] -- Up-to-date: /home/dtc-mrsd/Downloads/ros2_gimbal_ws/install/cv_bridge/share/cv_bridge/environment/pythonpath.sh
[0.500s] -- Up-to-date: /home/dtc-mrsd/Downloads/ros2_gimbal_ws/install/cv_bridge/share/cv_bridge/environment/pythonpath.dsv
[0.500s] -- Up-to-date: /home/dtc-mrsd/Downloads/ros2_gimbal_ws/install/cv_bridge/local/lib/python3.10/dist-packages/cv_bridge-3.2.1-py3.10.egg-info
[0.500s] -- Installing: /home/dtc-mrsd/Downloads/ros2_gimbal_ws/install/cv_bridge/local/lib/python3.10/dist-packages/cv_bridge-3.2.1-py3.10.egg-info/SOURCES.txt
[0.500s] -- Installing: /home/dtc-mrsd/Downloads/ros2_gimbal_ws/install/cv_bridge/local/lib/python3.10/dist-packages/cv_bridge-3.2.1-py3.10.egg-info/dependency_links.txt
[0.501s] -- Installing: /home/dtc-mrsd/Downloads/ros2_gimbal_ws/install/cv_bridge/local/lib/python3.10/dist-packages/cv_bridge-3.2.1-py3.10.egg-info/top_level.txt
[0.501s] -- Installing: /home/dtc-mrsd/Downloads/ros2_gimbal_ws/install/cv_bridge/local/lib/python3.10/dist-packages/cv_bridge-3.2.1-py3.10.egg-info/PKG-INFO
[0.501s] -- Up-to-date: /home/dtc-mrsd/Downloads/ros2_gimbal_ws/install/cv_bridge/local/lib/python3.10/dist-packages/cv_bridge
[0.501s] -- Up-to-date: /home/dtc-mrsd/Downloads/ros2_gimbal_ws/install/cv_bridge/local/lib/python3.10/dist-packages/cv_bridge/__init__.py
[0.501s] -- Up-to-date: /home/dtc-mrsd/Downloads/ros2_gimbal_ws/install/cv_bridge/local/lib/python3.10/dist-packages/cv_bridge/core.py
[0.535s] Listing '/home/dtc-mrsd/Downloads/ros2_gimbal_ws/install/cv_bridge/local/lib/python3.10/dist-packages/cv_bridge'...
[0.535s] Listing '/home/dtc-mrsd/Downloads/ros2_gimbal_ws/install/cv_bridge/local/lib/python3.10/dist-packages/cv_bridge/boost'...
[0.542s] -- Up-to-date: /home/dtc-mrsd/Downloads/ros2_gimbal_ws/install/cv_bridge/lib/libcv_bridge.so
[0.542s] -- Up-to-date: /home/dtc-mrsd/Downloads/ros2_gimbal_ws/install/cv_bridge/include/cv_bridge/cv_bridge/cv_bridge_export.h
[0.542s] -- Up-to-date: /home/dtc-mrsd/Downloads/ros2_gimbal_ws/install/cv_bridge/local/lib/python3.10/dist-packages/cv_bridge/boost/cv_bridge_boost.so
[0.542s] -- Up-to-date: /home/dtc-mrsd/Downloads/ros2_gimbal_ws/install/cv_bridge/include/cv_bridge
[0.543s] -- Up-to-date: /home/dtc-mrsd/Downloads/ros2_gimbal_ws/install/cv_bridge/include/cv_bridge/cv_bridge
[0.543s] -- Up-to-date: /home/dtc-mrsd/Downloads/ros2_gimbal_ws/install/cv_bridge/include/cv_bridge/cv_bridge/rgb_colors.h
[0.543s] -- Up-to-date: /home/dtc-mrsd/Downloads/ros2_gimbal_ws/install/cv_bridge/include/cv_bridge/cv_bridge/cv_bridge.h
[0.543s] -- Up-to-date: /home/dtc-mrsd/Downloads/ros2_gimbal_ws/install/cv_bridge/lib/libcv_bridge.so
[0.543s] -- Up-to-date: /home/dtc-mrsd/Downloads/ros2_gimbal_ws/install/cv_bridge/share/ament_index/resource_index/package_run_dependencies/cv_bridge
[0.544s] -- Up-to-date: /home/dtc-mrsd/Downloads/ros2_gimbal_ws/install/cv_bridge/share/ament_index/resource_index/parent_prefix_path/cv_bridge
[0.544s] -- Up-to-date: /home/dtc-mrsd/Downloads/ros2_gimbal_ws/install/cv_bridge/share/cv_bridge/environment/ament_prefix_path.sh
[0.544s] -- Up-to-date: /home/dtc-mrsd/Downloads/ros2_gimbal_ws/install/cv_bridge/share/cv_bridge/environment/ament_prefix_path.dsv
[0.544s] -- Up-to-date: /home/dtc-mrsd/Downloads/ros2_gimbal_ws/install/cv_bridge/share/cv_bridge/environment/path.sh
[0.544s] -- Up-to-date: /home/dtc-mrsd/Downloads/ros2_gimbal_ws/install/cv_bridge/share/cv_bridge/environment/path.dsv
[0.544s] -- Up-to-date: /home/dtc-mrsd/Downloads/ros2_gimbal_ws/install/cv_bridge/share/cv_bridge/local_setup.bash
[0.544s] -- Up-to-date: /home/dtc-mrsd/Downloads/ros2_gimbal_ws/install/cv_bridge/share/cv_bridge/local_setup.sh
[0.545s] -- Up-to-date: /home/dtc-mrsd/Downloads/ros2_gimbal_ws/install/cv_bridge/share/cv_bridge/local_setup.zsh
[0.545s] -- Up-to-date: /home/dtc-mrsd/Downloads/ros2_gimbal_ws/install/cv_bridge/share/cv_bridge/local_setup.dsv
[0.545s] -- Installing: /home/dtc-mrsd/Downloads/ros2_gimbal_ws/install/cv_bridge/share/cv_bridge/package.dsv
[0.545s] -- Up-to-date: /home/dtc-mrsd/Downloads/ros2_gimbal_ws/install/cv_bridge/share/ament_index/resource_index/packages/cv_bridge
[0.545s] -- Up-to-date: /home/dtc-mrsd/Downloads/ros2_gimbal_ws/install/cv_bridge/share/cv_bridge/cmake/export_cv_bridgeExport.cmake
[0.545s] -- Up-to-date: /home/dtc-mrsd/Downloads/ros2_gimbal_ws/install/cv_bridge/share/cv_bridge/cmake/export_cv_bridgeExport-noconfig.cmake
[0.545s] -- Up-to-date: /home/dtc-mrsd/Downloads/ros2_gimbal_ws/install/cv_bridge/share/cv_bridge/cmake/cv_bridge-extras.cmake
[0.545s] -- Up-to-date: /home/dtc-mrsd/Downloads/ros2_gimbal_ws/install/cv_bridge/share/cv_bridge/cmake/ament_cmake_export_dependencies-extras.cmake
[0.545s] -- Up-to-date: /home/dtc-mrsd/Downloads/ros2_gimbal_ws/install/cv_bridge/share/cv_bridge/cmake/ament_cmake_export_targets-extras.cmake
[0.545s] -- Up-to-date: /home/dtc-mrsd/Downloads/ros2_gimbal_ws/install/cv_bridge/share/cv_bridge/cmake/cv_bridgeConfig.cmake
[0.545s] -- Up-to-date: /home/dtc-mrsd/Downloads/ros2_gimbal_ws/install/cv_bridge/share/cv_bridge/cmake/cv_bridgeConfig-version.cmake
[0.546s] -- Up-to-date: /home/dtc-mrsd/Downloads/ros2_gimbal_ws/install/cv_bridge/share/cv_bridge/package.xml
[0.564s] Invoked command in '/home/dtc-mrsd/Downloads/ros2_gimbal_ws/build/cv_bridge' returned '0': /usr/bin/cmake --install /home/dtc-mrsd/Downloads/ros2_gimbal_ws/build/cv_bridge
