[0.025s] Invoking command in '/home/dtc-mrsd/Downloads/ros2_gimbal_ws/build/cv_bridge': CMAKE_PREFIX_PATH=/opt/ros/humble /usr/bin/cmake /home/dtc-mrsd/Downloads/ros2_gimbal_ws/src/vision_opencv/cv_bridge -DGHADRON=1 -DCMAKE_INSTALL_PREFIX=/home/dtc-mrsd/Downloads/ros2_gimbal_ws/install/cv_bridge
[0.041s] -- Found ament_cmake_ros: 0.10.0 (/opt/ros/humble/share/ament_cmake_ros/cmake)
[0.128s] -- Found Python3: /usr/bin/python3 (found version "3.10.12") found components: Interpreter 
[0.593s] -- Found Python3: /usr/include/python3.10 (found version "3.10.12") found components: Development NumPy Interpreter Development.Module Development.Embed 
[0.604s] -- Found rcpputils: 2.4.4 (/opt/ros/humble/share/rcpputils/cmake)
[0.618s] -- Found sensor_msgs: 4.2.4 (/opt/ros/humble/share/sensor_msgs/cmake)
[0.634s] -- Found rosidl_generator_c: 3.1.6 (/opt/ros/humble/share/rosidl_generator_c/cmake)
[0.636s] -- Found rosidl_adapter: 3.1.6 (/opt/ros/humble/share/rosidl_adapter/cmake)
[0.642s] -- Found rosidl_generator_cpp: 3.1.6 (/opt/ros/humble/share/rosidl_generator_cpp/cmake)
[0.654s] -- Using all available rosidl_typesupport_c: rosidl_typesupport_fastrtps_c;rosidl_typesupport_introspection_c
[0.669s] -- Using all available rosidl_typesupport_cpp: rosidl_typesupport_fastrtps_cpp;rosidl_typesupport_introspection_cpp
[0.830s] -- Found ament_lint_auto: 0.12.11 (/opt/ros/humble/share/ament_lint_auto/cmake)
[0.916s] -- Found gtest sources under '/opt/ros/humble/src/gtest_vendor': C++ tests using 'Google Test' will be built
[2.636s] -- Configuring done
[2.656s] -- Generating done
[2.664s] -- Build files have been written to: /home/dtc-mrsd/Downloads/ros2_gimbal_ws/build/cv_bridge
[2.671s] Invoked command in '/home/dtc-mrsd/Downloads/ros2_gimbal_ws/build/cv_bridge' returned '0': CMAKE_PREFIX_PATH=/opt/ros/humble /usr/bin/cmake /home/dtc-mrsd/Downloads/ros2_gimbal_ws/src/vision_opencv/cv_bridge -DGHADRON=1 -DCMAKE_INSTALL_PREFIX=/home/dtc-mrsd/Downloads/ros2_gimbal_ws/install/cv_bridge
[2.672s] Invoking command in '/home/dtc-mrsd/Downloads/ros2_gimbal_ws/build/cv_bridge': CMAKE_PREFIX_PATH=/opt/ros/humble /usr/bin/cmake --build /home/dtc-mrsd/Downloads/ros2_gimbal_ws/build/cv_bridge -- -j12 -l12
[2.716s] [35m[1mConsolidate compiler generated dependencies of target gtest_main[0m
[2.716s] [35m[1mConsolidate compiler generated dependencies of target gtest[0m
[2.716s] [35m[1mConsolidate compiler generated dependencies of target cv_bridge[0m
[2.731s] [ 18%] Built target gtest
[2.731s] [ 25%] Built target gtest_main
[2.735s] [ 43%] Built target cv_bridge
[2.737s] [ 43%] Built target ament_cmake_python_copy_cv_bridge
[2.747s] [35m[1mConsolidate compiler generated dependencies of target cv_bridge-utest[0m
[2.748s] [35m[1mConsolidate compiler generated dependencies of target cv_bridge_boost[0m
[2.765s] [ 81%] Built target cv_bridge-utest
[2.776s] [100%] Built target cv_bridge_boost
[3.013s] running egg_info
[3.015s] writing cv_bridge.egg-info/PKG-INFO
[3.015s] writing dependency_links to cv_bridge.egg-info/dependency_links.txt
[3.015s] writing top-level names to cv_bridge.egg-info/top_level.txt
[3.018s] reading manifest file 'cv_bridge.egg-info/SOURCES.txt'
[3.019s] writing manifest file 'cv_bridge.egg-info/SOURCES.txt'
[3.057s] [100%] Built target ament_cmake_python_build_cv_bridge_egg
[3.069s] Invoked command in '/home/dtc-mrsd/Downloads/ros2_gimbal_ws/build/cv_bridge' returned '0': CMAKE_PREFIX_PATH=/opt/ros/humble /usr/bin/cmake --build /home/dtc-mrsd/Downloads/ros2_gimbal_ws/build/cv_bridge -- -j12 -l12
[3.071s] Invoking command in '/home/dtc-mrsd/Downloads/ros2_gimbal_ws/build/cv_bridge': CMAKE_PREFIX_PATH=/opt/ros/humble /usr/bin/cmake --install /home/dtc-mrsd/Downloads/ros2_gimbal_ws/build/cv_bridge
[3.080s] -- Install configuration: ""
[3.080s] -- Up-to-date: /home/dtc-mrsd/Downloads/ros2_gimbal_ws/install/cv_bridge/share/cv_bridge/environment/pythonpath.sh
[3.080s] -- Installing: /home/dtc-mrsd/Downloads/ros2_gimbal_ws/install/cv_bridge/share/cv_bridge/environment/pythonpath.dsv
[3.080s] -- Up-to-date: /home/dtc-mrsd/Downloads/ros2_gimbal_ws/install/cv_bridge/local/lib/python3.10/dist-packages/cv_bridge-3.2.1-py3.10.egg-info
[3.080s] -- Installing: /home/dtc-mrsd/Downloads/ros2_gimbal_ws/install/cv_bridge/local/lib/python3.10/dist-packages/cv_bridge-3.2.1-py3.10.egg-info/SOURCES.txt
[3.080s] -- Installing: /home/dtc-mrsd/Downloads/ros2_gimbal_ws/install/cv_bridge/local/lib/python3.10/dist-packages/cv_bridge-3.2.1-py3.10.egg-info/dependency_links.txt
[3.080s] -- Installing: /home/dtc-mrsd/Downloads/ros2_gimbal_ws/install/cv_bridge/local/lib/python3.10/dist-packages/cv_bridge-3.2.1-py3.10.egg-info/top_level.txt
[3.080s] -- Installing: /home/dtc-mrsd/Downloads/ros2_gimbal_ws/install/cv_bridge/local/lib/python3.10/dist-packages/cv_bridge-3.2.1-py3.10.egg-info/PKG-INFO
[3.080s] -- Up-to-date: /home/dtc-mrsd/Downloads/ros2_gimbal_ws/install/cv_bridge/local/lib/python3.10/dist-packages/cv_bridge
[3.080s] -- Up-to-date: /home/dtc-mrsd/Downloads/ros2_gimbal_ws/install/cv_bridge/local/lib/python3.10/dist-packages/cv_bridge/__init__.py
[3.081s] -- Up-to-date: /home/dtc-mrsd/Downloads/ros2_gimbal_ws/install/cv_bridge/local/lib/python3.10/dist-packages/cv_bridge/core.py
[3.113s] Listing '/home/dtc-mrsd/Downloads/ros2_gimbal_ws/install/cv_bridge/local/lib/python3.10/dist-packages/cv_bridge'...
[3.113s] Listing '/home/dtc-mrsd/Downloads/ros2_gimbal_ws/install/cv_bridge/local/lib/python3.10/dist-packages/cv_bridge/boost'...
[3.118s] -- Up-to-date: /home/dtc-mrsd/Downloads/ros2_gimbal_ws/install/cv_bridge/lib/libcv_bridge.so
[3.119s] -- Up-to-date: /home/dtc-mrsd/Downloads/ros2_gimbal_ws/install/cv_bridge/include/cv_bridge/cv_bridge/cv_bridge_export.h
[3.119s] -- Up-to-date: /home/dtc-mrsd/Downloads/ros2_gimbal_ws/install/cv_bridge/local/lib/python3.10/dist-packages/cv_bridge/boost/cv_bridge_boost.so
[3.119s] -- Up-to-date: /home/dtc-mrsd/Downloads/ros2_gimbal_ws/install/cv_bridge/include/cv_bridge
[3.119s] -- Up-to-date: /home/dtc-mrsd/Downloads/ros2_gimbal_ws/install/cv_bridge/include/cv_bridge/cv_bridge
[3.119s] -- Up-to-date: /home/dtc-mrsd/Downloads/ros2_gimbal_ws/install/cv_bridge/include/cv_bridge/cv_bridge/rgb_colors.h
[3.119s] -- Up-to-date: /home/dtc-mrsd/Downloads/ros2_gimbal_ws/install/cv_bridge/include/cv_bridge/cv_bridge/cv_bridge.h
[3.119s] -- Up-to-date: /home/dtc-mrsd/Downloads/ros2_gimbal_ws/install/cv_bridge/lib/libcv_bridge.so
[3.120s] -- Up-to-date: /home/dtc-mrsd/Downloads/ros2_gimbal_ws/install/cv_bridge/share/ament_index/resource_index/package_run_dependencies/cv_bridge
[3.120s] -- Up-to-date: /home/dtc-mrsd/Downloads/ros2_gimbal_ws/install/cv_bridge/share/ament_index/resource_index/parent_prefix_path/cv_bridge
[3.120s] -- Up-to-date: /home/dtc-mrsd/Downloads/ros2_gimbal_ws/install/cv_bridge/share/cv_bridge/environment/ament_prefix_path.sh
[3.120s] -- Installing: /home/dtc-mrsd/Downloads/ros2_gimbal_ws/install/cv_bridge/share/cv_bridge/environment/ament_prefix_path.dsv
[3.120s] -- Up-to-date: /home/dtc-mrsd/Downloads/ros2_gimbal_ws/install/cv_bridge/share/cv_bridge/environment/path.sh
[3.120s] -- Installing: /home/dtc-mrsd/Downloads/ros2_gimbal_ws/install/cv_bridge/share/cv_bridge/environment/path.dsv
[3.120s] -- Up-to-date: /home/dtc-mrsd/Downloads/ros2_gimbal_ws/install/cv_bridge/share/cv_bridge/local_setup.bash
[3.120s] -- Up-to-date: /home/dtc-mrsd/Downloads/ros2_gimbal_ws/install/cv_bridge/share/cv_bridge/local_setup.sh
[3.120s] -- Up-to-date: /home/dtc-mrsd/Downloads/ros2_gimbal_ws/install/cv_bridge/share/cv_bridge/local_setup.zsh
[3.120s] -- Installing: /home/dtc-mrsd/Downloads/ros2_gimbal_ws/install/cv_bridge/share/cv_bridge/local_setup.dsv
[3.121s] -- Installing: /home/dtc-mrsd/Downloads/ros2_gimbal_ws/install/cv_bridge/share/cv_bridge/package.dsv
[3.121s] -- Up-to-date: /home/dtc-mrsd/Downloads/ros2_gimbal_ws/install/cv_bridge/share/ament_index/resource_index/packages/cv_bridge
[3.121s] -- Up-to-date: /home/dtc-mrsd/Downloads/ros2_gimbal_ws/install/cv_bridge/share/cv_bridge/cmake/export_cv_bridgeExport.cmake
[3.121s] -- Up-to-date: /home/dtc-mrsd/Downloads/ros2_gimbal_ws/install/cv_bridge/share/cv_bridge/cmake/export_cv_bridgeExport-noconfig.cmake
[3.121s] -- Up-to-date: /home/dtc-mrsd/Downloads/ros2_gimbal_ws/install/cv_bridge/share/cv_bridge/cmake/cv_bridge-extras.cmake
[3.121s] -- Up-to-date: /home/dtc-mrsd/Downloads/ros2_gimbal_ws/install/cv_bridge/share/cv_bridge/cmake/ament_cmake_export_dependencies-extras.cmake
[3.121s] -- Up-to-date: /home/dtc-mrsd/Downloads/ros2_gimbal_ws/install/cv_bridge/share/cv_bridge/cmake/ament_cmake_export_targets-extras.cmake
[3.121s] -- Up-to-date: /home/dtc-mrsd/Downloads/ros2_gimbal_ws/install/cv_bridge/share/cv_bridge/cmake/cv_bridgeConfig.cmake
[3.121s] -- Up-to-date: /home/dtc-mrsd/Downloads/ros2_gimbal_ws/install/cv_bridge/share/cv_bridge/cmake/cv_bridgeConfig-version.cmake
[3.121s] -- Up-to-date: /home/dtc-mrsd/Downloads/ros2_gimbal_ws/install/cv_bridge/share/cv_bridge/package.xml
[3.123s] Invoked command in '/home/dtc-mrsd/Downloads/ros2_gimbal_ws/build/cv_bridge' returned '0': CMAKE_PREFIX_PATH=/opt/ros/humble /usr/bin/cmake --install /home/dtc-mrsd/Downloads/ros2_gimbal_ws/build/cv_bridge
