[0.021s] Invoking command in '/home/dtc-mrsd/Downloads/ros2_gimbal_ws/build/image_geometry': CMAKE_PREFIX_PATH=/opt/ros/humble /usr/bin/cmake /home/dtc-mrsd/Downloads/ros2_gimbal_ws/src/vision_opencv/image_geometry -DGHADRON=1 -DCMAKE_INSTALL_PREFIX=/home/dtc-mrsd/Downloads/ros2_gimbal_ws/install/image_geometry
[0.109s] -- The C compiler identification is GNU 11.4.0
[0.182s] -- The CXX compiler identification is GNU 11.4.0
[0.191s] -- Detecting C compiler ABI info
[0.262s] -- Detecting C compiler ABI info - done
[0.269s] -- Check for working C compiler: /usr/bin/cc - skipped
[0.270s] -- Detecting C compile features
[0.270s] -- Detecting C compile features - done
[0.273s] -- Detecting CXX compiler ABI info
[0.347s] -- Detecting CXX compiler ABI info - done
[0.355s] -- Check for working CXX compiler: /usr/bin/c++ - skipped
[0.355s] -- Detecting CXX compile features
[0.355s] -- Detecting CXX compile features - done
[0.357s] -- Found ament_cmake_python: 1.3.11 (/opt/ros/humble/share/ament_cmake_python/cmake)
[0.359s] -- Found ament_cmake_ros: 0.10.0 (/opt/ros/humble/share/ament_cmake_ros/cmake)
[0.498s] -- Found Python3: /usr/bin/python3 (found version "3.10.12") found components: Interpreter 
[0.671s] -- Found OpenCV: /usr (found version "4.5.4") found components: calib3d core highgui imgproc 
[0.672s] -- Found sensor_msgs: 4.2.4 (/opt/ros/humble/share/sensor_msgs/cmake)
[0.704s] -- Found rosidl_generator_c: 3.1.6 (/opt/ros/humble/share/rosidl_generator_c/cmake)
[0.709s] -- Found rosidl_adapter: 3.1.6 (/opt/ros/humble/share/rosidl_adapter/cmake)
[0.717s] -- Found rosidl_generator_cpp: 3.1.6 (/opt/ros/humble/share/rosidl_generator_cpp/cmake)
[0.728s] -- Using all available rosidl_typesupport_c: rosidl_typesupport_fastrtps_c;rosidl_typesupport_introspection_c
[0.744s] -- Using all available rosidl_typesupport_cpp: rosidl_typesupport_fastrtps_cpp;rosidl_typesupport_introspection_cpp
[0.811s] -- Found gtest sources under '/opt/ros/humble/src/gtest_vendor': C++ tests using 'Google Test' will be built
[0.813s] -- Looking for pthread.h
[0.877s] -- Looking for pthread.h - found
[0.877s] -- Performing Test CMAKE_HAVE_LIBC_PTHREAD
[0.941s] -- Performing Test CMAKE_HAVE_LIBC_PTHREAD - Success
[0.942s] -- Found Threads: TRUE  
[1.000s] -- Configuring done
[1.015s] -- Generating done
[1.016s] [33mCMake Warning:
[1.016s]   Manually-specified variables were not used by the project:
[1.016s] 
[1.016s]     GHADRON
[1.016s] 
[1.016s] [0m
[1.020s] -- Build files have been written to: /home/dtc-mrsd/Downloads/ros2_gimbal_ws/build/image_geometry
[1.027s] Invoked command in '/home/dtc-mrsd/Downloads/ros2_gimbal_ws/build/image_geometry' returned '0': CMAKE_PREFIX_PATH=/opt/ros/humble /usr/bin/cmake /home/dtc-mrsd/Downloads/ros2_gimbal_ws/src/vision_opencv/image_geometry -DGHADRON=1 -DCMAKE_INSTALL_PREFIX=/home/dtc-mrsd/Downloads/ros2_gimbal_ws/install/image_geometry
[1.028s] Invoking command in '/home/dtc-mrsd/Downloads/ros2_gimbal_ws/build/image_geometry': CMAKE_PREFIX_PATH=/opt/ros/humble /usr/bin/cmake --build /home/dtc-mrsd/Downloads/ros2_gimbal_ws/build/image_geometry -- -j12 -l12
[1.074s] [ 11%] [32mBuilding CXX object CMakeFiles/image_geometry.dir/src/stereo_camera_model.cpp.o[0m
[1.074s] [ 22%] [32mBuilding CXX object gtest/CMakeFiles/gtest_main.dir/src/gtest_main.cc.o[0m
[1.074s] [ 33%] [32mBuilding CXX object gtest/CMakeFiles/gtest.dir/src/gtest-all.cc.o[0m
[1.076s] [ 44%] [32mBuilding CXX object CMakeFiles/image_geometry.dir/src/pinhole_camera_model.cpp.o[0m
[1.084s] [ 44%] Built target ament_cmake_python_copy_image_geometry
[1.353s] running egg_info
[1.353s] creating image_geometry.egg-info
[1.354s] writing image_geometry.egg-info/PKG-INFO
[1.354s] writing dependency_links to image_geometry.egg-info/dependency_links.txt
[1.354s] writing top-level names to image_geometry.egg-info/top_level.txt
[1.358s] writing manifest file 'image_geometry.egg-info/SOURCES.txt'
[1.361s] reading manifest file 'image_geometry.egg-info/SOURCES.txt'
[1.361s] writing manifest file 'image_geometry.egg-info/SOURCES.txt'
[1.390s] [ 44%] Built target ament_cmake_python_build_image_geometry_egg
[1.742s] [ 55%] [32m[1mLinking CXX static library libgtest_main.a[0m
[1.821s] [ 55%] Built target gtest_main
[2.200s] [ 66%] [32m[1mLinking CXX shared library libimage_geometry.so[0m
[2.307s] [ 66%] Built target image_geometry
[3.982s] [ 77%] [32m[1mLinking CXX static library libgtest.a[0m
[4.064s] [ 77%] Built target gtest
[4.084s] [ 88%] [32mBuilding CXX object CMakeFiles/image_geometry-utest.dir/test/utest.cpp.o[0m
[5.513s] [100%] [32m[1mLinking CXX executable image_geometry-utest[0m
[5.694s] [100%] Built target image_geometry-utest
[5.704s] Invoked command in '/home/dtc-mrsd/Downloads/ros2_gimbal_ws/build/image_geometry' returned '0': CMAKE_PREFIX_PATH=/opt/ros/humble /usr/bin/cmake --build /home/dtc-mrsd/Downloads/ros2_gimbal_ws/build/image_geometry -- -j12 -l12
[5.706s] Invoking command in '/home/dtc-mrsd/Downloads/ros2_gimbal_ws/build/image_geometry': CMAKE_PREFIX_PATH=/opt/ros/humble /usr/bin/cmake --install /home/dtc-mrsd/Downloads/ros2_gimbal_ws/build/image_geometry
[5.715s] -- Install configuration: ""
[5.718s] -- Installing: /home/dtc-mrsd/Downloads/ros2_gimbal_ws/install/image_geometry/share/image_geometry/environment/pythonpath.sh
[5.718s] -- Installing: /home/dtc-mrsd/Downloads/ros2_gimbal_ws/install/image_geometry/share/image_geometry/environment/pythonpath.dsv
[5.719s] -- Installing: /home/dtc-mrsd/Downloads/ros2_gimbal_ws/install/image_geometry/local/lib/python3.10/dist-packages/image_geometry-3.2.1-py3.10.egg-info
[5.719s] -- Installing: /home/dtc-mrsd/Downloads/ros2_gimbal_ws/install/image_geometry/local/lib/python3.10/dist-packages/image_geometry-3.2.1-py3.10.egg-info/SOURCES.txt
[5.719s] -- Installing: /home/dtc-mrsd/Downloads/ros2_gimbal_ws/install/image_geometry/local/lib/python3.10/dist-packages/image_geometry-3.2.1-py3.10.egg-info/dependency_links.txt
[5.719s] -- Installing: /home/dtc-mrsd/Downloads/ros2_gimbal_ws/install/image_geometry/local/lib/python3.10/dist-packages/image_geometry-3.2.1-py3.10.egg-info/top_level.txt
[5.719s] -- Installing: /home/dtc-mrsd/Downloads/ros2_gimbal_ws/install/image_geometry/local/lib/python3.10/dist-packages/image_geometry-3.2.1-py3.10.egg-info/PKG-INFO
[5.719s] -- Installing: /home/dtc-mrsd/Downloads/ros2_gimbal_ws/install/image_geometry/local/lib/python3.10/dist-packages/image_geometry
[5.719s] -- Installing: /home/dtc-mrsd/Downloads/ros2_gimbal_ws/install/image_geometry/local/lib/python3.10/dist-packages/image_geometry/cameramodels.py
[5.719s] -- Installing: /home/dtc-mrsd/Downloads/ros2_gimbal_ws/install/image_geometry/local/lib/python3.10/dist-packages/image_geometry/__init__.py
[5.780s] Listing '/home/dtc-mrsd/Downloads/ros2_gimbal_ws/install/image_geometry/local/lib/python3.10/dist-packages/image_geometry'...
[5.780s] Compiling '/home/dtc-mrsd/Downloads/ros2_gimbal_ws/install/image_geometry/local/lib/python3.10/dist-packages/image_geometry/__init__.py'...
[5.780s] Compiling '/home/dtc-mrsd/Downloads/ros2_gimbal_ws/install/image_geometry/local/lib/python3.10/dist-packages/image_geometry/cameramodels.py'...
[5.790s] -- Installing: /home/dtc-mrsd/Downloads/ros2_gimbal_ws/install/image_geometry/include/image_geometry
[5.790s] -- Installing: /home/dtc-mrsd/Downloads/ros2_gimbal_ws/install/image_geometry/include/image_geometry/image_geometry
[5.791s] -- Installing: /home/dtc-mrsd/Downloads/ros2_gimbal_ws/install/image_geometry/include/image_geometry/image_geometry/visibility_control.hpp
[5.791s] -- Installing: /home/dtc-mrsd/Downloads/ros2_gimbal_ws/install/image_geometry/include/image_geometry/image_geometry/stereo_camera_model.h
[5.791s] -- Installing: /home/dtc-mrsd/Downloads/ros2_gimbal_ws/install/image_geometry/include/image_geometry/image_geometry/pinhole_camera_model.h
[5.791s] -- Installing: /home/dtc-mrsd/Downloads/ros2_gimbal_ws/install/image_geometry/lib/libimage_geometry.so
[5.791s] -- Set runtime path of "/home/dtc-mrsd/Downloads/ros2_gimbal_ws/install/image_geometry/lib/libimage_geometry.so" to ""
[5.792s] -- Installing: /home/dtc-mrsd/Downloads/ros2_gimbal_ws/install/image_geometry/share/ament_index/resource_index/package_run_dependencies/image_geometry
[5.793s] -- Installing: /home/dtc-mrsd/Downloads/ros2_gimbal_ws/install/image_geometry/share/ament_index/resource_index/parent_prefix_path/image_geometry
[5.793s] -- Installing: /home/dtc-mrsd/Downloads/ros2_gimbal_ws/install/image_geometry/share/image_geometry/environment/ament_prefix_path.sh
[5.793s] -- Installing: /home/dtc-mrsd/Downloads/ros2_gimbal_ws/install/image_geometry/share/image_geometry/environment/ament_prefix_path.dsv
[5.793s] -- Installing: /home/dtc-mrsd/Downloads/ros2_gimbal_ws/install/image_geometry/share/image_geometry/environment/path.sh
[5.793s] -- Installing: /home/dtc-mrsd/Downloads/ros2_gimbal_ws/install/image_geometry/share/image_geometry/environment/path.dsv
[5.794s] -- Installing: /home/dtc-mrsd/Downloads/ros2_gimbal_ws/install/image_geometry/share/image_geometry/local_setup.bash
[5.794s] -- Installing: /home/dtc-mrsd/Downloads/ros2_gimbal_ws/install/image_geometry/share/image_geometry/local_setup.sh
[5.794s] -- Installing: /home/dtc-mrsd/Downloads/ros2_gimbal_ws/install/image_geometry/share/image_geometry/local_setup.zsh
[5.794s] -- Installing: /home/dtc-mrsd/Downloads/ros2_gimbal_ws/install/image_geometry/share/image_geometry/local_setup.dsv
[5.794s] -- Installing: /home/dtc-mrsd/Downloads/ros2_gimbal_ws/install/image_geometry/share/image_geometry/package.dsv
[5.794s] -- Installing: /home/dtc-mrsd/Downloads/ros2_gimbal_ws/install/image_geometry/share/ament_index/resource_index/packages/image_geometry
[5.794s] -- Installing: /home/dtc-mrsd/Downloads/ros2_gimbal_ws/install/image_geometry/share/image_geometry/cmake/export_image_geometryExport.cmake
[5.795s] -- Installing: /home/dtc-mrsd/Downloads/ros2_gimbal_ws/install/image_geometry/share/image_geometry/cmake/export_image_geometryExport-noconfig.cmake
[5.795s] -- Installing: /home/dtc-mrsd/Downloads/ros2_gimbal_ws/install/image_geometry/share/image_geometry/cmake/ament_cmake_export_targets-extras.cmake
[5.795s] -- Installing: /home/dtc-mrsd/Downloads/ros2_gimbal_ws/install/image_geometry/share/image_geometry/cmake/ament_cmake_export_dependencies-extras.cmake
[5.795s] -- Installing: /home/dtc-mrsd/Downloads/ros2_gimbal_ws/install/image_geometry/share/image_geometry/cmake/image_geometryConfig.cmake
[5.795s] -- Installing: /home/dtc-mrsd/Downloads/ros2_gimbal_ws/install/image_geometry/share/image_geometry/cmake/image_geometryConfig-version.cmake
[5.795s] -- Installing: /home/dtc-mrsd/Downloads/ros2_gimbal_ws/install/image_geometry/share/image_geometry/package.xml
[5.800s] Invoked command in '/home/dtc-mrsd/Downloads/ros2_gimbal_ws/build/image_geometry' returned '0': CMAKE_PREFIX_PATH=/opt/ros/humble /usr/bin/cmake --install /home/dtc-mrsd/Downloads/ros2_gimbal_ws/build/image_geometry
