[0.026s] Invoking command in '/home/dtc-mrsd/Downloads/ros2_gimbal_ws/build/cv_bridge': CMAKE_PREFIX_PATH=/opt/ros/humble /usr/bin/cmake /home/dtc-mrsd/Downloads/ros2_gimbal_ws/src/vision_opencv/cv_bridge -DCMAKE_INSTALL_PREFIX=/home/dtc-mrsd/Downloads/ros2_gimbal_ws/install/cv_bridge
[0.042s] -- Found ament_cmake_ros: 0.10.0 (/opt/ros/humble/share/ament_cmake_ros/cmake)
[0.101s] -- Found Python3: /usr/bin/python3 (found version "3.10.12") found components: Interpreter 
[0.488s] -- Found Python3: /usr/include/python3.10 (found version "3.10.12") found components: Development NumPy Interpreter Development.Module Development.Embed 
[0.497s] -- Found rcpputils: 2.4.4 (/opt/ros/humble/share/rcpputils/cmake)
[0.508s] -- Found sensor_msgs: 4.2.4 (/opt/ros/humble/share/sensor_msgs/cmake)
[0.525s] -- Found rosidl_generator_c: 3.1.6 (/opt/ros/humble/share/rosidl_generator_c/cmake)
[0.528s] -- Found rosidl_adapter: 3.1.6 (/opt/ros/humble/share/rosidl_adapter/cmake)
[0.535s] -- Found rosidl_generator_cpp: 3.1.6 (/opt/ros/humble/share/rosidl_generator_cpp/cmake)
[0.545s] -- Using all available rosidl_typesupport_c: rosidl_typesupport_fastrtps_c;rosidl_typesupport_introspection_c
[0.560s] -- Using all available rosidl_typesupport_cpp: rosidl_typesupport_fastrtps_cpp;rosidl_typesupport_introspection_cpp
[0.696s] -- Found ament_lint_auto: 0.12.11 (/opt/ros/humble/share/ament_lint_auto/cmake)
[0.767s] -- Found gtest sources under '/opt/ros/humble/src/gtest_vendor': C++ tests using 'Google Test' will be built
[2.297s] -- Configuring done
[2.313s] -- Generating done
[2.320s] -- Build files have been written to: /home/dtc-mrsd/Downloads/ros2_gimbal_ws/build/cv_bridge
[2.326s] Invoked command in '/home/dtc-mrsd/Downloads/ros2_gimbal_ws/build/cv_bridge' returned '0': CMAKE_PREFIX_PATH=/opt/ros/humble /usr/bin/cmake /home/dtc-mrsd/Downloads/ros2_gimbal_ws/src/vision_opencv/cv_bridge -DCMAKE_INSTALL_PREFIX=/home/dtc-mrsd/Downloads/ros2_gimbal_ws/install/cv_bridge
[2.327s] Invoking command in '/home/dtc-mrsd/Downloads/ros2_gimbal_ws/build/cv_bridge': CMAKE_PREFIX_PATH=/opt/ros/humble /usr/bin/cmake --build /home/dtc-mrsd/Downloads/ros2_gimbal_ws/build/cv_bridge -- -j12 -l12
[2.365s] [35m[1mConsolidate compiler generated dependencies of target gtest_main[0m
[2.365s] [35m[1mConsolidate compiler generated dependencies of target gtest[0m
[2.367s] [35m[1mConsolidate compiler generated dependencies of target cv_bridge[0m
[2.377s] [ 25%] Built target gtest_main
[2.377s] [ 25%] Built target gtest
[2.382s] [ 43%] Built target cv_bridge
[2.384s] [ 43%] Built target ament_cmake_python_copy_cv_bridge
[2.394s] [35m[1mConsolidate compiler generated dependencies of target cv_bridge-utest[0m
[2.395s] [35m[1mConsolidate compiler generated dependencies of target cv_bridge_boost[0m
[2.410s] [ 81%] Built target cv_bridge-utest
[2.418s] [100%] Built target cv_bridge_boost
[2.636s] running egg_info
[2.636s] writing cv_bridge.egg-info/PKG-INFO
[2.636s] writing dependency_links to cv_bridge.egg-info/dependency_links.txt
[2.636s] writing top-level names to cv_bridge.egg-info/top_level.txt
[2.639s] reading manifest file 'cv_bridge.egg-info/SOURCES.txt'
[2.640s] writing manifest file 'cv_bridge.egg-info/SOURCES.txt'
[2.662s] [100%] Built target ament_cmake_python_build_cv_bridge_egg
[2.672s] Invoked command in '/home/dtc-mrsd/Downloads/ros2_gimbal_ws/build/cv_bridge' returned '0': CMAKE_PREFIX_PATH=/opt/ros/humble /usr/bin/cmake --build /home/dtc-mrsd/Downloads/ros2_gimbal_ws/build/cv_bridge -- -j12 -l12
[2.673s] Invoking command in '/home/dtc-mrsd/Downloads/ros2_gimbal_ws/build/cv_bridge': CMAKE_PREFIX_PATH=/opt/ros/humble /usr/bin/cmake --install /home/dtc-mrsd/Downloads/ros2_gimbal_ws/build/cv_bridge
[2.680s] -- Install configuration: ""
[2.680s] -- Up-to-date: /home/dtc-mrsd/Downloads/ros2_gimbal_ws/install/cv_bridge/share/cv_bridge/environment/pythonpath.sh
[2.680s] -- Installing: /home/dtc-mrsd/Downloads/ros2_gimbal_ws/install/cv_bridge/share/cv_bridge/environment/pythonpath.dsv
[2.680s] -- Up-to-date: /home/dtc-mrsd/Downloads/ros2_gimbal_ws/install/cv_bridge/local/lib/python3.10/dist-packages/cv_bridge-3.2.1-py3.10.egg-info
[2.680s] -- Installing: /home/dtc-mrsd/Downloads/ros2_gimbal_ws/install/cv_bridge/local/lib/python3.10/dist-packages/cv_bridge-3.2.1-py3.10.egg-info/SOURCES.txt
[2.680s] -- Installing: /home/dtc-mrsd/Downloads/ros2_gimbal_ws/install/cv_bridge/local/lib/python3.10/dist-packages/cv_bridge-3.2.1-py3.10.egg-info/dependency_links.txt
[2.680s] -- Installing: /home/dtc-mrsd/Downloads/ros2_gimbal_ws/install/cv_bridge/local/lib/python3.10/dist-packages/cv_bridge-3.2.1-py3.10.egg-info/top_level.txt
[2.680s] -- Installing: /home/dtc-mrsd/Downloads/ros2_gimbal_ws/install/cv_bridge/local/lib/python3.10/dist-packages/cv_bridge-3.2.1-py3.10.egg-info/PKG-INFO
[2.680s] -- Up-to-date: /home/dtc-mrsd/Downloads/ros2_gimbal_ws/install/cv_bridge/local/lib/python3.10/dist-packages/cv_bridge
[2.680s] -- Up-to-date: /home/dtc-mrsd/Downloads/ros2_gimbal_ws/install/cv_bridge/local/lib/python3.10/dist-packages/cv_bridge/__init__.py
[2.680s] -- Up-to-date: /home/dtc-mrsd/Downloads/ros2_gimbal_ws/install/cv_bridge/local/lib/python3.10/dist-packages/cv_bridge/core.py
[2.708s] Listing '/home/dtc-mrsd/Downloads/ros2_gimbal_ws/install/cv_bridge/local/lib/python3.10/dist-packages/cv_bridge'...
[2.708s] Listing '/home/dtc-mrsd/Downloads/ros2_gimbal_ws/install/cv_bridge/local/lib/python3.10/dist-packages/cv_bridge/boost'...
[2.712s] -- Up-to-date: /home/dtc-mrsd/Downloads/ros2_gimbal_ws/install/cv_bridge/lib/libcv_bridge.so
[2.712s] -- Up-to-date: /home/dtc-mrsd/Downloads/ros2_gimbal_ws/install/cv_bridge/include/cv_bridge/cv_bridge/cv_bridge_export.h
[2.712s] -- Up-to-date: /home/dtc-mrsd/Downloads/ros2_gimbal_ws/install/cv_bridge/local/lib/python3.10/dist-packages/cv_bridge/boost/cv_bridge_boost.so
[2.713s] -- Up-to-date: /home/dtc-mrsd/Downloads/ros2_gimbal_ws/install/cv_bridge/include/cv_bridge
[2.713s] -- Up-to-date: /home/dtc-mrsd/Downloads/ros2_gimbal_ws/install/cv_bridge/include/cv_bridge/cv_bridge
[2.713s] -- Up-to-date: /home/dtc-mrsd/Downloads/ros2_gimbal_ws/install/cv_bridge/include/cv_bridge/cv_bridge/rgb_colors.h
[2.713s] -- Up-to-date: /home/dtc-mrsd/Downloads/ros2_gimbal_ws/install/cv_bridge/include/cv_bridge/cv_bridge/cv_bridge.h
[2.713s] -- Up-to-date: /home/dtc-mrsd/Downloads/ros2_gimbal_ws/install/cv_bridge/lib/libcv_bridge.so
[2.713s] -- Up-to-date: /home/dtc-mrsd/Downloads/ros2_gimbal_ws/install/cv_bridge/share/ament_index/resource_index/package_run_dependencies/cv_bridge
[2.713s] -- Up-to-date: /home/dtc-mrsd/Downloads/ros2_gimbal_ws/install/cv_bridge/share/ament_index/resource_index/parent_prefix_path/cv_bridge
[2.713s] -- Up-to-date: /home/dtc-mrsd/Downloads/ros2_gimbal_ws/install/cv_bridge/share/cv_bridge/environment/ament_prefix_path.sh
[2.713s] -- Installing: /home/dtc-mrsd/Downloads/ros2_gimbal_ws/install/cv_bridge/share/cv_bridge/environment/ament_prefix_path.dsv
[2.713s] -- Up-to-date: /home/dtc-mrsd/Downloads/ros2_gimbal_ws/install/cv_bridge/share/cv_bridge/environment/path.sh
[2.713s] -- Installing: /home/dtc-mrsd/Downloads/ros2_gimbal_ws/install/cv_bridge/share/cv_bridge/environment/path.dsv
[2.713s] -- Up-to-date: /home/dtc-mrsd/Downloads/ros2_gimbal_ws/install/cv_bridge/share/cv_bridge/local_setup.bash
[2.714s] -- Up-to-date: /home/dtc-mrsd/Downloads/ros2_gimbal_ws/install/cv_bridge/share/cv_bridge/local_setup.sh
[2.714s] -- Up-to-date: /home/dtc-mrsd/Downloads/ros2_gimbal_ws/install/cv_bridge/share/cv_bridge/local_setup.zsh
[2.714s] -- Installing: /home/dtc-mrsd/Downloads/ros2_gimbal_ws/install/cv_bridge/share/cv_bridge/local_setup.dsv
[2.714s] -- Installing: /home/dtc-mrsd/Downloads/ros2_gimbal_ws/install/cv_bridge/share/cv_bridge/package.dsv
[2.714s] -- Up-to-date: /home/dtc-mrsd/Downloads/ros2_gimbal_ws/install/cv_bridge/share/ament_index/resource_index/packages/cv_bridge
[2.714s] -- Up-to-date: /home/dtc-mrsd/Downloads/ros2_gimbal_ws/install/cv_bridge/share/cv_bridge/cmake/export_cv_bridgeExport.cmake
[2.714s] -- Up-to-date: /home/dtc-mrsd/Downloads/ros2_gimbal_ws/install/cv_bridge/share/cv_bridge/cmake/export_cv_bridgeExport-noconfig.cmake
[2.714s] -- Up-to-date: /home/dtc-mrsd/Downloads/ros2_gimbal_ws/install/cv_bridge/share/cv_bridge/cmake/cv_bridge-extras.cmake
[2.714s] -- Up-to-date: /home/dtc-mrsd/Downloads/ros2_gimbal_ws/install/cv_bridge/share/cv_bridge/cmake/ament_cmake_export_dependencies-extras.cmake
[2.714s] -- Up-to-date: /home/dtc-mrsd/Downloads/ros2_gimbal_ws/install/cv_bridge/share/cv_bridge/cmake/ament_cmake_export_targets-extras.cmake
[2.714s] -- Up-to-date: /home/dtc-mrsd/Downloads/ros2_gimbal_ws/install/cv_bridge/share/cv_bridge/cmake/cv_bridgeConfig.cmake
[2.714s] -- Up-to-date: /home/dtc-mrsd/Downloads/ros2_gimbal_ws/install/cv_bridge/share/cv_bridge/cmake/cv_bridgeConfig-version.cmake
[2.714s] -- Up-to-date: /home/dtc-mrsd/Downloads/ros2_gimbal_ws/install/cv_bridge/share/cv_bridge/package.xml
[2.716s] Invoked command in '/home/dtc-mrsd/Downloads/ros2_gimbal_ws/build/cv_bridge' returned '0': CMAKE_PREFIX_PATH=/opt/ros/humble /usr/bin/cmake --install /home/dtc-mrsd/Downloads/ros2_gimbal_ws/build/cv_bridge
